<?xml version="1.0" encoding="UTF-8"?>
<coverage generated="1769276928107" clover="3.2.0">
  <project timestamp="1769276928107" name="All files">
    <metrics statements="275" coveredstatements="219" conditionals="136" coveredconditionals="99" methods="42" coveredmethods="41" elements="453" coveredelements="359" complexity="0" loc="275" ncloc="275" packages="4" files="9" classes="9"/>
    <package name="src">
      <metrics statements="17" coveredstatements="17" conditionals="4" coveredconditionals="4" methods="10" coveredmethods="10"/>
      <file name="config.js" path="C:\Users\kirils.ivanovs\source\repos\sofija-nutrition-astro\api\src\config.js">
        <metrics statements="1" coveredstatements="1" conditionals="2" coveredconditionals="2" methods="0" coveredmethods="0"/>
        <line num="6" count="14" type="stmt"/>
      </file>
      <file name="translations.js" path="C:\Users\kirils.ivanovs\source\repos\sofija-nutrition-astro\api\src\translations.js">
        <metrics statements="16" coveredstatements="16" conditionals="2" coveredconditionals="2" methods="10" coveredmethods="10"/>
        <line num="6" count="8" type="stmt"/>
        <line num="8" count="30" type="stmt"/>
        <line num="9" count="25" type="stmt"/>
        <line num="24" count="10" type="stmt"/>
        <line num="58" count="5" type="stmt"/>
        <line num="59" count="3" type="stmt"/>
        <line num="74" count="3" type="stmt"/>
        <line num="108" count="5" type="stmt"/>
        <line num="109" count="4" type="stmt"/>
        <line num="124" count="3" type="stmt"/>
        <line num="159" count="8" type="stmt"/>
        <line num="170" count="8" type="stmt"/>
        <line num="173" count="8" type="stmt"/>
        <line num="181" count="3028" type="cond" truecount="2" falsecount="0"/>
        <line num="182" count="3028" type="stmt"/>
        <line num="185" count="8" type="stmt"/>
      </file>
    </package>
    <package name="src.functions">
      <metrics statements="83" coveredstatements="45" conditionals="37" coveredconditionals="20" methods="6" coveredmethods="5"/>
      <file name="createBooking.js" path="C:\Users\kirils.ivanovs\source\repos\sofija-nutrition-astro\api\src\functions\createBooking.js">
        <metrics statements="46" coveredstatements="14" conditionals="23" coveredconditionals="8" methods="1" coveredmethods="1"/>
        <line num="1" count="1" type="stmt"/>
        <line num="2" count="1" type="stmt"/>
        <line num="3" count="1" type="stmt"/>
        <line num="4" count="1" type="stmt"/>
        <line num="5" count="1" type="stmt"/>
        <line num="6" count="1" type="stmt"/>
        <line num="7" count="1" type="stmt"/>
        <line num="9" count="1" type="stmt"/>
        <line num="14" count="4" type="stmt"/>
        <line num="16" count="4" type="stmt"/>
        <line num="17" count="4" type="stmt"/>
        <line num="18" count="4" type="cond" truecount="2" falsecount="0"/>
        <line num="21" count="4" type="cond" truecount="6" falsecount="1"/>
        <line num="22" count="4" type="stmt"/>
        <line num="29" count="0" type="stmt"/>
        <line num="30" count="0" type="cond" truecount="0" falsecount="2"/>
        <line num="33" count="0" type="stmt"/>
        <line num="34" count="0" type="stmt"/>
        <line num="35" count="0" type="cond" truecount="0" falsecount="2"/>
        <line num="38" count="0" type="cond" truecount="0" falsecount="2"/>
        <line num="39" count="0" type="cond" truecount="0" falsecount="2"/>
        <line num="41" count="0" type="stmt"/>
        <line num="62" count="0" type="stmt"/>
        <line num="63" count="0" type="stmt"/>
        <line num="64" count="0" type="stmt"/>
        <line num="65" count="0" type="stmt"/>
        <line num="68" count="0" type="stmt"/>
        <line num="69" count="0" type="stmt"/>
        <line num="70" count="0" type="stmt"/>
        <line num="71" count="0" type="stmt"/>
        <line num="73" count="0" type="stmt"/>
        <line num="77" count="0" type="cond" truecount="0" falsecount="2"/>
        <line num="78" count="0" type="stmt"/>
        <line num="81" count="0" type="stmt"/>
        <line num="92" count="0" type="stmt"/>
        <line num="93" count="0" type="cond" truecount="0" falsecount="2"/>
        <line num="98" count="0" type="stmt"/>
        <line num="104" count="0" type="stmt"/>
        <line num="107" count="0" type="stmt"/>
        <line num="111" count="0" type="stmt"/>
        <line num="112" count="0" type="stmt"/>
        <line num="116" count="0" type="stmt"/>
        <line num="118" count="0" type="stmt"/>
        <line num="121" count="0" type="stmt"/>
        <line num="131" count="0" type="stmt"/>
        <line num="132" count="0" type="stmt"/>
      </file>
      <file name="getAvailability.js" path="C:\Users\kirils.ivanovs\source\repos\sofija-nutrition-astro\api\src\functions\getAvailability.js">
        <metrics statements="34" coveredstatements="28" conditionals="14" coveredconditionals="12" methods="4" coveredmethods="3"/>
        <line num="1" count="1" type="stmt"/>
        <line num="5" count="1" type="stmt"/>
        <line num="10" count="1" type="stmt"/>
        <line num="41" count="1" type="stmt"/>
        <line num="43" count="1" type="stmt"/>
        <line num="48" count="4" type="stmt"/>
        <line num="49" count="4" type="stmt"/>
        <line num="51" count="4" type="cond" truecount="2" falsecount="0"/>
        <line num="53" count="1" type="stmt"/>
        <line num="54" count="1" type="stmt"/>
        <line num="55" count="1" type="stmt"/>
        <line num="56" count="1" type="stmt"/>
        <line num="57" count="1" type="stmt"/>
        <line num="60" count="1" type="stmt"/>
        <line num="61" count="31" type="stmt"/>
        <line num="62" count="31" type="stmt"/>
        <line num="65" count="31" type="cond" truecount="4" falsecount="0"/>
        <line num="66" count="10" type="stmt"/>
        <line num="69" count="21" type="stmt"/>
        <line num="70" count="21" type="cond" truecount="2" falsecount="0"/>
        <line num="71" count="147" type="stmt"/>
        <line num="74" count="21" type="cond" truecount="1" falsecount="1"/>
        <line num="75" count="0" type="stmt"/>
        <line num="76" count="0" type="stmt"/>
        <line num="77" count="0" type="stmt"/>
        <line num="78" count="0" type="stmt"/>
        <line num="83" count="21" type="cond" truecount="1" falsecount="1"/>
        <line num="84" count="21" type="stmt"/>
        <line num="89" count="1" type="stmt"/>
        <line num="100" count="3" type="cond" truecount="2" falsecount="0"/>
        <line num="101" count="21" type="stmt"/>
        <line num="103" count="3" type="stmt"/>
        <line num="114" count="0" type="stmt"/>
        <line num="115" count="0" type="stmt"/>
      </file>
      <file name="health.js" path="C:\Users\kirils.ivanovs\source\repos\sofija-nutrition-astro\api\src\functions\health.js">
        <metrics statements="3" coveredstatements="3" conditionals="0" coveredconditionals="0" methods="1" coveredmethods="1"/>
        <line num="1" count="1" type="stmt"/>
        <line num="3" count="1" type="stmt"/>
        <line num="8" count="2" type="stmt"/>
      </file>
    </package>
    <package name="src.services">
      <metrics statements="151" coveredstatements="133" conditionals="44" coveredconditionals="31" methods="16" coveredmethods="16"/>
      <file name="bookingRepository.js" path="C:\Users\kirils.ivanovs\source\repos\sofija-nutrition-astro\api\src\services\bookingRepository.js">
        <metrics statements="32" coveredstatements="20" conditionals="16" coveredconditionals="9" methods="8" coveredmethods="8"/>
        <line num="6" count="19" type="stmt"/>
        <line num="8" count="19" type="stmt"/>
        <line num="9" count="19" type="stmt"/>
        <line num="10" count="19" type="stmt"/>
        <line num="16" count="13" type="cond" truecount="3" falsecount="1"/>
        <line num="17" count="0" type="stmt"/>
        <line num="18" count="0" type="stmt"/>
        <line num="19" count="0" type="stmt"/>
        <line num="22" count="0" type="cond" truecount="0" falsecount="2"/>
        <line num="23" count="0" type="stmt"/>
        <line num="27" count="13" type="stmt"/>
        <line num="36" count="7" type="stmt"/>
        <line num="38" count="7" type="cond" truecount="1" falsecount="1"/>
        <line num="39" count="0" type="stmt"/>
        <line num="45" count="0" type="stmt"/>
        <line num="46" count="0" type="stmt"/>
        <line num="48" count="7" type="stmt"/>
        <line num="52" count="7" type="stmt"/>
        <line num="62" count="6" type="stmt"/>
        <line num="64" count="6" type="cond" truecount="1" falsecount="1"/>
        <line num="65" count="0" type="stmt"/>
        <line num="68" count="0" type="stmt"/>
        <line num="69" count="0" type="stmt"/>
        <line num="71" count="0" type="stmt"/>
        <line num="73" count="6" type="cond" truecount="2" falsecount="0"/>
        <line num="83" count="2" type="stmt"/>
        <line num="91" count="1009" type="stmt"/>
        <line num="101" count="14" type="stmt"/>
        <line num="112" count="15" type="stmt"/>
        <line num="113" count="15" type="stmt"/>
        <line num="121" count="2" type="stmt"/>
        <line num="124" count="19" type="stmt"/>
      </file>
      <file name="emailService.js" path="C:\Users\kirils.ivanovs\source\repos\sofija-nutrition-astro\api\src\services\emailService.js">
        <metrics statements="21" coveredstatements="18" conditionals="10" coveredconditionals="6" methods="6" coveredmethods="6"/>
        <line num="6" count="9" type="stmt"/>
        <line num="7" count="9" type="stmt"/>
        <line num="9" count="9" type="stmt"/>
        <line num="16" count="4" type="stmt"/>
        <line num="17" count="4" type="cond" truecount="3" falsecount="1"/>
        <line num="18" count="4" type="stmt"/>
        <line num="20" count="4" type="stmt"/>
        <line num="33" count="4" type="stmt"/>
        <line num="35" count="4" type="cond" truecount="1" falsecount="1"/>
        <line num="36" count="0" type="stmt"/>
        <line num="39" count="4" type="stmt"/>
        <line num="40" count="4" type="stmt"/>
        <line num="48" count="4" type="stmt"/>
        <line num="50" count="0" type="stmt"/>
        <line num="51" count="0" type="stmt"/>
        <line num="64" count="2" type="stmt"/>
        <line num="79" count="1" type="cond" truecount="1" falsecount="1"/>
        <line num="80" count="1" type="stmt"/>
        <line num="95" count="1" type="stmt"/>
        <line num="107" count="3" type="stmt"/>
        <line num="110" count="9" type="stmt"/>
      </file>
      <file name="pdfService.js" path="C:\Users\kirils.ivanovs\source\repos\sofija-nutrition-astro\api\src\services\pdfService.js">
        <metrics statements="98" coveredstatements="95" conditionals="18" coveredconditionals="16" methods="2" coveredmethods="2"/>
        <line num="6" count="2" type="stmt"/>
        <line num="7" count="2" type="stmt"/>
        <line num="8" count="2" type="stmt"/>
        <line num="9" count="2" type="stmt"/>
        <line num="10" count="2" type="stmt"/>
        <line num="13" count="2" type="stmt"/>
        <line num="14" count="2" type="stmt"/>
        <line num="15" count="2" type="stmt"/>
        <line num="21" count="10" type="cond" truecount="2" falsecount="0"/>
        <line num="22" count="1" type="stmt"/>
        <line num="23" count="1" type="stmt"/>
        <line num="24" count="1" type="stmt"/>
        <line num="25" count="1" type="stmt"/>
        <line num="27" count="1" type="cond" truecount="1" falsecount="1"/>
        <line num="28" count="0" type="stmt"/>
        <line num="30" count="1" type="cond" truecount="1" falsecount="1"/>
        <line num="31" count="0" type="stmt"/>
        <line num="34" count="1" type="stmt"/>
        <line num="35" count="1" type="stmt"/>
        <line num="36" count="1" type="stmt"/>
        <line num="38" count="0" type="stmt"/>
        <line num="41" count="10" type="stmt"/>
        <line num="61" count="10" type="stmt"/>
        <line num="62" count="10" type="stmt"/>
        <line num="64" count="10" type="stmt"/>
        <line num="65" count="10" type="stmt"/>
        <line num="66" count="10" type="stmt"/>
        <line num="68" count="10" type="stmt"/>
        <line num="69" count="10" type="stmt"/>
        <line num="72" count="10" type="stmt"/>
        <line num="73" count="10" type="stmt"/>
        <line num="74" count="10" type="stmt"/>
        <line num="75" count="10" type="stmt"/>
        <line num="76" count="10" type="stmt"/>
        <line num="77" count="10" type="stmt"/>
        <line num="78" count="10" type="stmt"/>
        <line num="79" count="10" type="stmt"/>
        <line num="82" count="10" type="stmt"/>
        <line num="83" count="10" type="stmt"/>
        <line num="84" count="10" type="stmt"/>
        <line num="85" count="10" type="stmt"/>
        <line num="87" count="10" type="stmt"/>
        <line num="90" count="10" type="stmt"/>
        <line num="91" count="10" type="stmt"/>
        <line num="94" count="10" type="stmt"/>
        <line num="95" count="10" type="stmt"/>
        <line num="96" count="10" type="stmt"/>
        <line num="97" count="10" type="stmt"/>
        <line num="100" count="10" type="stmt"/>
        <line num="101" count="10" type="stmt"/>
        <line num="102" count="10" type="stmt"/>
        <line num="103" count="10" type="stmt"/>
        <line num="104" count="10" type="stmt"/>
        <line num="105" count="10" type="stmt"/>
        <line num="106" count="10" type="cond" truecount="2" falsecount="0"/>
        <line num="107" count="10" type="stmt"/>
        <line num="110" count="10" type="stmt"/>
        <line num="111" count="10" type="stmt"/>
        <line num="112" count="10" type="stmt"/>
        <line num="113" count="10" type="stmt"/>
        <line num="114" count="10" type="stmt"/>
        <line num="115" count="10" type="stmt"/>
        <line num="116" count="10" type="stmt"/>
        <line num="117" count="10" type="stmt"/>
        <line num="118" count="10" type="stmt"/>
        <line num="119" count="10" type="stmt"/>
        <line num="122" count="10" type="stmt"/>
        <line num="123" count="10" type="stmt"/>
        <line num="124" count="10" type="stmt"/>
        <line num="125" count="10" type="stmt"/>
        <line num="128" count="10" type="stmt"/>
        <line num="129" count="10" type="cond" truecount="2" falsecount="0"/>
        <line num="130" count="10" type="stmt"/>
        <line num="133" count="10" type="stmt"/>
        <line num="134" count="10" type="stmt"/>
        <line num="137" count="10" type="stmt"/>
        <line num="138" count="10" type="stmt"/>
        <line num="139" count="10" type="cond" truecount="2" falsecount="0"/>
        <line num="140" count="10" type="stmt"/>
        <line num="143" count="10" type="cond" truecount="2" falsecount="0"/>
        <line num="144" count="9" type="stmt"/>
        <line num="145" count="9" type="stmt"/>
        <line num="146" count="9" type="stmt"/>
        <line num="147" count="9" type="stmt"/>
        <line num="148" count="9" type="stmt"/>
        <line num="149" count="9" type="stmt"/>
        <line num="150" count="9" type="stmt"/>
        <line num="151" count="9" type="stmt"/>
        <line num="155" count="10" type="cond" truecount="2" falsecount="0"/>
        <line num="156" count="2" type="stmt"/>
        <line num="157" count="2" type="stmt"/>
        <line num="158" count="2" type="cond" truecount="2" falsecount="0"/>
        <line num="159" count="2" type="stmt"/>
        <line num="163" count="10" type="stmt"/>
        <line num="164" count="10" type="stmt"/>
        <line num="165" count="10" type="stmt"/>
        <line num="167" count="10" type="stmt"/>
        <line num="170" count="2" type="stmt"/>
      </file>
    </package>
    <package name="src.templates">
      <metrics statements="24" coveredstatements="24" conditionals="51" coveredconditionals="44" methods="10" coveredmethods="10"/>
      <file name="emailTemplates.js" path="C:\Users\kirils.ivanovs\source\repos\sofija-nutrition-astro\api\src\templates\emailTemplates.js">
        <metrics statements="24" coveredstatements="24" conditionals="51" coveredconditionals="44" methods="10" coveredmethods="10"/>
        <line num="6" count="4" type="stmt"/>
        <line num="8" count="4" type="stmt"/>
        <line num="14" count="43" type="stmt"/>
        <line num="46" count="24" type="cond" truecount="1" falsecount="1"/>
        <line num="50" count="24" type="stmt"/>
        <line num="64" count="35" type="stmt"/>
        <line num="77" count="144" type="cond" truecount="1" falsecount="0"/>
        <line num="88" count="24" type="stmt"/>
        <line num="102" count="24" type="stmt"/>
        <line num="134" count="24" type="stmt"/>
        <line num="141" count="8" type="cond" truecount="2" falsecount="0"/>
        <line num="142" count="8" type="cond" truecount="2" falsecount="0"/>
        <line num="143" count="8" type="cond" truecount="2" falsecount="0"/>
        <line num="145" count="8" type="stmt"/>
        <line num="201" count="8" type="stmt"/>
        <line num="205" count="80" type="stmt"/>
        <line num="218" count="11" type="cond" truecount="1" falsecount="1"/>
        <line num="219" count="11" type="cond" truecount="1" falsecount="1"/>
        <line num="221" count="11" type="stmt"/>
        <line num="267" count="11" type="stmt"/>
        <line num="274" count="11" type="stmt"/>
        <line num="279" count="11" type="cond" truecount="1" falsecount="1"/>
        <line num="281" count="11" type="stmt"/>
        <line num="305" count="4" type="stmt"/>
      </file>
    </package>
  </project>
</coverage>
