{"C:\\Users\\kirils.ivanovs\\source\\repos\\sofija-nutrition-astro\\api\\src\\config.js": {"path":"C:\\Users\\kirils.ivanovs\\source\\repos\\sofija-nutrition-astro\\api\\src\\config.js","statementMap":{"0":{"start":{"line":6,"column":0},"end":{"line":45,"column":2}}},"fnMap":{},"branchMap":{"0":{"loc":{"start":{"line":8,"column":18},"end":{"line":8,"column":94}},"type":"binary-expr","locations":[{"start":{"line":8,"column":18},"end":{"line":8,"column":42}},{"start":{"line":8,"column":46},"end":{"line":8,"column":94}}],"line":8}},"s":{"0":14},"f":{},"b":{"0":[14,14]},"_coverageSchema":"1a1c01bbd47fc00a2c39e90264f33305004495a9","hash":"c906aab137780ddb5d406dc253d0a829644a7e4d"}
,"C:\\Users\\kirils.ivanovs\\source\\repos\\sofija-nutrition-astro\\api\\src\\translations.js": {"path":"C:\\Users\\kirils.ivanovs\\source\\repos\\sofija-nutrition-astro\\api\\src\\translations.js","statementMap":{"0":{"start":{"line":6,"column":21},"end":{"line":157,"column":1}},"1":{"start":{"line":8,"column":30},"end":{"line":8,"column":67}},"2":{"start":{"line":9,"column":33},"end":{"line":9,"column":52}},"3":{"start":{"line":24,"column":41},"end":{"line":24,"column":73}},"4":{"start":{"line":58,"column":30},"end":{"line":58,"column":60}},"5":{"start":{"line":59,"column":33},"end":{"line":59,"column":50}},"6":{"start":{"line":74,"column":41},"end":{"line":74,"column":68}},"7":{"start":{"line":108,"column":30},"end":{"line":108,"column":66}},"8":{"start":{"line":109,"column":33},"end":{"line":109,"column":57}},"9":{"start":{"line":124,"column":41},"end":{"line":124,"column":70}},"10":{"start":{"line":159,"column":22},"end":{"line":167,"column":1}},"11":{"start":{"line":170,"column":26},"end":{"line":170,"column":136}},"12":{"start":{"line":173,"column":24},"end":{"line":173,"column":189}},"13":{"start":{"line":181,"column":21},"end":{"line":181,"column":68}},"14":{"start":{"line":182,"column":4},"end":{"line":182,"column":34}},"15":{"start":{"line":185,"column":0},"end":{"line":191,"column":2}}},"fnMap":{"0":{"name":"(anonymous_0)","decl":{"start":{"line":8,"column":22},"end":{"line":8,"column":23}},"loc":{"start":{"line":8,"column":30},"end":{"line":8,"column":67}},"line":8},"1":{"name":"(anonymous_1)","decl":{"start":{"line":9,"column":23},"end":{"line":9,"column":24}},"loc":{"start":{"line":9,"column":33},"end":{"line":9,"column":52}},"line":9},"2":{"name":"(anonymous_2)","decl":{"start":{"line":24,"column":33},"end":{"line":24,"column":34}},"loc":{"start":{"line":24,"column":41},"end":{"line":24,"column":73}},"line":24},"3":{"name":"(anonymous_3)","decl":{"start":{"line":58,"column":22},"end":{"line":58,"column":23}},"loc":{"start":{"line":58,"column":30},"end":{"line":58,"column":60}},"line":58},"4":{"name":"(anonymous_4)","decl":{"start":{"line":59,"column":23},"end":{"line":59,"column":24}},"loc":{"start":{"line":59,"column":33},"end":{"line":59,"column":50}},"line":59},"5":{"name":"(anonymous_5)","decl":{"start":{"line":74,"column":33},"end":{"line":74,"column":34}},"loc":{"start":{"line":74,"column":41},"end":{"line":74,"column":68}},"line":74},"6":{"name":"(anonymous_6)","decl":{"start":{"line":108,"column":22},"end":{"line":108,"column":23}},"loc":{"start":{"line":108,"column":30},"end":{"line":108,"column":66}},"line":108},"7":{"name":"(anonymous_7)","decl":{"start":{"line":109,"column":23},"end":{"line":109,"column":24}},"loc":{"start":{"line":109,"column":33},"end":{"line":109,"column":57}},"line":109},"8":{"name":"(anonymous_8)","decl":{"start":{"line":124,"column":33},"end":{"line":124,"column":34}},"loc":{"start":{"line":124,"column":41},"end":{"line":124,"column":70}},"line":124},"9":{"name":"getTranslation","decl":{"start":{"line":180,"column":9},"end":{"line":180,"column":23}},"loc":{"start":{"line":180,"column":30},"end":{"line":183,"column":1}},"line":180}},"branchMap":{"0":{"loc":{"start":{"line":181,"column":21},"end":{"line":181,"column":68}},"type":"cond-expr","locations":[{"start":{"line":181,"column":57},"end":{"line":181,"column":61}},{"start":{"line":181,"column":64},"end":{"line":181,"column":68}}],"line":181}},"s":{"0":8,"1":30,"2":25,"3":10,"4":5,"5":3,"6":3,"7":5,"8":4,"9":3,"10":8,"11":8,"12":8,"13":3028,"14":3028,"15":8},"f":{"0":30,"1":25,"2":10,"3":5,"4":3,"5":3,"6":5,"7":4,"8":3,"9":3028},"b":{"0":[3027,1]},"_coverageSchema":"1a1c01bbd47fc00a2c39e90264f33305004495a9","hash":"6376b910e15ea00a3e3a19a990dab48b0f5ae41c"}
,"C:\\Users\\kirils.ivanovs\\source\\repos\\sofija-nutrition-astro\\api\\src\\functions\\createBooking.js": {"path":"C:\\Users\\kirils.ivanovs\\source\\repos\\sofija-nutrition-astro\\api\\src\\functions\\createBooking.js","statementMap":{"0":{"start":{"line":1,"column":16},"end":{"line":1,"column":43}},"1":{"start":{"line":2,"column":15},"end":{"line":2,"column":35}},"2":{"start":{"line":3,"column":21},"end":{"line":3,"column":47}},"3":{"start":{"line":4,"column":65},"end":{"line":4,"column":105}},"4":{"start":{"line":5,"column":72},"end":{"line":5,"column":107}},"5":{"start":{"line":6,"column":31},"end":{"line":6,"column":64}},"6":{"start":{"line":7,"column":60},"end":{"line":7,"column":98}},"7":{"start":{"line":9,"column":0},"end":{"line":138,"column":3}},"8":{"start":{"line":14,"column":8},"end":{"line":14,"column":50}},"9":{"start":{"line":16,"column":8},"end":{"line":136,"column":9}},"10":{"start":{"line":17,"column":25},"end":{"line":17,"column":45}},"11":{"start":{"line":18,"column":112},"end":{"line":18,"column":116}},"12":{"start":{"line":21,"column":12},"end":{"line":26,"column":13}},"13":{"start":{"line":22,"column":16},"end":{"line":25,"column":18}},"14":{"start":{"line":29,"column":22},"end":{"line":29,"column":59}},"15":{"start":{"line":30,"column":29},"end":{"line":30,"column":84}},"16":{"start":{"line":33,"column":30},"end":{"line":33,"column":49}},"17":{"start":{"line":34,"column":33},"end":{"line":34,"column":64}},"18":{"start":{"line":35,"column":26},"end":{"line":35,"column":61}},"19":{"start":{"line":38,"column":32},"end":{"line":38,"column":62}},"20":{"start":{"line":39,"column":32},"end":{"line":39,"column":99}},"21":{"start":{"line":41,"column":32},"end":{"line":59,"column":13}},"22":{"start":{"line":62,"column":32},"end":{"line":62,"column":50}},"23":{"start":{"line":63,"column":12},"end":{"line":63,"column":33}},"24":{"start":{"line":64,"column":12},"end":{"line":64,"column":43}},"25":{"start":{"line":65,"column":12},"end":{"line":65,"column":54}},"26":{"start":{"line":68,"column":28},"end":{"line":68,"column":32}},"27":{"start":{"line":69,"column":12},"end":{"line":74,"column":13}},"28":{"start":{"line":70,"column":16},"end":{"line":70,"column":66}},"29":{"start":{"line":71,"column":16},"end":{"line":71,"column":53}},"30":{"start":{"line":73,"column":16},"end":{"line":73,"column":73}},"31":{"start":{"line":77,"column":12},"end":{"line":119,"column":13}},"32":{"start":{"line":78,"column":42},"end":{"line":78,"column":108}},"33":{"start":{"line":81,"column":36},"end":{"line":89,"column":17}},"34":{"start":{"line":92,"column":40},"end":{"line":92,"column":79}},"35":{"start":{"line":93,"column":36},"end":{"line":96,"column":23}},"36":{"start":{"line":98,"column":16},"end":{"line":103,"column":18}},"37":{"start":{"line":104,"column":16},"end":{"line":104,"column":62}},"38":{"start":{"line":107,"column":37},"end":{"line":110,"column":17}},"39":{"start":{"line":111,"column":39},"end":{"line":111,"column":94}},"40":{"start":{"line":112,"column":16},"end":{"line":115,"column":18}},"41":{"start":{"line":116,"column":16},"end":{"line":116,"column":61}},"42":{"start":{"line":118,"column":16},"end":{"line":118,"column":79}},"43":{"start":{"line":121,"column":12},"end":{"line":128,"column":14}},"44":{"start":{"line":131,"column":12},"end":{"line":131,"column":51}},"45":{"start":{"line":132,"column":12},"end":{"line":135,"column":14}}},"fnMap":{"0":{"name":"(anonymous_0)","decl":{"start":{"line":13,"column":13},"end":{"line":13,"column":14}},"loc":{"start":{"line":13,"column":41},"end":{"line":137,"column":5}},"line":13}},"branchMap":{"0":{"loc":{"start":{"line":18,"column":61},"end":{"line":18,"column":76}},"type":"default-arg","locations":[{"start":{"line":18,"column":72},"end":{"line":18,"column":76}}],"line":18},"1":{"loc":{"start":{"line":18,"column":78},"end":{"line":18,"column":107}},"type":"default-arg","locations":[{"start":{"line":18,"column":99},"end":{"line":18,"column":107}}],"line":18},"2":{"loc":{"start":{"line":21,"column":12},"end":{"line":26,"column":13}},"type":"if","locations":[{"start":{"line":21,"column":12},"end":{"line":26,"column":13}},{"start":{},"end":{}}],"line":21},"3":{"loc":{"start":{"line":21,"column":16},"end":{"line":21,"column":61}},"type":"binary-expr","locations":[{"start":{"line":21,"column":16},"end":{"line":21,"column":21}},{"start":{"line":21,"column":25},"end":{"line":21,"column":31}},{"start":{"line":21,"column":35},"end":{"line":21,"column":40}},{"start":{"line":21,"column":44},"end":{"line":21,"column":49}},{"start":{"line":21,"column":53},"end":{"line":21,"column":61}}],"line":21},"4":{"loc":{"start":{"line":30,"column":29},"end":{"line":30,"column":84}},"type":"cond-expr","locations":[{"start":{"line":30,"column":69},"end":{"line":30,"column":77}},{"start":{"line":30,"column":80},"end":{"line":30,"column":84}}],"line":30},"5":{"loc":{"start":{"line":35,"column":26},"end":{"line":35,"column":61}},"type":"binary-expr","locations":[{"start":{"line":35,"column":26},"end":{"line":35,"column":55}},{"start":{"line":35,"column":59},"end":{"line":35,"column":61}}],"line":35},"6":{"loc":{"start":{"line":38,"column":32},"end":{"line":38,"column":62}},"type":"binary-expr","locations":[{"start":{"line":38,"column":32},"end":{"line":38,"column":51}},{"start":{"line":38,"column":55},"end":{"line":38,"column":62}}],"line":38},"7":{"loc":{"start":{"line":39,"column":32},"end":{"line":39,"column":99}},"type":"cond-expr","locations":[{"start":{"line":39,"column":66},"end":{"line":39,"column":80}},{"start":{"line":39,"column":83},"end":{"line":39,"column":99}}],"line":39},"8":{"loc":{"start":{"line":46,"column":23},"end":{"line":46,"column":34}},"type":"binary-expr","locations":[{"start":{"line":46,"column":23},"end":{"line":46,"column":28}},{"start":{"line":46,"column":32},"end":{"line":46,"column":34}}],"line":46},"9":{"loc":{"start":{"line":77,"column":12},"end":{"line":119,"column":13}},"type":"if","locations":[{"start":{"line":77,"column":12},"end":{"line":119,"column":13}},{"start":{"line":117,"column":19},"end":{"line":119,"column":13}}],"line":77},"10":{"loc":{"start":{"line":93,"column":36},"end":{"line":96,"column":23}},"type":"cond-expr","locations":[{"start":{"line":93,"column":48},"end":{"line":96,"column":18}},{"start":{"line":96,"column":21},"end":{"line":96,"column":23}}],"line":93}},"s":{"0":1,"1":1,"2":1,"3":1,"4":1,"5":1,"6":1,"7":1,"8":4,"9":4,"10":4,"11":4,"12":4,"13":4,"14":0,"15":0,"16":0,"17":0,"18":0,"19":0,"20":0,"21":0,"22":0,"23":0,"24":0,"25":0,"26":0,"27":0,"28":0,"29":0,"30":0,"31":0,"32":0,"33":0,"34":0,"35":0,"36":0,"37":0,"38":0,"39":0,"40":0,"41":0,"42":0,"43":0,"44":0,"45":0},"f":{"0":4},"b":{"0":[4],"1":[4],"2":[4,0],"3":[4,3,2,1,1],"4":[0,0],"5":[0,0],"6":[0,0],"7":[0,0],"8":[0,0],"9":[0,0],"10":[0,0]},"_coverageSchema":"1a1c01bbd47fc00a2c39e90264f33305004495a9","hash":"06962021c37f10bf98178e3a2114cf90d2065b61"}
,"C:\\Users\\kirils.ivanovs\\source\\repos\\sofija-nutrition-astro\\api\\src\\functions\\getAvailability.js": {"path":"C:\\Users\\kirils.ivanovs\\source\\repos\\sofija-nutrition-astro\\api\\src\\functions\\getAvailability.js","statementMap":{"0":{"start":{"line":1,"column":16},"end":{"line":1,"column":43}},"1":{"start":{"line":5,"column":21},"end":{"line":7,"column":1}},"2":{"start":{"line":10,"column":21},"end":{"line":38,"column":1}},"3":{"start":{"line":41,"column":20},"end":{"line":41,"column":22}},"4":{"start":{"line":43,"column":0},"end":{"line":121,"column":3}},"5":{"start":{"line":48,"column":8},"end":{"line":119,"column":9}},"6":{"start":{"line":49,"column":25},"end":{"line":49,"column":44}},"7":{"start":{"line":51,"column":12},"end":{"line":97,"column":13}},"8":{"start":{"line":53,"column":30},"end":{"line":53,"column":32}},"9":{"start":{"line":54,"column":30},"end":{"line":54,"column":40}},"10":{"start":{"line":55,"column":33},"end":{"line":55,"column":66}},"11":{"start":{"line":56,"column":36},"end":{"line":56,"column":52}},"12":{"start":{"line":57,"column":38},"end":{"line":57,"column":56}},"13":{"start":{"line":60,"column":16},"end":{"line":86,"column":17}},"14":{"start":{"line":60,"column":29},"end":{"line":60,"column":30}},"15":{"start":{"line":61,"column":38},"end":{"line":61,"column":53}},"16":{"start":{"line":62,"column":20},"end":{"line":62,"column":59}},"17":{"start":{"line":65,"column":20},"end":{"line":67,"column":21}},"18":{"start":{"line":66,"column":24},"end":{"line":66,"column":33}},"19":{"start":{"line":69,"column":36},"end":{"line":69,"column":73}},"20":{"start":{"line":70,"column":35},"end":{"line":70,"column":61}},"21":{"start":{"line":71,"column":41},"end":{"line":71,"column":92}},"22":{"start":{"line":71,"column":69},"end":{"line":71,"column":91}},"23":{"start":{"line":74,"column":20},"end":{"line":80,"column":21}},"24":{"start":{"line":75,"column":52},"end":{"line":75,"column":89}},"25":{"start":{"line":76,"column":24},"end":{"line":79,"column":27}},"26":{"start":{"line":77,"column":59},"end":{"line":77,"column":86}},"27":{"start":{"line":78,"column":28},"end":{"line":78,"column":86}},"28":{"start":{"line":83,"column":20},"end":{"line":85,"column":21}},"29":{"start":{"line":84,"column":24},"end":{"line":84,"column":56}},"30":{"start":{"line":89,"column":16},"end":{"line":96,"column":18}},"31":{"start":{"line":100,"column":27},"end":{"line":100,"column":50}},"32":{"start":{"line":101,"column":30},"end":{"line":101,"column":81}},"33":{"start":{"line":101,"column":58},"end":{"line":101,"column":80}},"34":{"start":{"line":103,"column":12},"end":{"line":111,"column":14}},"35":{"start":{"line":114,"column":12},"end":{"line":114,"column":64}},"36":{"start":{"line":115,"column":12},"end":{"line":118,"column":14}}},"fnMap":{"0":{"name":"(anonymous_0)","decl":{"start":{"line":47,"column":13},"end":{"line":47,"column":14}},"loc":{"start":{"line":47,"column":41},"end":{"line":120,"column":5}},"line":47},"1":{"name":"(anonymous_1)","decl":{"start":{"line":71,"column":61},"end":{"line":71,"column":62}},"loc":{"start":{"line":71,"column":69},"end":{"line":71,"column":91}},"line":71},"2":{"name":"(anonymous_2)","decl":{"start":{"line":76,"column":63},"end":{"line":76,"column":64}},"loc":{"start":{"line":76,"column":71},"end":{"line":79,"column":25}},"line":76},"3":{"name":"(anonymous_3)","decl":{"start":{"line":101,"column":50},"end":{"line":101,"column":51}},"loc":{"start":{"line":101,"column":58},"end":{"line":101,"column":80}},"line":101}},"branchMap":{"0":{"loc":{"start":{"line":51,"column":12},"end":{"line":97,"column":13}},"type":"if","locations":[{"start":{"line":51,"column":12},"end":{"line":97,"column":13}},{"start":{},"end":{}}],"line":51},"1":{"loc":{"start":{"line":65,"column":20},"end":{"line":67,"column":21}},"type":"if","locations":[{"start":{"line":65,"column":20},"end":{"line":67,"column":21}},{"start":{},"end":{}}],"line":65},"2":{"loc":{"start":{"line":65,"column":24},"end":{"line":65,"column":76}},"type":"binary-expr","locations":[{"start":{"line":65,"column":24},"end":{"line":65,"column":48}},{"start":{"line":65,"column":52},"end":{"line":65,"column":76}}],"line":65},"3":{"loc":{"start":{"line":70,"column":35},"end":{"line":70,"column":61}},"type":"binary-expr","locations":[{"start":{"line":70,"column":35},"end":{"line":70,"column":55}},{"start":{"line":70,"column":59},"end":{"line":70,"column":61}}],"line":70},"4":{"loc":{"start":{"line":74,"column":20},"end":{"line":80,"column":21}},"type":"if","locations":[{"start":{"line":74,"column":20},"end":{"line":80,"column":21}},{"start":{},"end":{}}],"line":74},"5":{"loc":{"start":{"line":83,"column":20},"end":{"line":85,"column":21}},"type":"if","locations":[{"start":{"line":83,"column":20},"end":{"line":85,"column":21}},{"start":{},"end":{}}],"line":83},"6":{"loc":{"start":{"line":100,"column":27},"end":{"line":100,"column":50}},"type":"binary-expr","locations":[{"start":{"line":100,"column":27},"end":{"line":100,"column":44}},{"start":{"line":100,"column":48},"end":{"line":100,"column":50}}],"line":100}},"s":{"0":1,"1":1,"2":1,"3":1,"4":1,"5":4,"6":4,"7":4,"8":1,"9":1,"10":1,"11":1,"12":1,"13":1,"14":1,"15":31,"16":31,"17":31,"18":10,"19":21,"20":21,"21":21,"22":147,"23":21,"24":0,"25":0,"26":0,"27":0,"28":21,"29":21,"30":1,"31":3,"32":3,"33":21,"34":3,"35":0,"36":0},"f":{"0":4,"1":147,"2":0,"3":21},"b":{"0":[1,3],"1":[10,21],"2":[31,26],"3":[21,21],"4":[0,21],"5":[21,0],"6":[3,3]},"_coverageSchema":"1a1c01bbd47fc00a2c39e90264f33305004495a9","hash":"1bff87d946c0a1669b059f7f9772b7d750969c2f"}
,"C:\\Users\\kirils.ivanovs\\source\\repos\\sofija-nutrition-astro\\api\\src\\functions\\health.js": {"path":"C:\\Users\\kirils.ivanovs\\source\\repos\\sofija-nutrition-astro\\api\\src\\functions\\health.js","statementMap":{"0":{"start":{"line":1,"column":16},"end":{"line":1,"column":43}},"1":{"start":{"line":3,"column":0},"end":{"line":13,"column":3}},"2":{"start":{"line":8,"column":8},"end":{"line":11,"column":10}}},"fnMap":{"0":{"name":"(anonymous_0)","decl":{"start":{"line":7,"column":13},"end":{"line":7,"column":14}},"loc":{"start":{"line":7,"column":41},"end":{"line":12,"column":5}},"line":7}},"branchMap":{},"s":{"0":1,"1":1,"2":2},"f":{"0":2},"b":{},"_coverageSchema":"1a1c01bbd47fc00a2c39e90264f33305004495a9","hash":"cc7f4a5f07a443fa045af7c9ce6108fc81d2c0bf"}
,"C:\\Users\\kirils.ivanovs\\source\\repos\\sofija-nutrition-astro\\api\\src\\services\\bookingRepository.js": {"path":"C:\\Users\\kirils.ivanovs\\source\\repos\\sofija-nutrition-astro\\api\\src\\services\\bookingRepository.js","statementMap":{"0":{"start":{"line":6,"column":24},"end":{"line":6,"column":53}},"1":{"start":{"line":8,"column":25},"end":{"line":8,"column":68}},"2":{"start":{"line":9,"column":18},"end":{"line":9,"column":22}},"3":{"start":{"line":10,"column":25},"end":{"line":10,"column":34}},"4":{"start":{"line":16,"column":4},"end":{"line":26,"column":5}},"5":{"start":{"line":17,"column":8},"end":{"line":17,"column":85}},"6":{"start":{"line":18,"column":8},"end":{"line":25,"column":9}},"7":{"start":{"line":19,"column":12},"end":{"line":19,"column":44}},"8":{"start":{"line":22,"column":12},"end":{"line":24,"column":13}},"9":{"start":{"line":23,"column":16},"end":{"line":23,"column":70}},"10":{"start":{"line":27,"column":4},"end":{"line":27,"column":23}},"11":{"start":{"line":36,"column":19},"end":{"line":36,"column":41}},"12":{"start":{"line":38,"column":4},"end":{"line":53,"column":5}},"13":{"start":{"line":39,"column":23},"end":{"line":44,"column":9}},"14":{"start":{"line":45,"column":8},"end":{"line":45,"column":42}},"15":{"start":{"line":46,"column":8},"end":{"line":46,"column":20}},"16":{"start":{"line":48,"column":8},"end":{"line":51,"column":11}},"17":{"start":{"line":52,"column":8},"end":{"line":52,"column":21}},"18":{"start":{"line":62,"column":19},"end":{"line":62,"column":41}},"19":{"start":{"line":64,"column":4},"end":{"line":74,"column":5}},"20":{"start":{"line":65,"column":25},"end":{"line":67,"column":10}},"21":{"start":{"line":68,"column":8},"end":{"line":70,"column":9}},"22":{"start":{"line":69,"column":12},"end":{"line":69,"column":26}},"23":{"start":{"line":71,"column":8},"end":{"line":71,"column":20}},"24":{"start":{"line":73,"column":8},"end":{"line":73,"column":55}},"25":{"start":{"line":83,"column":4},"end":{"line":83,"column":32}},"26":{"start":{"line":91,"column":4},"end":{"line":91,"column":57}},"27":{"start":{"line":101,"column":4},"end":{"line":101,"column":67}},"28":{"start":{"line":112,"column":21},"end":{"line":112,"column":76}},"29":{"start":{"line":113,"column":4},"end":{"line":113,"column":30}},"30":{"start":{"line":121,"column":4},"end":{"line":121,"column":30}},"31":{"start":{"line":124,"column":0},"end":{"line":132,"column":2}}},"fnMap":{"0":{"name":"getTableClient","decl":{"start":{"line":15,"column":15},"end":{"line":15,"column":29}},"loc":{"start":{"line":15,"column":32},"end":{"line":28,"column":1}},"line":15},"1":{"name":"saveBooking","decl":{"start":{"line":35,"column":15},"end":{"line":35,"column":26}},"loc":{"start":{"line":35,"column":36},"end":{"line":54,"column":1}},"line":35},"2":{"name":"getBooking","decl":{"start":{"line":61,"column":15},"end":{"line":61,"column":25}},"loc":{"start":{"line":61,"column":37},"end":{"line":75,"column":1}},"line":61},"3":{"name":"updateBooking","decl":{"start":{"line":82,"column":15},"end":{"line":82,"column":28}},"loc":{"start":{"line":82,"column":38},"end":{"line":84,"column":1}},"line":82},"4":{"name":"generateBookingId","decl":{"start":{"line":90,"column":9},"end":{"line":90,"column":26}},"loc":{"start":{"line":90,"column":29},"end":{"line":92,"column":1}},"line":90},"5":{"name":"generatePaymentToken","decl":{"start":{"line":100,"column":9},"end":{"line":100,"column":29}},"loc":{"start":{"line":100,"column":48},"end":{"line":102,"column":1}},"line":100},"6":{"name":"verifyPaymentToken","decl":{"start":{"line":111,"column":9},"end":{"line":111,"column":27}},"loc":{"start":{"line":111,"column":53},"end":{"line":114,"column":1}},"line":111},"7":{"name":"isUsingAzureStorage","decl":{"start":{"line":120,"column":9},"end":{"line":120,"column":28}},"loc":{"start":{"line":120,"column":31},"end":{"line":122,"column":1}},"line":120}},"branchMap":{"0":{"loc":{"start":{"line":16,"column":4},"end":{"line":26,"column":5}},"type":"if","locations":[{"start":{"line":16,"column":4},"end":{"line":26,"column":5}},{"start":{},"end":{}}],"line":16},"1":{"loc":{"start":{"line":16,"column":8},"end":{"line":16,"column":40}},"type":"binary-expr","locations":[{"start":{"line":16,"column":8},"end":{"line":16,"column":20}},{"start":{"line":16,"column":24},"end":{"line":16,"column":40}}],"line":16},"2":{"loc":{"start":{"line":22,"column":12},"end":{"line":24,"column":13}},"type":"if","locations":[{"start":{"line":22,"column":12},"end":{"line":24,"column":13}},{"start":{},"end":{}}],"line":22},"3":{"loc":{"start":{"line":38,"column":4},"end":{"line":53,"column":5}},"type":"if","locations":[{"start":{"line":38,"column":4},"end":{"line":53,"column":5}},{"start":{"line":47,"column":11},"end":{"line":53,"column":5}}],"line":38},"4":{"loc":{"start":{"line":43,"column":23},"end":{"line":43,"column":68}},"type":"binary-expr","locations":[{"start":{"line":43,"column":23},"end":{"line":43,"column":40}},{"start":{"line":43,"column":44},"end":{"line":43,"column":68}}],"line":43},"5":{"loc":{"start":{"line":50,"column":23},"end":{"line":50,"column":68}},"type":"binary-expr","locations":[{"start":{"line":50,"column":23},"end":{"line":50,"column":40}},{"start":{"line":50,"column":44},"end":{"line":50,"column":68}}],"line":50},"6":{"loc":{"start":{"line":64,"column":4},"end":{"line":74,"column":5}},"type":"if","locations":[{"start":{"line":64,"column":4},"end":{"line":74,"column":5}},{"start":{"line":72,"column":11},"end":{"line":74,"column":5}}],"line":64},"7":{"loc":{"start":{"line":73,"column":15},"end":{"line":73,"column":54}},"type":"binary-expr","locations":[{"start":{"line":73,"column":15},"end":{"line":73,"column":46}},{"start":{"line":73,"column":50},"end":{"line":73,"column":54}}],"line":73}},"s":{"0":19,"1":19,"2":19,"3":19,"4":13,"5":0,"6":0,"7":0,"8":0,"9":0,"10":13,"11":7,"12":7,"13":0,"14":0,"15":0,"16":7,"17":7,"18":6,"19":6,"20":0,"21":0,"22":0,"23":0,"24":6,"25":2,"26":1009,"27":14,"28":15,"29":15,"30":2,"31":19},"f":{"0":13,"1":7,"2":6,"3":2,"4":1009,"5":14,"6":15,"7":2},"b":{"0":[0,13],"1":[13,13],"2":[0,0],"3":[0,7],"4":[0,0],"5":[7,7],"6":[0,6],"7":[6,2]},"_coverageSchema":"1a1c01bbd47fc00a2c39e90264f33305004495a9","hash":"778ba89849d33e118bfebc656b4419efa0e762bc"}
,"C:\\Users\\kirils.ivanovs\\source\\repos\\sofija-nutrition-astro\\api\\src\\services\\emailService.js": {"path":"C:\\Users\\kirils.ivanovs\\source\\repos\\sofija-nutrition-astro\\api\\src\\services\\emailService.js","statementMap":{"0":{"start":{"line":6,"column":19},"end":{"line":6,"column":36}},"1":{"start":{"line":7,"column":15},"end":{"line":7,"column":35}},"2":{"start":{"line":9,"column":19},"end":{"line":9,"column":23}},"3":{"start":{"line":16,"column":19},"end":{"line":16,"column":45}},"4":{"start":{"line":17,"column":4},"end":{"line":19,"column":5}},"5":{"start":{"line":18,"column":8},"end":{"line":18,"column":42}},"6":{"start":{"line":20,"column":4},"end":{"line":20,"column":24}},"7":{"start":{"line":33,"column":19},"end":{"line":33,"column":36}},"8":{"start":{"line":35,"column":4},"end":{"line":37,"column":5}},"9":{"start":{"line":36,"column":8},"end":{"line":36,"column":74}},"10":{"start":{"line":39,"column":4},"end":{"line":52,"column":5}},"11":{"start":{"line":40,"column":23},"end":{"line":46,"column":10}},"12":{"start":{"line":48,"column":8},"end":{"line":48,"column":55}},"13":{"start":{"line":50,"column":8},"end":{"line":50,"column":53}},"14":{"start":{"line":51,"column":8},"end":{"line":51,"column":56}},"15":{"start":{"line":64,"column":4},"end":{"line":69,"column":7}},"16":{"start":{"line":79,"column":23},"end":{"line":79,"column":78}},"17":{"start":{"line":80,"column":4},"end":{"line":84,"column":7}},"18":{"start":{"line":95,"column":4},"end":{"line":99,"column":7}},"19":{"start":{"line":107,"column":4},"end":{"line":107,"column":40}},"20":{"start":{"line":110,"column":0},"end":{"line":116,"column":2}}},"fnMap":{"0":{"name":"getResendClient","decl":{"start":{"line":15,"column":9},"end":{"line":15,"column":24}},"loc":{"start":{"line":15,"column":27},"end":{"line":21,"column":1}},"line":15},"1":{"name":"sendEmail","decl":{"start":{"line":32,"column":15},"end":{"line":32,"column":24}},"loc":{"start":{"line":32,"column":66},"end":{"line":53,"column":1}},"line":32},"2":{"name":"sendClientConfirmation","decl":{"start":{"line":63,"column":15},"end":{"line":63,"column":37}},"loc":{"start":{"line":63,"column":75},"end":{"line":70,"column":1}},"line":63},"3":{"name":"sendAdminNotification","decl":{"start":{"line":78,"column":15},"end":{"line":78,"column":36}},"loc":{"start":{"line":78,"column":52},"end":{"line":85,"column":1}},"line":78},"4":{"name":"sendPaymentConfirmation","decl":{"start":{"line":94,"column":15},"end":{"line":94,"column":38}},"loc":{"start":{"line":94,"column":58},"end":{"line":100,"column":1}},"line":94},"5":{"name":"isConfigured","decl":{"start":{"line":106,"column":9},"end":{"line":106,"column":21}},"loc":{"start":{"line":106,"column":24},"end":{"line":108,"column":1}},"line":106}},"branchMap":{"0":{"loc":{"start":{"line":17,"column":4},"end":{"line":19,"column":5}},"type":"if","locations":[{"start":{"line":17,"column":4},"end":{"line":19,"column":5}},{"start":{},"end":{}}],"line":17},"1":{"loc":{"start":{"line":17,"column":8},"end":{"line":17,"column":31}},"type":"binary-expr","locations":[{"start":{"line":17,"column":8},"end":{"line":17,"column":21}},{"start":{"line":17,"column":25},"end":{"line":17,"column":31}}],"line":17},"2":{"loc":{"start":{"line":32,"column":46},"end":{"line":32,"column":62}},"type":"default-arg","locations":[{"start":{"line":32,"column":60},"end":{"line":32,"column":62}}],"line":32},"3":{"loc":{"start":{"line":35,"column":4},"end":{"line":37,"column":5}},"type":"if","locations":[{"start":{"line":35,"column":4},"end":{"line":37,"column":5}},{"start":{},"end":{}}],"line":35},"4":{"loc":{"start":{"line":63,"column":57},"end":{"line":63,"column":73}},"type":"default-arg","locations":[{"start":{"line":63,"column":71},"end":{"line":63,"column":73}}],"line":63},"5":{"loc":{"start":{"line":79,"column":23},"end":{"line":79,"column":78}},"type":"binary-expr","locations":[{"start":{"line":79,"column":23},"end":{"line":79,"column":46}},{"start":{"line":79,"column":50},"end":{"line":79,"column":78}}],"line":79}},"s":{"0":9,"1":9,"2":9,"3":4,"4":4,"5":4,"6":4,"7":4,"8":4,"9":0,"10":4,"11":4,"12":4,"13":0,"14":0,"15":2,"16":1,"17":1,"18":1,"19":3,"20":9},"f":{"0":4,"1":4,"2":2,"3":1,"4":1,"5":3},"b":{"0":[4,0],"1":[4,4],"2":[2],"3":[0,4],"4":[0],"5":[1,0]},"_coverageSchema":"1a1c01bbd47fc00a2c39e90264f33305004495a9","hash":"11a561e3009559ac1af6d31da21cdf0432049c19"}
,"C:\\Users\\kirils.ivanovs\\source\\repos\\sofija-nutrition-astro\\api\\src\\services\\pdfService.js": {"path":"C:\\Users\\kirils.ivanovs\\source\\repos\\sofija-nutrition-astro\\api\\src\\services\\pdfService.js","statementMap":{"0":{"start":{"line":6,"column":29},"end":{"line":6,"column":47}},"1":{"start":{"line":7,"column":16},"end":{"line":7,"column":43}},"2":{"start":{"line":8,"column":11},"end":{"line":8,"column":24}},"3":{"start":{"line":9,"column":13},"end":{"line":9,"column":28}},"4":{"start":{"line":10,"column":15},"end":{"line":10,"column":35}},"5":{"start":{"line":13,"column":18},"end":{"line":13,"column":23}},"6":{"start":{"line":14,"column":23},"end":{"line":14,"column":27}},"7":{"start":{"line":15,"column":20},"end":{"line":15,"column":24}},"8":{"start":{"line":21,"column":4},"end":{"line":40,"column":5}},"9":{"start":{"line":22,"column":8},"end":{"line":39,"column":9}},"10":{"start":{"line":23,"column":29},"end":{"line":23,"column":64}},"11":{"start":{"line":24,"column":32},"end":{"line":24,"column":73}},"12":{"start":{"line":25,"column":29},"end":{"line":25,"column":67}},"13":{"start":{"line":27,"column":12},"end":{"line":29,"column":13}},"14":{"start":{"line":28,"column":16},"end":{"line":28,"column":66}},"15":{"start":{"line":30,"column":12},"end":{"line":32,"column":13}},"16":{"start":{"line":31,"column":16},"end":{"line":31,"column":63}},"17":{"start":{"line":34,"column":12},"end":{"line":34,"column":60}},"18":{"start":{"line":35,"column":12},"end":{"line":35,"column":54}},"19":{"start":{"line":36,"column":12},"end":{"line":36,"column":31}},"20":{"start":{"line":38,"column":12},"end":{"line":38,"column":68}},"21":{"start":{"line":41,"column":4},"end":{"line":41,"column":47}},"22":{"start":{"line":61,"column":19},"end":{"line":61,"column":45}},"23":{"start":{"line":62,"column":4},"end":{"line":62,"column":36}},"24":{"start":{"line":64,"column":48},"end":{"line":64,"column":59}},"25":{"start":{"line":65,"column":17},"end":{"line":65,"column":57}},"26":{"start":{"line":66,"column":21},"end":{"line":66,"column":58}},"27":{"start":{"line":68,"column":17},"end":{"line":68,"column":49}},"28":{"start":{"line":69,"column":30},"end":{"line":69,"column":44}},"29":{"start":{"line":72,"column":38},"end":{"line":72,"column":51}},"30":{"start":{"line":73,"column":25},"end":{"line":73,"column":70}},"31":{"start":{"line":74,"column":24},"end":{"line":74,"column":66}},"32":{"start":{"line":75,"column":22},"end":{"line":75,"column":40}},"33":{"start":{"line":76,"column":22},"end":{"line":76,"column":43}},"34":{"start":{"line":77,"column":18},"end":{"line":77,"column":30}},"35":{"start":{"line":78,"column":22},"end":{"line":78,"column":40}},"36":{"start":{"line":79,"column":20},"end":{"line":79,"column":38}},"37":{"start":{"line":82,"column":4},"end":{"line":82,"column":91}},"38":{"start":{"line":83,"column":4},"end":{"line":83,"column":107}},"39":{"start":{"line":84,"column":4},"end":{"line":84,"column":94}},"40":{"start":{"line":85,"column":4},"end":{"line":85,"column":92}},"41":{"start":{"line":87,"column":12},"end":{"line":87,"column":24}},"42":{"start":{"line":90,"column":4},"end":{"line":90,"column":93}},"43":{"start":{"line":91,"column":4},"end":{"line":91,"column":12}},"44":{"start":{"line":94,"column":4},"end":{"line":94,"column":87}},"45":{"start":{"line":95,"column":4},"end":{"line":95,"column":98}},"46":{"start":{"line":96,"column":4},"end":{"line":96,"column":115}},"47":{"start":{"line":97,"column":4},"end":{"line":97,"column":12}},"48":{"start":{"line":100,"column":4},"end":{"line":100,"column":92}},"49":{"start":{"line":101,"column":4},"end":{"line":101,"column":12}},"50":{"start":{"line":102,"column":4},"end":{"line":102,"column":73}},"51":{"start":{"line":103,"column":4},"end":{"line":103,"column":12}},"52":{"start":{"line":104,"column":4},"end":{"line":104,"column":75}},"53":{"start":{"line":105,"column":4},"end":{"line":105,"column":12}},"54":{"start":{"line":106,"column":4},"end":{"line":106,"column":95}},"55":{"start":{"line":107,"column":4},"end":{"line":107,"column":12}},"56":{"start":{"line":110,"column":4},"end":{"line":110,"column":93}},"57":{"start":{"line":111,"column":4},"end":{"line":111,"column":12}},"58":{"start":{"line":112,"column":4},"end":{"line":112,"column":61}},"59":{"start":{"line":113,"column":4},"end":{"line":113,"column":12}},"60":{"start":{"line":114,"column":4},"end":{"line":114,"column":82}},"61":{"start":{"line":115,"column":4},"end":{"line":115,"column":12}},"62":{"start":{"line":116,"column":4},"end":{"line":116,"column":73}},"63":{"start":{"line":117,"column":4},"end":{"line":117,"column":12}},"64":{"start":{"line":118,"column":4},"end":{"line":118,"column":73}},"65":{"start":{"line":119,"column":4},"end":{"line":119,"column":12}},"66":{"start":{"line":122,"column":4},"end":{"line":122,"column":98}},"67":{"start":{"line":123,"column":4},"end":{"line":123,"column":94}},"68":{"start":{"line":124,"column":4},"end":{"line":124,"column":101}},"69":{"start":{"line":125,"column":4},"end":{"line":125,"column":12}},"70":{"start":{"line":128,"column":4},"end":{"line":128,"column":61}},"71":{"start":{"line":129,"column":4},"end":{"line":129,"column":102}},"72":{"start":{"line":130,"column":4},"end":{"line":130,"column":12}},"73":{"start":{"line":133,"column":4},"end":{"line":133,"column":100}},"74":{"start":{"line":134,"column":4},"end":{"line":134,"column":12}},"75":{"start":{"line":137,"column":4},"end":{"line":137,"column":95}},"76":{"start":{"line":138,"column":4},"end":{"line":138,"column":92}},"77":{"start":{"line":139,"column":4},"end":{"line":139,"column":140}},"78":{"start":{"line":140,"column":4},"end":{"line":140,"column":12}},"79":{"start":{"line":143,"column":4},"end":{"line":152,"column":5}},"80":{"start":{"line":144,"column":8},"end":{"line":144,"column":101}},"81":{"start":{"line":145,"column":8},"end":{"line":145,"column":16}},"82":{"start":{"line":146,"column":8},"end":{"line":146,"column":92}},"83":{"start":{"line":147,"column":8},"end":{"line":147,"column":16}},"84":{"start":{"line":148,"column":8},"end":{"line":148,"column":84}},"85":{"start":{"line":149,"column":8},"end":{"line":149,"column":16}},"86":{"start":{"line":150,"column":8},"end":{"line":150,"column":87}},"87":{"start":{"line":151,"column":8},"end":{"line":151,"column":16}},"88":{"start":{"line":155,"column":4},"end":{"line":160,"column":5}},"89":{"start":{"line":156,"column":8},"end":{"line":156,"column":95}},"90":{"start":{"line":157,"column":8},"end":{"line":157,"column":16}},"91":{"start":{"line":158,"column":31},"end":{"line":158,"column":89}},"92":{"start":{"line":159,"column":8},"end":{"line":159,"column":86}},"93":{"start":{"line":163,"column":4},"end":{"line":163,"column":79}},"94":{"start":{"line":164,"column":4},"end":{"line":164,"column":81}},"95":{"start":{"line":165,"column":4},"end":{"line":165,"column":97}},"96":{"start":{"line":167,"column":4},"end":{"line":167,"column":31}},"97":{"start":{"line":170,"column":0},"end":{"line":172,"column":2}}},"fnMap":{"0":{"name":"loadFonts","decl":{"start":{"line":20,"column":9},"end":{"line":20,"column":18}},"loc":{"start":{"line":20,"column":21},"end":{"line":42,"column":1}},"line":20},"1":{"name":"generateInvoicePDF","decl":{"start":{"line":60,"column":15},"end":{"line":60,"column":33}},"loc":{"start":{"line":60,"column":124},"end":{"line":168,"column":1}},"line":60}},"branchMap":{"0":{"loc":{"start":{"line":21,"column":4},"end":{"line":40,"column":5}},"type":"if","locations":[{"start":{"line":21,"column":4},"end":{"line":40,"column":5}},{"start":{},"end":{}}],"line":21},"1":{"loc":{"start":{"line":27,"column":12},"end":{"line":29,"column":13}},"type":"if","locations":[{"start":{"line":27,"column":12},"end":{"line":29,"column":13}},{"start":{},"end":{}}],"line":27},"2":{"loc":{"start":{"line":30,"column":12},"end":{"line":32,"column":13}},"type":"if","locations":[{"start":{"line":30,"column":12},"end":{"line":32,"column":13}},{"start":{},"end":{}}],"line":30},"3":{"loc":{"start":{"line":106,"column":36},"end":{"line":106,"column":61}},"type":"binary-expr","locations":[{"start":{"line":106,"column":36},"end":{"line":106,"column":41}},{"start":{"line":106,"column":45},"end":{"line":106,"column":61}}],"line":106},"4":{"loc":{"start":{"line":129,"column":18},"end":{"line":129,"column":61}},"type":"cond-expr","locations":[{"start":{"line":129,"column":30},"end":{"line":129,"column":52}},{"start":{"line":129,"column":55},"end":{"line":129,"column":61}}],"line":129},"5":{"loc":{"start":{"line":139,"column":18},"end":{"line":139,"column":61}},"type":"cond-expr","locations":[{"start":{"line":139,"column":30},"end":{"line":139,"column":52}},{"start":{"line":139,"column":55},"end":{"line":139,"column":61}}],"line":139},"6":{"loc":{"start":{"line":143,"column":4},"end":{"line":152,"column":5}},"type":"if","locations":[{"start":{"line":143,"column":4},"end":{"line":152,"column":5}},{"start":{},"end":{}}],"line":143},"7":{"loc":{"start":{"line":155,"column":4},"end":{"line":160,"column":5}},"type":"if","locations":[{"start":{"line":155,"column":4},"end":{"line":160,"column":5}},{"start":{},"end":{}}],"line":155},"8":{"loc":{"start":{"line":158,"column":31},"end":{"line":158,"column":89}},"type":"cond-expr","locations":[{"start":{"line":158,"column":51},"end":{"line":158,"column":81}},{"start":{"line":158,"column":84},"end":{"line":158,"column":89}}],"line":158}},"s":{"0":2,"1":2,"2":2,"3":2,"4":2,"5":2,"6":2,"7":2,"8":10,"9":1,"10":1,"11":1,"12":1,"13":1,"14":0,"15":1,"16":0,"17":1,"18":1,"19":1,"20":0,"21":10,"22":10,"23":10,"24":10,"25":10,"26":10,"27":10,"28":10,"29":10,"30":10,"31":10,"32":10,"33":10,"34":10,"35":10,"36":10,"37":10,"38":10,"39":10,"40":10,"41":10,"42":10,"43":10,"44":10,"45":10,"46":10,"47":10,"48":10,"49":10,"50":10,"51":10,"52":10,"53":10,"54":10,"55":10,"56":10,"57":10,"58":10,"59":10,"60":10,"61":10,"62":10,"63":10,"64":10,"65":10,"66":10,"67":10,"68":10,"69":10,"70":10,"71":10,"72":10,"73":10,"74":10,"75":10,"76":10,"77":10,"78":10,"79":10,"80":9,"81":9,"82":9,"83":9,"84":9,"85":9,"86":9,"87":9,"88":10,"89":2,"90":2,"91":2,"92":2,"93":10,"94":10,"95":10,"96":10,"97":2},"f":{"0":10,"1":10},"b":{"0":[1,9],"1":[0,1],"2":[0,1],"3":[10,1],"4":[9,1],"5":[9,1],"6":[9,1],"7":[2,8],"8":[1,1]},"_coverageSchema":"1a1c01bbd47fc00a2c39e90264f33305004495a9","hash":"600e1540dc48909d5f17d5d48ca9b3ca4dbe50a5"}
,"C:\\Users\\kirils.ivanovs\\source\\repos\\sofija-nutrition-astro\\api\\src\\templates\\emailTemplates.js": {"path":"C:\\Users\\kirils.ivanovs\\source\\repos\\sofija-nutrition-astro\\api\\src\\templates\\emailTemplates.js","statementMap":{"0":{"start":{"line":6,"column":15},"end":{"line":6,"column":35}},"1":{"start":{"line":8,"column":29},"end":{"line":8,"column":35}},"2":{"start":{"line":14,"column":4},"end":{"line":39,"column":9}},"3":{"start":{"line":46,"column":20},"end":{"line":48,"column":41}},"4":{"start":{"line":50,"column":4},"end":{"line":57,"column":11}},"5":{"start":{"line":64,"column":4},"end":{"line":70,"column":11}},"6":{"start":{"line":77,"column":17},"end":{"line":86,"column":14}},"7":{"start":{"line":77,"column":68},"end":{"line":85,"column":17}},"8":{"start":{"line":88,"column":4},"end":{"line":95,"column":14}},"9":{"start":{"line":102,"column":20},"end":{"line":132,"column":25}},"10":{"start":{"line":134,"column":4},"end":{"line":134,"column":71}},"11":{"start":{"line":141,"column":24},"end":{"line":141,"column":91}},"12":{"start":{"line":142,"column":23},"end":{"line":142,"column":76}},"13":{"start":{"line":143,"column":24},"end":{"line":143,"column":87}},"14":{"start":{"line":145,"column":20},"end":{"line":199,"column":10}},"15":{"start":{"line":201,"column":4},"end":{"line":201,"column":81}},"16":{"start":{"line":205,"column":4},"end":{"line":211,"column":14}},"17":{"start":{"line":218,"column":24},"end":{"line":218,"column":99}},"18":{"start":{"line":219,"column":23},"end":{"line":219,"column":76}},"19":{"start":{"line":221,"column":20},"end":{"line":265,"column":21}},"20":{"start":{"line":267,"column":4},"end":{"line":267,"column":83}},"21":{"start":{"line":274,"column":25},"end":{"line":278,"column":5}},"22":{"start":{"line":279,"column":14},"end":{"line":279,"column":56}},"23":{"start":{"line":281,"column":4},"end":{"line":302,"column":9}},"24":{"start":{"line":305,"column":0},"end":{"line":310,"column":2}}},"fnMap":{"0":{"name":"emailWrapper","decl":{"start":{"line":13,"column":9},"end":{"line":13,"column":21}},"loc":{"start":{"line":13,"column":52},"end":{"line":40,"column":1}},"line":13},"1":{"name":"emailHeader","decl":{"start":{"line":45,"column":9},"end":{"line":45,"column":20}},"loc":{"start":{"line":45,"column":83},"end":{"line":58,"column":1}},"line":45},"2":{"name":"emailFooter","decl":{"start":{"line":63,"column":9},"end":{"line":63,"column":20}},"loc":{"start":{"line":63,"column":23},"end":{"line":71,"column":1}},"line":63},"3":{"name":"bookingDetailsCard","decl":{"start":{"line":76,"column":9},"end":{"line":76,"column":27}},"loc":{"start":{"line":76,"column":35},"end":{"line":96,"column":1}},"line":76},"4":{"name":"(anonymous_4)","decl":{"start":{"line":77,"column":27},"end":{"line":77,"column":28}},"loc":{"start":{"line":77,"column":68},"end":{"line":85,"column":17}},"line":77},"5":{"name":"generateClientEmailHTML","decl":{"start":{"line":101,"column":9},"end":{"line":101,"column":32}},"loc":{"start":{"line":101,"column":102},"end":{"line":135,"column":1}},"line":101},"6":{"name":"generateAdminEmailHTML","decl":{"start":{"line":140,"column":9},"end":{"line":140,"column":31}},"loc":{"start":{"line":140,"column":53},"end":{"line":202,"column":1}},"line":140},"7":{"name":"adminDetailRow","decl":{"start":{"line":204,"column":9},"end":{"line":204,"column":23}},"loc":{"start":{"line":204,"column":129},"end":{"line":212,"column":1}},"line":204},"8":{"name":"generatePaymentConfirmedEmailHTML","decl":{"start":{"line":217,"column":9},"end":{"line":217,"column":42}},"loc":{"start":{"line":217,"column":55},"end":{"line":268,"column":1}},"line":217},"9":{"name":"generateConfirmationPageHTML","decl":{"start":{"line":273,"column":9},"end":{"line":273,"column":37}},"loc":{"start":{"line":273,"column":74},"end":{"line":303,"column":1}},"line":273}},"branchMap":{"0":{"loc":{"start":{"line":13,"column":31},"end":{"line":13,"column":50}},"type":"default-arg","locations":[{"start":{"line":13,"column":48},"end":{"line":13,"column":50}}],"line":13},"1":{"loc":{"start":{"line":13,"column":33},"end":{"line":13,"column":43}},"type":"default-arg","locations":[{"start":{"line":13,"column":41},"end":{"line":13,"column":43}}],"line":13},"2":{"loc":{"start":{"line":45,"column":31},"end":{"line":45,"column":81}},"type":"default-arg","locations":[{"start":{"line":45,"column":79},"end":{"line":45,"column":81}}],"line":45},"3":{"loc":{"start":{"line":45,"column":33},"end":{"line":45,"column":48}},"type":"default-arg","locations":[{"start":{"line":45,"column":44},"end":{"line":45,"column":48}}],"line":45},"4":{"loc":{"start":{"line":45,"column":50},"end":{"line":45,"column":74}},"type":"default-arg","locations":[{"start":{"line":45,"column":60},"end":{"line":45,"column":74}}],"line":45},"5":{"loc":{"start":{"line":46,"column":20},"end":{"line":48,"column":41}},"type":"cond-expr","locations":[{"start":{"line":47,"column":10},"end":{"line":47,"column":84}},{"start":{"line":48,"column":10},"end":{"line":48,"column":41}}],"line":46},"6":{"loc":{"start":{"line":77,"column":44},"end":{"line":77,"column":61}},"type":"default-arg","locations":[{"start":{"line":77,"column":56},"end":{"line":77,"column":61}}],"line":77},"7":{"loc":{"start":{"line":82,"column":50},"end":{"line":82,"column":85}},"type":"cond-expr","locations":[{"start":{"line":82,"column":62},"end":{"line":82,"column":76}},{"start":{"line":82,"column":79},"end":{"line":82,"column":85}}],"line":82},"8":{"loc":{"start":{"line":82,"column":101},"end":{"line":82,"column":128}},"type":"cond-expr","locations":[{"start":{"line":82,"column":113},"end":{"line":82,"column":119}},{"start":{"line":82,"column":122},"end":{"line":82,"column":128}}],"line":82},"9":{"loc":{"start":{"line":82,"column":146},"end":{"line":82,"column":171}},"type":"cond-expr","locations":[{"start":{"line":82,"column":158},"end":{"line":82,"column":163}},{"start":{"line":82,"column":166},"end":{"line":82,"column":171}}],"line":82},"10":{"loc":{"start":{"line":116,"column":50},"end":{"line":116,"column":82}},"type":"cond-expr","locations":[{"start":{"line":116,"column":62},"end":{"line":116,"column":73}},{"start":{"line":116,"column":76},"end":{"line":116,"column":82}}],"line":116},"11":{"loc":{"start":{"line":141,"column":24},"end":{"line":141,"column":91}},"type":"cond-expr","locations":[{"start":{"line":141,"column":66},"end":{"line":141,"column":78}},{"start":{"line":141,"column":81},"end":{"line":141,"column":91}}],"line":141},"12":{"loc":{"start":{"line":142,"column":23},"end":{"line":142,"column":76}},"type":"cond-expr","locations":[{"start":{"line":142,"column":65},"end":{"line":142,"column":69}},{"start":{"line":142,"column":72},"end":{"line":142,"column":76}}],"line":142},"13":{"loc":{"start":{"line":143,"column":24},"end":{"line":143,"column":87}},"type":"cond-expr","locations":[{"start":{"line":143,"column":66},"end":{"line":143,"column":75}},{"start":{"line":143,"column":78},"end":{"line":143,"column":87}}],"line":143},"14":{"loc":{"start":{"line":159,"column":53},"end":{"line":159,"column":84}},"type":"binary-expr","locations":[{"start":{"line":159,"column":53},"end":{"line":159,"column":66}},{"start":{"line":159,"column":70},"end":{"line":159,"column":84}}],"line":159},"15":{"loc":{"start":{"line":164,"column":50},"end":{"line":164,"column":103}},"type":"cond-expr","locations":[{"start":{"line":164,"column":70},"end":{"line":164,"column":89}},{"start":{"line":164,"column":92},"end":{"line":164,"column":103}}],"line":164},"16":{"loc":{"start":{"line":166,"column":26},"end":{"line":166,"column":108}},"type":"cond-expr","locations":[{"start":{"line":166,"column":42},"end":{"line":166,"column":103}},{"start":{"line":166,"column":106},"end":{"line":166,"column":108}}],"line":166},"17":{"loc":{"start":{"line":171,"column":14},"end":{"line":192,"column":13}},"type":"cond-expr","locations":[{"start":{"line":171,"column":34},"end":{"line":182,"column":13}},{"start":{"line":182,"column":16},"end":{"line":192,"column":13}}],"line":171},"18":{"loc":{"start":{"line":204,"column":38},"end":{"line":204,"column":127}},"type":"default-arg","locations":[{"start":{"line":204,"column":125},"end":{"line":204,"column":127}}],"line":204},"19":{"loc":{"start":{"line":204,"column":40},"end":{"line":204,"column":52}},"type":"default-arg","locations":[{"start":{"line":204,"column":47},"end":{"line":204,"column":52}}],"line":204},"20":{"loc":{"start":{"line":204,"column":54},"end":{"line":204,"column":68}},"type":"default-arg","locations":[{"start":{"line":204,"column":62},"end":{"line":204,"column":68}}],"line":204},"21":{"loc":{"start":{"line":204,"column":70},"end":{"line":204,"column":86}},"type":"default-arg","locations":[{"start":{"line":204,"column":81},"end":{"line":204,"column":86}}],"line":204},"22":{"loc":{"start":{"line":204,"column":88},"end":{"line":204,"column":105}},"type":"default-arg","locations":[{"start":{"line":204,"column":100},"end":{"line":204,"column":105}}],"line":204},"23":{"loc":{"start":{"line":204,"column":107},"end":{"line":204,"column":120}},"type":"default-arg","locations":[{"start":{"line":204,"column":114},"end":{"line":204,"column":120}}],"line":204},"24":{"loc":{"start":{"line":206,"column":53},"end":{"line":206,"column":104}},"type":"cond-expr","locations":[{"start":{"line":206,"column":64},"end":{"line":206,"column":66}},{"start":{"line":206,"column":69},"end":{"line":206,"column":104}}],"line":206},"25":{"loc":{"start":{"line":209,"column":68},"end":{"line":209,"column":88}},"type":"cond-expr","locations":[{"start":{"line":209,"column":75},"end":{"line":209,"column":80}},{"start":{"line":209,"column":83},"end":{"line":209,"column":88}}],"line":209},"26":{"loc":{"start":{"line":209,"column":110},"end":{"line":209,"column":151}},"type":"cond-expr","locations":[{"start":{"line":209,"column":122},"end":{"line":209,"column":146}},{"start":{"line":209,"column":149},"end":{"line":209,"column":151}}],"line":209},"27":{"loc":{"start":{"line":218,"column":24},"end":{"line":218,"column":99}},"type":"cond-expr","locations":[{"start":{"line":218,"column":66},"end":{"line":218,"column":80}},{"start":{"line":218,"column":83},"end":{"line":218,"column":99}}],"line":218},"28":{"loc":{"start":{"line":219,"column":23},"end":{"line":219,"column":76}},"type":"cond-expr","locations":[{"start":{"line":219,"column":65},"end":{"line":219,"column":69}},{"start":{"line":219,"column":72},"end":{"line":219,"column":76}}],"line":219},"29":{"loc":{"start":{"line":273,"column":55},"end":{"line":273,"column":72}},"type":"default-arg","locations":[{"start":{"line":273,"column":67},"end":{"line":273,"column":72}}],"line":273},"30":{"loc":{"start":{"line":279,"column":14},"end":{"line":279,"column":56}},"type":"binary-expr","locations":[{"start":{"line":279,"column":14},"end":{"line":279,"column":34}},{"start":{"line":279,"column":38},"end":{"line":279,"column":56}}],"line":279},"31":{"loc":{"start":{"line":297,"column":14},"end":{"line":297,"column":191}},"type":"cond-expr","locations":[{"start":{"line":297,"column":26},"end":{"line":297,"column":186}},{"start":{"line":297,"column":189},"end":{"line":297,"column":191}}],"line":297}},"s":{"0":4,"1":4,"2":43,"3":24,"4":24,"5":35,"6":24,"7":144,"8":24,"9":24,"10":24,"11":8,"12":8,"13":8,"14":8,"15":8,"16":80,"17":11,"18":11,"19":11,"20":11,"21":11,"22":11,"23":11,"24":4},"f":{"0":43,"1":24,"2":35,"3":24,"4":144,"5":24,"6":8,"7":80,"8":11,"9":11},"b":{"0":[0],"1":[0],"2":[24],"3":[24],"4":[24],"5":[24,0],"6":[120],"7":[24,120],"8":[24,120],"9":[24,120],"10":[20,4],"11":[7,1],"12":[7,1],"13":[7,1],"14":[8,1],"15":[6,2],"16":[0,8],"17":[6,2],"18":[40],"19":[64],"20":[56],"21":[72],"22":[72],"23":[72],"24":[8,72],"25":[16,64],"26":[8,72],"27":[11,0],"28":[11,0],"29":[7],"30":[11,0],"31":[2,9]},"_coverageSchema":"1a1c01bbd47fc00a2c39e90264f33305004495a9","hash":"716c7167c89041c85f674044a487df1a67551a1f"}
}
