{"C:\\Users\\kirils.ivanovs\\source\\repos\\sofija-nutrition-astro\\api\\src\\functions\\adminBookings.js": {"path":"C:\\Users\\kirils.ivanovs\\source\\repos\\sofija-nutrition-astro\\api\\src\\functions\\adminBookings.js","statementMap":{"0":{"start":{"line":1,"column":16},"end":{"line":1,"column":43}},"1":{"start":{"line":2,"column":24},"end":{"line":2,"column":53}},"2":{"start":{"line":4,"column":25},"end":{"line":4,"column":68}},"3":{"start":{"line":7,"column":0},"end":{"line":66,"column":3}},"4":{"start":{"line":12,"column":8},"end":{"line":64,"column":9}},"5":{"start":{"line":13,"column":24},"end":{"line":13,"column":44}},"6":{"start":{"line":14,"column":33},"end":{"line":14,"column":72}},"7":{"start":{"line":16,"column":32},"end":{"line":19,"column":13}},"8":{"start":{"line":21,"column":29},"end":{"line":21,"column":31}},"9":{"start":{"line":22,"column":33},"end":{"line":22,"column":35}},"10":{"start":{"line":24,"column":12},"end":{"line":26,"column":13}},"11":{"start":{"line":25,"column":16},"end":{"line":25,"column":68}},"12":{"start":{"line":28,"column":12},"end":{"line":45,"column":13}},"13":{"start":{"line":29,"column":16},"end":{"line":44,"column":19}},"14":{"start":{"line":48,"column":12},"end":{"line":52,"column":15}},"15":{"start":{"line":49,"column":30},"end":{"line":49,"column":61}},"16":{"start":{"line":50,"column":30},"end":{"line":50,"column":61}},"17":{"start":{"line":51,"column":16},"end":{"line":51,"column":37}},"18":{"start":{"line":54,"column":12},"end":{"line":57,"column":14}},"19":{"start":{"line":59,"column":12},"end":{"line":59,"column":61}},"20":{"start":{"line":60,"column":12},"end":{"line":63,"column":14}},"21":{"start":{"line":69,"column":0},"end":{"line":122,"column":3}},"22":{"start":{"line":74,"column":8},"end":{"line":120,"column":9}},"23":{"start":{"line":75,"column":30},"end":{"line":75,"column":47}},"24":{"start":{"line":76,"column":25},"end":{"line":76,"column":45}},"25":{"start":{"line":78,"column":32},"end":{"line":81,"column":13}},"26":{"start":{"line":84,"column":34},"end":{"line":84,"column":38}},"27":{"start":{"line":85,"column":12},"end":{"line":90,"column":13}},"28":{"start":{"line":86,"column":16},"end":{"line":89,"column":17}},"29":{"start":{"line":87,"column":20},"end":{"line":87,"column":45}},"30":{"start":{"line":88,"column":20},"end":{"line":88,"column":26}},"31":{"start":{"line":92,"column":12},"end":{"line":97,"column":13}},"32":{"start":{"line":93,"column":16},"end":{"line":96,"column":18}},"33":{"start":{"line":100,"column":35},"end":{"line":106,"column":13}},"34":{"start":{"line":108,"column":12},"end":{"line":108,"column":68}},"35":{"start":{"line":110,"column":12},"end":{"line":113,"column":14}},"36":{"start":{"line":115,"column":12},"end":{"line":115,"column":60}},"37":{"start":{"line":116,"column":12},"end":{"line":119,"column":14}},"38":{"start":{"line":125,"column":0},"end":{"line":166,"column":3}},"39":{"start":{"line":130,"column":8},"end":{"line":164,"column":9}},"40":{"start":{"line":131,"column":30},"end":{"line":131,"column":47}},"41":{"start":{"line":133,"column":32},"end":{"line":136,"column":13}},"42":{"start":{"line":139,"column":26},"end":{"line":139,"column":30}},"43":{"start":{"line":140,"column":12},"end":{"line":145,"column":13}},"44":{"start":{"line":141,"column":16},"end":{"line":144,"column":17}},"45":{"start":{"line":142,"column":20},"end":{"line":142,"column":37}},"46":{"start":{"line":143,"column":20},"end":{"line":143,"column":26}},"47":{"start":{"line":147,"column":12},"end":{"line":152,"column":13}},"48":{"start":{"line":148,"column":16},"end":{"line":151,"column":18}},"49":{"start":{"line":154,"column":12},"end":{"line":157,"column":14}},"50":{"start":{"line":159,"column":12},"end":{"line":159,"column":60}},"51":{"start":{"line":160,"column":12},"end":{"line":163,"column":14}}},"fnMap":{"0":{"name":"(anonymous_0)","decl":{"start":{"line":11,"column":13},"end":{"line":11,"column":14}},"loc":{"start":{"line":11,"column":41},"end":{"line":65,"column":5}},"line":11},"1":{"name":"(anonymous_1)","decl":{"start":{"line":48,"column":26},"end":{"line":48,"column":27}},"loc":{"start":{"line":48,"column":36},"end":{"line":52,"column":13}},"line":48},"2":{"name":"(anonymous_2)","decl":{"start":{"line":73,"column":13},"end":{"line":73,"column":14}},"loc":{"start":{"line":73,"column":41},"end":{"line":121,"column":5}},"line":73},"3":{"name":"(anonymous_3)","decl":{"start":{"line":129,"column":13},"end":{"line":129,"column":14}},"loc":{"start":{"line":129,"column":41},"end":{"line":165,"column":5}},"line":129}},"branchMap":{"0":{"loc":{"start":{"line":14,"column":33},"end":{"line":14,"column":72}},"type":"binary-expr","locations":[{"start":{"line":14,"column":33},"end":{"line":14,"column":63}},{"start":{"line":14,"column":67},"end":{"line":14,"column":72}}],"line":14},"1":{"loc":{"start":{"line":24,"column":12},"end":{"line":26,"column":13}},"type":"if","locations":[{"start":{"line":24,"column":12},"end":{"line":26,"column":13}},{"start":{},"end":{}}],"line":24},"2":{"loc":{"start":{"line":34,"column":27},"end":{"line":34,"column":45}},"type":"binary-expr","locations":[{"start":{"line":34,"column":27},"end":{"line":34,"column":39}},{"start":{"line":34,"column":43},"end":{"line":34,"column":45}}],"line":34},"3":{"loc":{"start":{"line":40,"column":28},"end":{"line":40,"column":54}},"type":"binary-expr","locations":[{"start":{"line":40,"column":28},"end":{"line":40,"column":41}},{"start":{"line":40,"column":45},"end":{"line":40,"column":54}}],"line":40},"4":{"loc":{"start":{"line":43,"column":27},"end":{"line":43,"column":45}},"type":"binary-expr","locations":[{"start":{"line":43,"column":27},"end":{"line":43,"column":39}},{"start":{"line":43,"column":43},"end":{"line":43,"column":45}}],"line":43},"5":{"loc":{"start":{"line":86,"column":16},"end":{"line":89,"column":17}},"type":"if","locations":[{"start":{"line":86,"column":16},"end":{"line":89,"column":17}},{"start":{},"end":{}}],"line":86},"6":{"loc":{"start":{"line":92,"column":12},"end":{"line":97,"column":13}},"type":"if","locations":[{"start":{"line":92,"column":12},"end":{"line":97,"column":13}},{"start":{},"end":{}}],"line":92},"7":{"loc":{"start":{"line":141,"column":16},"end":{"line":144,"column":17}},"type":"if","locations":[{"start":{"line":141,"column":16},"end":{"line":144,"column":17}},{"start":{},"end":{}}],"line":141},"8":{"loc":{"start":{"line":147,"column":12},"end":{"line":152,"column":13}},"type":"if","locations":[{"start":{"line":147,"column":12},"end":{"line":152,"column":13}},{"start":{},"end":{}}],"line":147}},"s":{"0":0,"1":0,"2":0,"3":0,"4":0,"5":0,"6":0,"7":0,"8":0,"9":0,"10":0,"11":0,"12":0,"13":0,"14":0,"15":0,"16":0,"17":0,"18":0,"19":0,"20":0,"21":0,"22":0,"23":0,"24":0,"25":0,"26":0,"27":0,"28":0,"29":0,"30":0,"31":0,"32":0,"33":0,"34":0,"35":0,"36":0,"37":0,"38":0,"39":0,"40":0,"41":0,"42":0,"43":0,"44":0,"45":0,"46":0,"47":0,"48":0,"49":0,"50":0,"51":0},"f":{"0":0,"1":0,"2":0,"3":0},"b":{"0":[0,0],"1":[0,0],"2":[0,0],"3":[0,0],"4":[0,0],"5":[0,0],"6":[0,0],"7":[0,0],"8":[0,0]}}
,"C:\\Users\\kirils.ivanovs\\source\\repos\\sofija-nutrition-astro\\api\\src\\functions\\adminMonitoring.js": {"path":"C:\\Users\\kirils.ivanovs\\source\\repos\\sofija-nutrition-astro\\api\\src\\functions\\adminMonitoring.js","statementMap":{"0":{"start":{"line":1,"column":16},"end":{"line":1,"column":43}},"1":{"start":{"line":4,"column":18},"end":{"line":12,"column":1}},"2":{"start":{"line":14,"column":17},"end":{"line":14,"column":65}},"3":{"start":{"line":17,"column":22},"end":{"line":17,"column":32}},"4":{"start":{"line":18,"column":4},"end":{"line":55,"column":5}},"5":{"start":{"line":19,"column":27},"end":{"line":19,"column":48}},"6":{"start":{"line":20,"column":24},"end":{"line":20,"column":67}},"7":{"start":{"line":20,"column":41},"end":{"line":20,"column":59}},"8":{"start":{"line":22,"column":25},"end":{"line":28,"column":10}},"9":{"start":{"line":30,"column":8},"end":{"line":30,"column":30}},"10":{"start":{"line":31,"column":29},"end":{"line":31,"column":51}},"11":{"start":{"line":33,"column":8},"end":{"line":42,"column":10}},"12":{"start":{"line":44,"column":29},"end":{"line":44,"column":51}},"13":{"start":{"line":45,"column":8},"end":{"line":54,"column":10}},"14":{"start":{"line":58,"column":0},"end":{"line":111,"column":3}},"15":{"start":{"line":63,"column":8},"end":{"line":63,"column":57}},"16":{"start":{"line":65,"column":26},"end":{"line":65,"column":36}},"17":{"start":{"line":68,"column":24},"end":{"line":68,"column":71}},"18":{"start":{"line":70,"column":26},"end":{"line":70,"column":48}},"19":{"start":{"line":73,"column":34},"end":{"line":73,"column":93}},"20":{"start":{"line":73,"column":54},"end":{"line":73,"column":92}},"21":{"start":{"line":74,"column":29},"end":{"line":74,"column":74}},"22":{"start":{"line":74,"column":49},"end":{"line":74,"column":73}},"23":{"start":{"line":75,"column":28},"end":{"line":75,"column":72}},"24":{"start":{"line":75,"column":48},"end":{"line":75,"column":71}},"25":{"start":{"line":77,"column":28},"end":{"line":77,"column":37}},"26":{"start":{"line":78,"column":8},"end":{"line":82,"column":9}},"27":{"start":{"line":79,"column":12},"end":{"line":79,"column":40}},"28":{"start":{"line":80,"column":15},"end":{"line":82,"column":9}},"29":{"start":{"line":81,"column":12},"end":{"line":81,"column":39}},"30":{"start":{"line":85,"column":32},"end":{"line":87,"column":9}},"31":{"start":{"line":86,"column":39},"end":{"line":86,"column":59}},"32":{"start":{"line":89,"column":8},"end":{"line":109,"column":10}},"33":{"start":{"line":98,"column":49},"end":{"line":98,"column":71}},"34":{"start":{"line":99,"column":50},"end":{"line":99,"column":73}},"35":{"start":{"line":100,"column":51},"end":{"line":100,"column":75}}},"fnMap":{"0":{"name":"checkEndpoint","decl":{"start":{"line":16,"column":15},"end":{"line":16,"column":28}},"loc":{"start":{"line":16,"column":39},"end":{"line":56,"column":1}},"line":16},"1":{"name":"(anonymous_1)","decl":{"start":{"line":20,"column":35},"end":{"line":20,"column":36}},"loc":{"start":{"line":20,"column":41},"end":{"line":20,"column":59}},"line":20},"2":{"name":"(anonymous_2)","decl":{"start":{"line":62,"column":13},"end":{"line":62,"column":14}},"loc":{"start":{"line":62,"column":41},"end":{"line":110,"column":5}},"line":62},"3":{"name":"(anonymous_3)","decl":{"start":{"line":73,"column":49},"end":{"line":73,"column":50}},"loc":{"start":{"line":73,"column":54},"end":{"line":73,"column":92}},"line":73},"4":{"name":"(anonymous_4)","decl":{"start":{"line":74,"column":44},"end":{"line":74,"column":45}},"loc":{"start":{"line":74,"column":49},"end":{"line":74,"column":73}},"line":74},"5":{"name":"(anonymous_5)","decl":{"start":{"line":75,"column":43},"end":{"line":75,"column":44}},"loc":{"start":{"line":75,"column":48},"end":{"line":75,"column":71}},"line":75},"6":{"name":"(anonymous_6)","decl":{"start":{"line":86,"column":27},"end":{"line":86,"column":28}},"loc":{"start":{"line":86,"column":39},"end":{"line":86,"column":59}},"line":86},"7":{"name":"(anonymous_7)","decl":{"start":{"line":98,"column":44},"end":{"line":98,"column":45}},"loc":{"start":{"line":98,"column":49},"end":{"line":98,"column":71}},"line":98},"8":{"name":"(anonymous_8)","decl":{"start":{"line":99,"column":45},"end":{"line":99,"column":46}},"loc":{"start":{"line":99,"column":50},"end":{"line":99,"column":73}},"line":99},"9":{"name":"(anonymous_9)","decl":{"start":{"line":100,"column":46},"end":{"line":100,"column":47}},"loc":{"start":{"line":100,"column":51},"end":{"line":100,"column":75}},"line":100}},"branchMap":{"0":{"loc":{"start":{"line":38,"column":20},"end":{"line":38,"column":83}},"type":"cond-expr","locations":[{"start":{"line":38,"column":61},"end":{"line":38,"column":70}},{"start":{"line":38,"column":73},"end":{"line":38,"column":83}}],"line":38},"1":{"loc":{"start":{"line":38,"column":20},"end":{"line":38,"column":58}},"type":"binary-expr","locations":[{"start":{"line":38,"column":20},"end":{"line":38,"column":31}},{"start":{"line":38,"column":35},"end":{"line":38,"column":58}}],"line":38},"2":{"loc":{"start":{"line":41,"column":21},"end":{"line":41,"column":94}},"type":"cond-expr","locations":[{"start":{"line":41,"column":62},"end":{"line":41,"column":66}},{"start":{"line":41,"column":69},"end":{"line":41,"column":94}}],"line":41},"3":{"loc":{"start":{"line":41,"column":21},"end":{"line":41,"column":59}},"type":"binary-expr","locations":[{"start":{"line":41,"column":21},"end":{"line":41,"column":32}},{"start":{"line":41,"column":36},"end":{"line":41,"column":59}}],"line":41},"4":{"loc":{"start":{"line":53,"column":21},"end":{"line":53,"column":83}},"type":"cond-expr","locations":[{"start":{"line":53,"column":51},"end":{"line":53,"column":67}},{"start":{"line":53,"column":70},"end":{"line":53,"column":83}}],"line":53},"5":{"loc":{"start":{"line":73,"column":54},"end":{"line":73,"column":92}},"type":"binary-expr","locations":[{"start":{"line":73,"column":54},"end":{"line":73,"column":64}},{"start":{"line":73,"column":68},"end":{"line":73,"column":92}}],"line":73},"6":{"loc":{"start":{"line":78,"column":8},"end":{"line":82,"column":9}},"type":"if","locations":[{"start":{"line":78,"column":8},"end":{"line":82,"column":9}},{"start":{"line":80,"column":15},"end":{"line":82,"column":9}}],"line":78},"7":{"loc":{"start":{"line":80,"column":15},"end":{"line":82,"column":9}},"type":"if","locations":[{"start":{"line":80,"column":15},"end":{"line":82,"column":9}},{"start":{},"end":{}}],"line":80},"8":{"loc":{"start":{"line":80,"column":19},"end":{"line":80,"column":68}},"type":"binary-expr","locations":[{"start":{"line":80,"column":19},"end":{"line":80,"column":42}},{"start":{"line":80,"column":46},"end":{"line":80,"column":68}}],"line":80},"9":{"loc":{"start":{"line":105,"column":28},"end":{"line":105,"column":64}},"type":"binary-expr","locations":[{"start":{"line":105,"column":28},"end":{"line":105,"column":51}},{"start":{"line":105,"column":55},"end":{"line":105,"column":64}}],"line":105}},"s":{"0":0,"1":0,"2":0,"3":0,"4":0,"5":0,"6":0,"7":0,"8":0,"9":0,"10":0,"11":0,"12":0,"13":0,"14":0,"15":0,"16":0,"17":0,"18":0,"19":0,"20":0,"21":0,"22":0,"23":0,"24":0,"25":0,"26":0,"27":0,"28":0,"29":0,"30":0,"31":0,"32":0,"33":0,"34":0,"35":0},"f":{"0":0,"1":0,"2":0,"3":0,"4":0,"5":0,"6":0,"7":0,"8":0,"9":0},"b":{"0":[0,0],"1":[0,0],"2":[0,0],"3":[0,0],"4":[0,0],"5":[0,0],"6":[0,0],"7":[0,0],"8":[0,0],"9":[0,0]}}
,"C:\\Users\\kirils.ivanovs\\source\\repos\\sofija-nutrition-astro\\api\\src\\functions\\adminServiceSettings.js": {"path":"C:\\Users\\kirils.ivanovs\\source\\repos\\sofija-nutrition-astro\\api\\src\\functions\\adminServiceSettings.js","statementMap":{"0":{"start":{"line":1,"column":16},"end":{"line":1,"column":43}},"1":{"start":{"line":2,"column":24},"end":{"line":2,"column":53}},"2":{"start":{"line":4,"column":25},"end":{"line":4,"column":68}},"3":{"start":{"line":5,"column":23},"end":{"line":5,"column":33}},"4":{"start":{"line":6,"column":22},"end":{"line":6,"column":31}},"5":{"start":{"line":12,"column":0},"end":{"line":57,"column":3}},"6":{"start":{"line":17,"column":8},"end":{"line":55,"column":9}},"7":{"start":{"line":18,"column":32},"end":{"line":18,"column":98}},"8":{"start":{"line":19,"column":29},"end":{"line":19,"column":31}},"9":{"start":{"line":21,"column":12},"end":{"line":40,"column":13}},"10":{"start":{"line":22,"column":16},"end":{"line":39,"column":17}},"11":{"start":{"line":23,"column":20},"end":{"line":38,"column":23}},"12":{"start":{"line":43,"column":12},"end":{"line":43,"column":69}},"13":{"start":{"line":43,"column":36},"end":{"line":43,"column":67}},"14":{"start":{"line":45,"column":12},"end":{"line":48,"column":14}},"15":{"start":{"line":50,"column":12},"end":{"line":50,"column":61}},"16":{"start":{"line":51,"column":12},"end":{"line":54,"column":14}},"17":{"start":{"line":73,"column":0},"end":{"line":208,"column":3}},"18":{"start":{"line":78,"column":8},"end":{"line":206,"column":9}},"19":{"start":{"line":79,"column":30},"end":{"line":79,"column":54}},"20":{"start":{"line":80,"column":25},"end":{"line":80,"column":45}},"21":{"start":{"line":83,"column":27},"end":{"line":83,"column":29}},"22":{"start":{"line":86,"column":12},"end":{"line":88,"column":13}},"23":{"start":{"line":87,"column":16},"end":{"line":87,"column":86}},"24":{"start":{"line":91,"column":12},"end":{"line":93,"column":13}},"25":{"start":{"line":92,"column":16},"end":{"line":92,"column":63}},"26":{"start":{"line":96,"column":12},"end":{"line":98,"column":13}},"27":{"start":{"line":97,"column":16},"end":{"line":97,"column":74}},"28":{"start":{"line":101,"column":12},"end":{"line":103,"column":13}},"29":{"start":{"line":102,"column":16},"end":{"line":102,"column":89}},"30":{"start":{"line":106,"column":12},"end":{"line":108,"column":13}},"31":{"start":{"line":107,"column":16},"end":{"line":107,"column":75}},"32":{"start":{"line":110,"column":12},"end":{"line":118,"column":13}},"33":{"start":{"line":111,"column":16},"end":{"line":117,"column":18}},"34":{"start":{"line":120,"column":32},"end":{"line":120,"column":98}},"35":{"start":{"line":124,"column":12},"end":{"line":128,"column":13}},"36":{"start":{"line":125,"column":16},"end":{"line":125,"column":87}},"37":{"start":{"line":127,"column":16},"end":{"line":127,"column":38}},"38":{"start":{"line":130,"column":24},"end":{"line":130,"column":48}},"39":{"start":{"line":132,"column":27},"end":{"line":160,"column":13}},"40":{"start":{"line":163,"column":12},"end":{"line":163,"column":62}},"41":{"start":{"line":166,"column":12},"end":{"line":181,"column":13}},"42":{"start":{"line":167,"column":43},"end":{"line":167,"column":112}},"43":{"start":{"line":168,"column":37},"end":{"line":178,"column":17}},"44":{"start":{"line":180,"column":16},"end":{"line":180,"column":68}},"45":{"start":{"line":183,"column":12},"end":{"line":199,"column":14}},"46":{"start":{"line":201,"column":12},"end":{"line":201,"column":60}},"47":{"start":{"line":202,"column":12},"end":{"line":205,"column":14}},"48":{"start":{"line":214,"column":0},"end":{"line":268,"column":3}},"49":{"start":{"line":219,"column":8},"end":{"line":266,"column":9}},"50":{"start":{"line":220,"column":30},"end":{"line":220,"column":54}},"51":{"start":{"line":221,"column":39},"end":{"line":221,"column":108}},"52":{"start":{"line":222,"column":28},"end":{"line":222,"column":30}},"53":{"start":{"line":225,"column":33},"end":{"line":225,"column":77}},"54":{"start":{"line":227,"column":12},"end":{"line":247,"column":13}},"55":{"start":{"line":228,"column":16},"end":{"line":246,"column":19}},"56":{"start":{"line":250,"column":12},"end":{"line":250,"column":58}},"57":{"start":{"line":250,"column":35},"end":{"line":250,"column":56}},"58":{"start":{"line":252,"column":12},"end":{"line":259,"column":14}},"59":{"start":{"line":261,"column":12},"end":{"line":261,"column":68}},"60":{"start":{"line":262,"column":12},"end":{"line":265,"column":14}},"61":{"start":{"line":271,"column":0},"end":{"line":372,"column":3}},"62":{"start":{"line":276,"column":8},"end":{"line":370,"column":9}},"63":{"start":{"line":277,"column":32},"end":{"line":277,"column":98}},"64":{"start":{"line":279,"column":24},"end":{"line":279,"column":48}},"65":{"start":{"line":281,"column":36},"end":{"line":334,"column":13}},"66":{"start":{"line":336,"column":31},"end":{"line":336,"column":32}},"67":{"start":{"line":337,"column":12},"end":{"line":348,"column":13}},"68":{"start":{"line":338,"column":16},"end":{"line":347,"column":17}},"69":{"start":{"line":339,"column":20},"end":{"line":339,"column":60}},"70":{"start":{"line":340,"column":20},"end":{"line":340,"column":35}},"71":{"start":{"line":342,"column":20},"end":{"line":346,"column":21}},"72":{"start":{"line":343,"column":24},"end":{"line":343,"column":84}},"73":{"start":{"line":345,"column":24},"end":{"line":345,"column":32}},"74":{"start":{"line":350,"column":12},"end":{"line":363,"column":14}},"75":{"start":{"line":356,"column":56},"end":{"line":361,"column":21}},"76":{"start":{"line":365,"column":12},"end":{"line":365,"column":65}},"77":{"start":{"line":366,"column":12},"end":{"line":369,"column":14}}},"fnMap":{"0":{"name":"(anonymous_0)","decl":{"start":{"line":16,"column":13},"end":{"line":16,"column":14}},"loc":{"start":{"line":16,"column":41},"end":{"line":56,"column":5}},"line":16},"1":{"name":"(anonymous_1)","decl":{"start":{"line":43,"column":26},"end":{"line":43,"column":27}},"loc":{"start":{"line":43,"column":36},"end":{"line":43,"column":67}},"line":43},"2":{"name":"(anonymous_2)","decl":{"start":{"line":77,"column":13},"end":{"line":77,"column":14}},"loc":{"start":{"line":77,"column":41},"end":{"line":207,"column":5}},"line":77},"3":{"name":"(anonymous_3)","decl":{"start":{"line":218,"column":13},"end":{"line":218,"column":14}},"loc":{"start":{"line":218,"column":41},"end":{"line":267,"column":5}},"line":218},"4":{"name":"(anonymous_4)","decl":{"start":{"line":250,"column":25},"end":{"line":250,"column":26}},"loc":{"start":{"line":250,"column":35},"end":{"line":250,"column":56}},"line":250},"5":{"name":"(anonymous_5)","decl":{"start":{"line":275,"column":13},"end":{"line":275,"column":14}},"loc":{"start":{"line":275,"column":41},"end":{"line":371,"column":5}},"line":275},"6":{"name":"(anonymous_6)","decl":{"start":{"line":356,"column":50},"end":{"line":356,"column":51}},"loc":{"start":{"line":356,"column":56},"end":{"line":361,"column":21}},"line":356}},"branchMap":{"0":{"loc":{"start":{"line":22,"column":16},"end":{"line":39,"column":17}},"type":"if","locations":[{"start":{"line":22,"column":16},"end":{"line":39,"column":17}},{"start":{},"end":{}}],"line":22},"1":{"loc":{"start":{"line":35,"column":38},"end":{"line":35,"column":62}},"type":"binary-expr","locations":[{"start":{"line":35,"column":38},"end":{"line":35,"column":57}},{"start":{"line":35,"column":61},"end":{"line":35,"column":62}}],"line":35},"2":{"loc":{"start":{"line":86,"column":12},"end":{"line":88,"column":13}},"type":"if","locations":[{"start":{"line":86,"column":12},"end":{"line":88,"column":13}},{"start":{},"end":{}}],"line":86},"3":{"loc":{"start":{"line":86,"column":16},"end":{"line":86,"column":77}},"type":"binary-expr","locations":[{"start":{"line":86,"column":16},"end":{"line":86,"column":26}},{"start":{"line":86,"column":30},"end":{"line":86,"column":43}},{"start":{"line":86,"column":47},"end":{"line":86,"column":60}},{"start":{"line":86,"column":64},"end":{"line":86,"column":77}}],"line":86},"4":{"loc":{"start":{"line":91,"column":12},"end":{"line":93,"column":13}},"type":"if","locations":[{"start":{"line":91,"column":12},"end":{"line":93,"column":13}},{"start":{},"end":{}}],"line":91},"5":{"loc":{"start":{"line":91,"column":16},"end":{"line":91,"column":64}},"type":"binary-expr","locations":[{"start":{"line":91,"column":16},"end":{"line":91,"column":46}},{"start":{"line":91,"column":50},"end":{"line":91,"column":64}}],"line":91},"6":{"loc":{"start":{"line":96,"column":12},"end":{"line":98,"column":13}},"type":"if","locations":[{"start":{"line":96,"column":12},"end":{"line":98,"column":13}},{"start":{},"end":{}}],"line":96},"7":{"loc":{"start":{"line":96,"column":16},"end":{"line":96,"column":93}},"type":"binary-expr","locations":[{"start":{"line":96,"column":16},"end":{"line":96,"column":49}},{"start":{"line":96,"column":53},"end":{"line":96,"column":70}},{"start":{"line":96,"column":74},"end":{"line":96,"column":93}}],"line":96},"8":{"loc":{"start":{"line":101,"column":12},"end":{"line":103,"column":13}},"type":"if","locations":[{"start":{"line":101,"column":12},"end":{"line":103,"column":13}},{"start":{},"end":{}}],"line":101},"9":{"loc":{"start":{"line":101,"column":16},"end":{"line":101,"column":56}},"type":"binary-expr","locations":[{"start":{"line":101,"column":16},"end":{"line":101,"column":33}},{"start":{"line":101,"column":37},"end":{"line":101,"column":56}}],"line":101},"10":{"loc":{"start":{"line":106,"column":12},"end":{"line":108,"column":13}},"type":"if","locations":[{"start":{"line":106,"column":12},"end":{"line":108,"column":13}},{"start":{},"end":{}}],"line":106},"11":{"loc":{"start":{"line":106,"column":16},"end":{"line":106,"column":115}},"type":"binary-expr","locations":[{"start":{"line":106,"column":16},"end":{"line":106,"column":47}},{"start":{"line":106,"column":52},"end":{"line":106,"column":89}},{"start":{"line":106,"column":93},"end":{"line":106,"column":114}}],"line":106},"12":{"loc":{"start":{"line":110,"column":12},"end":{"line":118,"column":13}},"type":"if","locations":[{"start":{"line":110,"column":12},"end":{"line":118,"column":13}},{"start":{},"end":{}}],"line":110},"13":{"loc":{"start":{"line":152,"column":30},"end":{"line":152,"column":52}},"type":"binary-expr","locations":[{"start":{"line":152,"column":30},"end":{"line":152,"column":47}},{"start":{"line":152,"column":51},"end":{"line":152,"column":52}}],"line":152},"14":{"loc":{"start":{"line":155,"column":26},"end":{"line":155,"column":54}},"type":"binary-expr","locations":[{"start":{"line":155,"column":26},"end":{"line":155,"column":49}},{"start":{"line":155,"column":53},"end":{"line":155,"column":54}}],"line":155},"15":{"loc":{"start":{"line":158,"column":27},"end":{"line":158,"column":59}},"type":"binary-expr","locations":[{"start":{"line":158,"column":27},"end":{"line":158,"column":52}},{"start":{"line":158,"column":56},"end":{"line":158,"column":59}}],"line":158},"16":{"loc":{"start":{"line":166,"column":12},"end":{"line":181,"column":13}},"type":"if","locations":[{"start":{"line":166,"column":12},"end":{"line":181,"column":13}},{"start":{},"end":{}}],"line":166},"17":{"loc":{"start":{"line":231,"column":32},"end":{"line":231,"column":60}},"type":"binary-expr","locations":[{"start":{"line":231,"column":32},"end":{"line":231,"column":49}},{"start":{"line":231,"column":53},"end":{"line":231,"column":60}}],"line":231},"18":{"loc":{"start":{"line":342,"column":20},"end":{"line":346,"column":21}},"type":"if","locations":[{"start":{"line":342,"column":20},"end":{"line":346,"column":21}},{"start":{"line":344,"column":27},"end":{"line":346,"column":21}}],"line":342}},"s":{"0":0,"1":0,"2":0,"3":0,"4":0,"5":0,"6":0,"7":0,"8":0,"9":0,"10":0,"11":0,"12":0,"13":0,"14":0,"15":0,"16":0,"17":0,"18":0,"19":0,"20":0,"21":0,"22":0,"23":0,"24":0,"25":0,"26":0,"27":0,"28":0,"29":0,"30":0,"31":0,"32":0,"33":0,"34":0,"35":0,"36":0,"37":0,"38":0,"39":0,"40":0,"41":0,"42":0,"43":0,"44":0,"45":0,"46":0,"47":0,"48":0,"49":0,"50":0,"51":0,"52":0,"53":0,"54":0,"55":0,"56":0,"57":0,"58":0,"59":0,"60":0,"61":0,"62":0,"63":0,"64":0,"65":0,"66":0,"67":0,"68":0,"69":0,"70":0,"71":0,"72":0,"73":0,"74":0,"75":0,"76":0,"77":0},"f":{"0":0,"1":0,"2":0,"3":0,"4":0,"5":0,"6":0},"b":{"0":[0,0],"1":[0,0],"2":[0,0],"3":[0,0,0,0],"4":[0,0],"5":[0,0],"6":[0,0],"7":[0,0,0],"8":[0,0],"9":[0,0],"10":[0,0],"11":[0,0,0],"12":[0,0],"13":[0,0],"14":[0,0],"15":[0,0],"16":[0,0],"17":[0,0],"18":[0,0]}}
,"C:\\Users\\kirils.ivanovs\\source\\repos\\sofija-nutrition-astro\\api\\src\\functions\\adminSettings.js": {"path":"C:\\Users\\kirils.ivanovs\\source\\repos\\sofija-nutrition-astro\\api\\src\\functions\\adminSettings.js","statementMap":{"0":{"start":{"line":1,"column":16},"end":{"line":1,"column":43}},"1":{"start":{"line":2,"column":24},"end":{"line":2,"column":53}},"2":{"start":{"line":3,"column":51},"end":{"line":3,"column":89}},"3":{"start":{"line":5,"column":25},"end":{"line":5,"column":68}},"4":{"start":{"line":6,"column":23},"end":{"line":6,"column":38}},"5":{"start":{"line":7,"column":22},"end":{"line":7,"column":30}},"6":{"start":{"line":11,"column":4},"end":{"line":19,"column":5}},"7":{"start":{"line":12,"column":28},"end":{"line":12,"column":89}},"8":{"start":{"line":13,"column":8},"end":{"line":13,"column":40}},"9":{"start":{"line":16,"column":8},"end":{"line":18,"column":9}},"10":{"start":{"line":17,"column":12},"end":{"line":17,"column":24}},"11":{"start":{"line":23,"column":0},"end":{"line":82,"column":3}},"12":{"start":{"line":28,"column":8},"end":{"line":80,"column":9}},"13":{"start":{"line":29,"column":12},"end":{"line":29,"column":46}},"14":{"start":{"line":31,"column":32},"end":{"line":34,"column":13}},"15":{"start":{"line":36,"column":27},"end":{"line":36,"column":31}},"16":{"start":{"line":37,"column":31},"end":{"line":37,"column":33}},"17":{"start":{"line":38,"column":34},"end":{"line":38,"column":36}},"18":{"start":{"line":40,"column":12},"end":{"line":54,"column":13}},"19":{"start":{"line":41,"column":31},"end":{"line":41,"column":85}},"20":{"start":{"line":42,"column":16},"end":{"line":42,"column":52}},"21":{"start":{"line":45,"column":16},"end":{"line":53,"column":18}},"22":{"start":{"line":56,"column":12},"end":{"line":61,"column":13}},"23":{"start":{"line":57,"column":31},"end":{"line":57,"column":89}},"24":{"start":{"line":58,"column":16},"end":{"line":58,"column":56}},"25":{"start":{"line":63,"column":12},"end":{"line":68,"column":13}},"26":{"start":{"line":64,"column":31},"end":{"line":64,"column":92}},"27":{"start":{"line":65,"column":16},"end":{"line":65,"column":59}},"28":{"start":{"line":70,"column":12},"end":{"line":73,"column":14}},"29":{"start":{"line":75,"column":12},"end":{"line":75,"column":65}},"30":{"start":{"line":76,"column":12},"end":{"line":79,"column":14}},"31":{"start":{"line":85,"column":0},"end":{"line":118,"column":3}},"32":{"start":{"line":90,"column":8},"end":{"line":116,"column":9}},"33":{"start":{"line":91,"column":12},"end":{"line":91,"column":46}},"34":{"start":{"line":93,"column":25},"end":{"line":93,"column":45}},"35":{"start":{"line":94,"column":32},"end":{"line":97,"column":13}},"36":{"start":{"line":99,"column":12},"end":{"line":104,"column":15}},"37":{"start":{"line":106,"column":12},"end":{"line":109,"column":14}},"38":{"start":{"line":111,"column":12},"end":{"line":111,"column":65}},"39":{"start":{"line":112,"column":12},"end":{"line":115,"column":14}},"40":{"start":{"line":121,"column":0},"end":{"line":172,"column":3}},"41":{"start":{"line":126,"column":8},"end":{"line":170,"column":9}},"42":{"start":{"line":127,"column":12},"end":{"line":127,"column":46}},"43":{"start":{"line":129,"column":25},"end":{"line":129,"column":45}},"44":{"start":{"line":130,"column":32},"end":{"line":133,"column":13}},"45":{"start":{"line":136,"column":31},"end":{"line":136,"column":33}},"46":{"start":{"line":137,"column":12},"end":{"line":142,"column":13}},"47":{"start":{"line":138,"column":31},"end":{"line":138,"column":89}},"48":{"start":{"line":139,"column":16},"end":{"line":139,"column":56}},"49":{"start":{"line":145,"column":12},"end":{"line":151,"column":13}},"50":{"start":{"line":145,"column":40},"end":{"line":145,"column":60}},"51":{"start":{"line":146,"column":16},"end":{"line":149,"column":19}},"52":{"start":{"line":150,"column":16},"end":{"line":150,"column":74}},"53":{"start":{"line":150,"column":44},"end":{"line":150,"column":72}},"54":{"start":{"line":153,"column":12},"end":{"line":158,"column":15}},"55":{"start":{"line":160,"column":12},"end":{"line":163,"column":14}},"56":{"start":{"line":165,"column":12},"end":{"line":165,"column":63}},"57":{"start":{"line":166,"column":12},"end":{"line":169,"column":14}},"58":{"start":{"line":175,"column":0},"end":{"line":220,"column":3}},"59":{"start":{"line":180,"column":8},"end":{"line":218,"column":9}},"60":{"start":{"line":181,"column":12},"end":{"line":181,"column":46}},"61":{"start":{"line":183,"column":25},"end":{"line":183,"column":45}},"62":{"start":{"line":184,"column":32},"end":{"line":187,"column":13}},"63":{"start":{"line":190,"column":31},"end":{"line":190,"column":33}},"64":{"start":{"line":191,"column":12},"end":{"line":196,"column":13}},"65":{"start":{"line":192,"column":31},"end":{"line":192,"column":89}},"66":{"start":{"line":193,"column":16},"end":{"line":193,"column":56}},"67":{"start":{"line":199,"column":12},"end":{"line":199,"column":74}},"68":{"start":{"line":199,"column":52},"end":{"line":199,"column":72}},"69":{"start":{"line":201,"column":12},"end":{"line":206,"column":15}},"70":{"start":{"line":208,"column":12},"end":{"line":211,"column":14}},"71":{"start":{"line":213,"column":12},"end":{"line":213,"column":65}},"72":{"start":{"line":214,"column":12},"end":{"line":217,"column":14}},"73":{"start":{"line":223,"column":0},"end":{"line":262,"column":3}},"74":{"start":{"line":228,"column":8},"end":{"line":260,"column":9}},"75":{"start":{"line":229,"column":12},"end":{"line":229,"column":46}},"76":{"start":{"line":231,"column":32},"end":{"line":234,"column":13}},"77":{"start":{"line":236,"column":27},"end":{"line":241,"column":13}},"78":{"start":{"line":243,"column":12},"end":{"line":248,"column":13}},"79":{"start":{"line":244,"column":31},"end":{"line":244,"column":89}},"80":{"start":{"line":245,"column":16},"end":{"line":245,"column":52}},"81":{"start":{"line":250,"column":12},"end":{"line":253,"column":14}},"82":{"start":{"line":255,"column":12},"end":{"line":255,"column":61}},"83":{"start":{"line":256,"column":12},"end":{"line":259,"column":14}},"84":{"start":{"line":265,"column":0},"end":{"line":298,"column":3}},"85":{"start":{"line":270,"column":8},"end":{"line":296,"column":9}},"86":{"start":{"line":271,"column":12},"end":{"line":271,"column":46}},"87":{"start":{"line":273,"column":29},"end":{"line":273,"column":49}},"88":{"start":{"line":274,"column":32},"end":{"line":277,"column":13}},"89":{"start":{"line":279,"column":12},"end":{"line":284,"column":15}},"90":{"start":{"line":286,"column":12},"end":{"line":289,"column":14}},"91":{"start":{"line":291,"column":12},"end":{"line":291,"column":61}},"92":{"start":{"line":292,"column":12},"end":{"line":295,"column":14}},"93":{"start":{"line":301,"column":0},"end":{"line":331,"column":3}},"94":{"start":{"line":306,"column":8},"end":{"line":329,"column":9}},"95":{"start":{"line":307,"column":24},"end":{"line":307,"column":44}},"96":{"start":{"line":308,"column":25},"end":{"line":308,"column":91}},"97":{"start":{"line":309,"column":30},"end":{"line":309,"column":59}},"98":{"start":{"line":310,"column":28},"end":{"line":310,"column":55}},"99":{"start":{"line":313,"column":12},"end":{"line":317,"column":13}},"100":{"start":{"line":314,"column":16},"end":{"line":314,"column":66}},"101":{"start":{"line":316,"column":16},"end":{"line":316,"column":52}},"102":{"start":{"line":319,"column":12},"end":{"line":322,"column":14}},"103":{"start":{"line":324,"column":12},"end":{"line":324,"column":61}},"104":{"start":{"line":325,"column":12},"end":{"line":328,"column":14}},"105":{"start":{"line":334,"column":0},"end":{"line":386,"column":3}},"106":{"start":{"line":339,"column":8},"end":{"line":384,"column":9}},"107":{"start":{"line":340,"column":12},"end":{"line":340,"column":46}},"108":{"start":{"line":342,"column":25},"end":{"line":342,"column":45}},"109":{"start":{"line":343,"column":32},"end":{"line":346,"column":13}},"110":{"start":{"line":349,"column":34},"end":{"line":349,"column":36}},"111":{"start":{"line":350,"column":12},"end":{"line":355,"column":13}},"112":{"start":{"line":351,"column":31},"end":{"line":351,"column":92}},"113":{"start":{"line":352,"column":16},"end":{"line":352,"column":59}},"114":{"start":{"line":358,"column":32},"end":{"line":363,"column":13}},"115":{"start":{"line":364,"column":12},"end":{"line":364,"column":46}},"116":{"start":{"line":365,"column":12},"end":{"line":365,"column":83}},"117":{"start":{"line":365,"column":43},"end":{"line":365,"column":81}},"118":{"start":{"line":367,"column":12},"end":{"line":372,"column":15}},"119":{"start":{"line":374,"column":12},"end":{"line":377,"column":14}},"120":{"start":{"line":379,"column":12},"end":{"line":379,"column":59}},"121":{"start":{"line":380,"column":12},"end":{"line":383,"column":14}},"122":{"start":{"line":389,"column":0},"end":{"line":434,"column":3}},"123":{"start":{"line":394,"column":8},"end":{"line":432,"column":9}},"124":{"start":{"line":395,"column":12},"end":{"line":395,"column":46}},"125":{"start":{"line":397,"column":25},"end":{"line":397,"column":45}},"126":{"start":{"line":398,"column":32},"end":{"line":401,"column":13}},"127":{"start":{"line":404,"column":34},"end":{"line":404,"column":36}},"128":{"start":{"line":405,"column":12},"end":{"line":410,"column":13}},"129":{"start":{"line":406,"column":31},"end":{"line":406,"column":92}},"130":{"start":{"line":407,"column":16},"end":{"line":407,"column":59}},"131":{"start":{"line":409,"column":16},"end":{"line":409,"column":89}},"132":{"start":{"line":413,"column":12},"end":{"line":413,"column":76}},"133":{"start":{"line":413,"column":58},"end":{"line":413,"column":74}},"134":{"start":{"line":415,"column":12},"end":{"line":420,"column":15}},"135":{"start":{"line":422,"column":12},"end":{"line":425,"column":14}},"136":{"start":{"line":427,"column":12},"end":{"line":427,"column":61}},"137":{"start":{"line":428,"column":12},"end":{"line":431,"column":14}}},"fnMap":{"0":{"name":"ensureTable","decl":{"start":{"line":10,"column":15},"end":{"line":10,"column":26}},"loc":{"start":{"line":10,"column":38},"end":{"line":20,"column":1}},"line":10},"1":{"name":"(anonymous_1)","decl":{"start":{"line":27,"column":13},"end":{"line":27,"column":14}},"loc":{"start":{"line":27,"column":41},"end":{"line":81,"column":5}},"line":27},"2":{"name":"(anonymous_2)","decl":{"start":{"line":89,"column":13},"end":{"line":89,"column":14}},"loc":{"start":{"line":89,"column":41},"end":{"line":117,"column":5}},"line":89},"3":{"name":"(anonymous_3)","decl":{"start":{"line":125,"column":13},"end":{"line":125,"column":14}},"loc":{"start":{"line":125,"column":41},"end":{"line":171,"column":5}},"line":125},"4":{"name":"(anonymous_4)","decl":{"start":{"line":145,"column":35},"end":{"line":145,"column":36}},"loc":{"start":{"line":145,"column":40},"end":{"line":145,"column":60}},"line":145},"5":{"name":"(anonymous_5)","decl":{"start":{"line":150,"column":34},"end":{"line":150,"column":35}},"loc":{"start":{"line":150,"column":44},"end":{"line":150,"column":72}},"line":150},"6":{"name":"(anonymous_6)","decl":{"start":{"line":179,"column":13},"end":{"line":179,"column":14}},"loc":{"start":{"line":179,"column":41},"end":{"line":219,"column":5}},"line":179},"7":{"name":"(anonymous_7)","decl":{"start":{"line":199,"column":47},"end":{"line":199,"column":48}},"loc":{"start":{"line":199,"column":52},"end":{"line":199,"column":72}},"line":199},"8":{"name":"(anonymous_8)","decl":{"start":{"line":227,"column":13},"end":{"line":227,"column":14}},"loc":{"start":{"line":227,"column":41},"end":{"line":261,"column":5}},"line":227},"9":{"name":"(anonymous_9)","decl":{"start":{"line":269,"column":13},"end":{"line":269,"column":14}},"loc":{"start":{"line":269,"column":41},"end":{"line":297,"column":5}},"line":269},"10":{"name":"(anonymous_10)","decl":{"start":{"line":305,"column":13},"end":{"line":305,"column":14}},"loc":{"start":{"line":305,"column":41},"end":{"line":330,"column":5}},"line":305},"11":{"name":"(anonymous_11)","decl":{"start":{"line":338,"column":13},"end":{"line":338,"column":14}},"loc":{"start":{"line":338,"column":41},"end":{"line":385,"column":5}},"line":338},"12":{"name":"(anonymous_12)","decl":{"start":{"line":365,"column":33},"end":{"line":365,"column":34}},"loc":{"start":{"line":365,"column":43},"end":{"line":365,"column":81}},"line":365},"13":{"name":"(anonymous_13)","decl":{"start":{"line":393,"column":13},"end":{"line":393,"column":14}},"loc":{"start":{"line":393,"column":41},"end":{"line":433,"column":5}},"line":393},"14":{"name":"(anonymous_14)","decl":{"start":{"line":413,"column":53},"end":{"line":413,"column":54}},"loc":{"start":{"line":413,"column":58},"end":{"line":413,"column":74}},"line":413}},"branchMap":{"0":{"loc":{"start":{"line":16,"column":8},"end":{"line":18,"column":9}},"type":"if","locations":[{"start":{"line":16,"column":8},"end":{"line":18,"column":9}},{"start":{},"end":{}}],"line":16},"1":{"loc":{"start":{"line":145,"column":12},"end":{"line":151,"column":13}},"type":"if","locations":[{"start":{"line":145,"column":12},"end":{"line":151,"column":13}},{"start":{},"end":{}}],"line":145},"2":{"loc":{"start":{"line":148,"column":28},"end":{"line":148,"column":45}},"type":"binary-expr","locations":[{"start":{"line":148,"column":28},"end":{"line":148,"column":39}},{"start":{"line":148,"column":43},"end":{"line":148,"column":45}}],"line":148},"3":{"loc":{"start":{"line":308,"column":25},"end":{"line":308,"column":91}},"type":"binary-expr","locations":[{"start":{"line":308,"column":25},"end":{"line":308,"column":63}},{"start":{"line":308,"column":67},"end":{"line":308,"column":91}}],"line":308},"4":{"loc":{"start":{"line":313,"column":12},"end":{"line":317,"column":13}},"type":"if","locations":[{"start":{"line":313,"column":12},"end":{"line":317,"column":13}},{"start":{"line":315,"column":19},"end":{"line":317,"column":13}}],"line":313},"5":{"loc":{"start":{"line":313,"column":16},"end":{"line":313,"column":36}},"type":"binary-expr","locations":[{"start":{"line":313,"column":16},"end":{"line":313,"column":25}},{"start":{"line":313,"column":29},"end":{"line":313,"column":36}}],"line":313},"6":{"loc":{"start":{"line":362,"column":24},"end":{"line":362,"column":41}},"type":"binary-expr","locations":[{"start":{"line":362,"column":24},"end":{"line":362,"column":35}},{"start":{"line":362,"column":39},"end":{"line":362,"column":41}}],"line":362}},"s":{"0":0,"1":0,"2":0,"3":0,"4":0,"5":0,"6":0,"7":0,"8":0,"9":0,"10":0,"11":0,"12":0,"13":0,"14":0,"15":0,"16":0,"17":0,"18":0,"19":0,"20":0,"21":0,"22":0,"23":0,"24":0,"25":0,"26":0,"27":0,"28":0,"29":0,"30":0,"31":0,"32":0,"33":0,"34":0,"35":0,"36":0,"37":0,"38":0,"39":0,"40":0,"41":0,"42":0,"43":0,"44":0,"45":0,"46":0,"47":0,"48":0,"49":0,"50":0,"51":0,"52":0,"53":0,"54":0,"55":0,"56":0,"57":0,"58":0,"59":0,"60":0,"61":0,"62":0,"63":0,"64":0,"65":0,"66":0,"67":0,"68":0,"69":0,"70":0,"71":0,"72":0,"73":0,"74":0,"75":0,"76":0,"77":0,"78":0,"79":0,"80":0,"81":0,"82":0,"83":0,"84":0,"85":0,"86":0,"87":0,"88":0,"89":0,"90":0,"91":0,"92":0,"93":0,"94":0,"95":0,"96":0,"97":0,"98":0,"99":0,"100":0,"101":0,"102":0,"103":0,"104":0,"105":0,"106":0,"107":0,"108":0,"109":0,"110":0,"111":0,"112":0,"113":0,"114":0,"115":0,"116":0,"117":0,"118":0,"119":0,"120":0,"121":0,"122":0,"123":0,"124":0,"125":0,"126":0,"127":0,"128":0,"129":0,"130":0,"131":0,"132":0,"133":0,"134":0,"135":0,"136":0,"137":0},"f":{"0":0,"1":0,"2":0,"3":0,"4":0,"5":0,"6":0,"7":0,"8":0,"9":0,"10":0,"11":0,"12":0,"13":0,"14":0},"b":{"0":[0,0],"1":[0,0],"2":[0,0],"3":[0,0],"4":[0,0],"5":[0,0],"6":[0,0]}}
,"C:\\Users\\kirils.ivanovs\\source\\repos\\sofija-nutrition-astro\\api\\src\\functions\\adminTableData.js": {"path":"C:\\Users\\kirils.ivanovs\\source\\repos\\sofija-nutrition-astro\\api\\src\\functions\\adminTableData.js","statementMap":{"0":{"start":{"line":1,"column":16},"end":{"line":1,"column":43}},"1":{"start":{"line":2,"column":24},"end":{"line":2,"column":53}},"2":{"start":{"line":4,"column":25},"end":{"line":4,"column":68}},"3":{"start":{"line":7,"column":0},"end":{"line":94,"column":3}},"4":{"start":{"line":12,"column":8},"end":{"line":92,"column":9}},"5":{"start":{"line":13,"column":30},"end":{"line":13,"column":54}},"6":{"start":{"line":16,"column":34},"end":{"line":16,"column":63}},"7":{"start":{"line":17,"column":12},"end":{"line":22,"column":13}},"8":{"start":{"line":18,"column":16},"end":{"line":21,"column":18}},"9":{"start":{"line":24,"column":32},"end":{"line":27,"column":13}},"10":{"start":{"line":29,"column":29},"end":{"line":29,"column":31}},"11":{"start":{"line":31,"column":12},"end":{"line":62,"column":13}},"12":{"start":{"line":32,"column":16},"end":{"line":47,"column":17}},"13":{"start":{"line":34,"column":40},"end":{"line":34,"column":42}},"14":{"start":{"line":35,"column":20},"end":{"line":45,"column":21}},"15":{"start":{"line":37,"column":24},"end":{"line":37,"column":87}},"16":{"start":{"line":37,"column":78},"end":{"line":37,"column":87}},"17":{"start":{"line":40,"column":24},"end":{"line":44,"column":25}},"18":{"start":{"line":41,"column":28},"end":{"line":41,"column":67}},"19":{"start":{"line":43,"column":28},"end":{"line":43,"column":53}},"20":{"start":{"line":46,"column":20},"end":{"line":46,"column":47}},"21":{"start":{"line":50,"column":16},"end":{"line":60,"column":17}},"22":{"start":{"line":51,"column":20},"end":{"line":59,"column":22}},"23":{"start":{"line":61,"column":16},"end":{"line":61,"column":24}},"24":{"start":{"line":65,"column":31},"end":{"line":65,"column":40}},"25":{"start":{"line":66,"column":12},"end":{"line":68,"column":15}},"26":{"start":{"line":67,"column":16},"end":{"line":67,"column":72}},"27":{"start":{"line":67,"column":51},"end":{"line":67,"column":70}},"28":{"start":{"line":71,"column":36},"end":{"line":71,"column":124}},"29":{"start":{"line":72,"column":28},"end":{"line":75,"column":13}},"30":{"start":{"line":73,"column":47},"end":{"line":73,"column":64}},"31":{"start":{"line":74,"column":54},"end":{"line":74,"column":82}},"32":{"start":{"line":77,"column":12},"end":{"line":85,"column":14}},"33":{"start":{"line":87,"column":12},"end":{"line":87,"column":63}},"34":{"start":{"line":88,"column":12},"end":{"line":91,"column":14}},"35":{"start":{"line":97,"column":0},"end":{"line":133,"column":3}},"36":{"start":{"line":102,"column":8},"end":{"line":131,"column":9}},"37":{"start":{"line":103,"column":56},"end":{"line":103,"column":70}},"38":{"start":{"line":106,"column":34},"end":{"line":106,"column":63}},"39":{"start":{"line":107,"column":12},"end":{"line":112,"column":13}},"40":{"start":{"line":108,"column":16},"end":{"line":111,"column":18}},"41":{"start":{"line":114,"column":32},"end":{"line":117,"column":13}},"42":{"start":{"line":119,"column":12},"end":{"line":119,"column":105}},"43":{"start":{"line":121,"column":12},"end":{"line":124,"column":14}},"44":{"start":{"line":126,"column":12},"end":{"line":126,"column":59}},"45":{"start":{"line":127,"column":12},"end":{"line":130,"column":14}}},"fnMap":{"0":{"name":"(anonymous_0)","decl":{"start":{"line":11,"column":13},"end":{"line":11,"column":14}},"loc":{"start":{"line":11,"column":41},"end":{"line":93,"column":5}},"line":11},"1":{"name":"(anonymous_1)","decl":{"start":{"line":66,"column":29},"end":{"line":66,"column":30}},"loc":{"start":{"line":66,"column":39},"end":{"line":68,"column":13}},"line":66},"2":{"name":"(anonymous_2)","decl":{"start":{"line":67,"column":44},"end":{"line":67,"column":45}},"loc":{"start":{"line":67,"column":51},"end":{"line":67,"column":70}},"line":67},"3":{"name":"(anonymous_3)","decl":{"start":{"line":73,"column":42},"end":{"line":73,"column":43}},"loc":{"start":{"line":73,"column":47},"end":{"line":73,"column":64}},"line":73},"4":{"name":"(anonymous_4)","decl":{"start":{"line":74,"column":49},"end":{"line":74,"column":50}},"loc":{"start":{"line":74,"column":54},"end":{"line":74,"column":82}},"line":74},"5":{"name":"(anonymous_5)","decl":{"start":{"line":101,"column":13},"end":{"line":101,"column":14}},"loc":{"start":{"line":101,"column":41},"end":{"line":132,"column":5}},"line":101}},"branchMap":{"0":{"loc":{"start":{"line":17,"column":12},"end":{"line":22,"column":13}},"type":"if","locations":[{"start":{"line":17,"column":12},"end":{"line":22,"column":13}},{"start":{},"end":{}}],"line":17},"1":{"loc":{"start":{"line":37,"column":24},"end":{"line":37,"column":87}},"type":"if","locations":[{"start":{"line":37,"column":24},"end":{"line":37,"column":87}},{"start":{},"end":{}}],"line":37},"2":{"loc":{"start":{"line":37,"column":28},"end":{"line":37,"column":76}},"type":"binary-expr","locations":[{"start":{"line":37,"column":28},"end":{"line":37,"column":48}},{"start":{"line":37,"column":52},"end":{"line":37,"column":76}}],"line":37},"3":{"loc":{"start":{"line":40,"column":24},"end":{"line":44,"column":25}},"type":"if","locations":[{"start":{"line":40,"column":24},"end":{"line":44,"column":25}},{"start":{"line":42,"column":31},"end":{"line":44,"column":25}}],"line":40},"4":{"loc":{"start":{"line":50,"column":16},"end":{"line":60,"column":17}},"type":"if","locations":[{"start":{"line":50,"column":16},"end":{"line":60,"column":17}},{"start":{},"end":{}}],"line":50},"5":{"loc":{"start":{"line":107,"column":12},"end":{"line":112,"column":13}},"type":"if","locations":[{"start":{"line":107,"column":12},"end":{"line":112,"column":13}},{"start":{},"end":{}}],"line":107}},"s":{"0":0,"1":0,"2":0,"3":0,"4":0,"5":0,"6":0,"7":0,"8":0,"9":0,"10":0,"11":0,"12":0,"13":0,"14":0,"15":0,"16":0,"17":0,"18":0,"19":0,"20":0,"21":0,"22":0,"23":0,"24":0,"25":0,"26":0,"27":0,"28":0,"29":0,"30":0,"31":0,"32":0,"33":0,"34":0,"35":0,"36":0,"37":0,"38":0,"39":0,"40":0,"41":0,"42":0,"43":0,"44":0,"45":0},"f":{"0":0,"1":0,"2":0,"3":0,"4":0,"5":0},"b":{"0":[0,0],"1":[0,0],"2":[0,0],"3":[0,0],"4":[0,0],"5":[0,0]}}
,"C:\\Users\\kirils.ivanovs\\source\\repos\\sofija-nutrition-astro\\api\\src\\functions\\confirmPayment.js": {"path":"C:\\Users\\kirils.ivanovs\\source\\repos\\sofija-nutrition-astro\\api\\src\\functions\\confirmPayment.js","statementMap":{"0":{"start":{"line":1,"column":16},"end":{"line":1,"column":43}},"1":{"start":{"line":2,"column":15},"end":{"line":2,"column":35}},"2":{"start":{"line":3,"column":21},"end":{"line":3,"column":47}},"3":{"start":{"line":4,"column":58},"end":{"line":4,"column":98}},"4":{"start":{"line":5,"column":50},"end":{"line":5,"column":85}},"5":{"start":{"line":6,"column":76},"end":{"line":6,"column":114}},"6":{"start":{"line":8,"column":0},"end":{"line":92,"column":3}},"7":{"start":{"line":13,"column":8},"end":{"line":13,"column":55}},"8":{"start":{"line":15,"column":8},"end":{"line":90,"column":9}},"9":{"start":{"line":16,"column":26},"end":{"line":16,"column":52}},"10":{"start":{"line":18,"column":12},"end":{"line":24,"column":13}},"11":{"start":{"line":19,"column":16},"end":{"line":23,"column":18}},"12":{"start":{"line":27,"column":30},"end":{"line":27,"column":55}},"13":{"start":{"line":28,"column":12},"end":{"line":34,"column":13}},"14":{"start":{"line":29,"column":16},"end":{"line":33,"column":18}},"15":{"start":{"line":37,"column":28},"end":{"line":37,"column":55}},"16":{"start":{"line":38,"column":12},"end":{"line":44,"column":13}},"17":{"start":{"line":39,"column":16},"end":{"line":43,"column":18}},"18":{"start":{"line":47,"column":12},"end":{"line":54,"column":13}},"19":{"start":{"line":48,"column":26},"end":{"line":48,"column":79}},"20":{"start":{"line":49,"column":16},"end":{"line":53,"column":18}},"21":{"start":{"line":57,"column":12},"end":{"line":60,"column":15}},"22":{"start":{"line":61,"column":12},"end":{"line":61,"column":70}},"23":{"start":{"line":64,"column":22},"end":{"line":64,"column":75}},"24":{"start":{"line":67,"column":12},"end":{"line":75,"column":13}},"25":{"start":{"line":68,"column":34},"end":{"line":68,"column":79}},"26":{"start":{"line":69,"column":16},"end":{"line":73,"column":18}},"27":{"start":{"line":74,"column":16},"end":{"line":74,"column":73}},"28":{"start":{"line":77,"column":12},"end":{"line":81,"column":14}},"29":{"start":{"line":84,"column":12},"end":{"line":84,"column":64}},"30":{"start":{"line":85,"column":12},"end":{"line":89,"column":14}},"31":{"start":{"line":95,"column":4},"end":{"line":146,"column":9}}},"fnMap":{"0":{"name":"(anonymous_0)","decl":{"start":{"line":12,"column":13},"end":{"line":12,"column":14}},"loc":{"start":{"line":12,"column":41},"end":{"line":91,"column":5}},"line":12},"1":{"name":"generateErrorPage","decl":{"start":{"line":94,"column":9},"end":{"line":94,"column":26}},"loc":{"start":{"line":94,"column":36},"end":{"line":147,"column":1}},"line":94}},"branchMap":{"0":{"loc":{"start":{"line":18,"column":12},"end":{"line":24,"column":13}},"type":"if","locations":[{"start":{"line":18,"column":12},"end":{"line":24,"column":13}},{"start":{},"end":{}}],"line":18},"1":{"loc":{"start":{"line":28,"column":12},"end":{"line":34,"column":13}},"type":"if","locations":[{"start":{"line":28,"column":12},"end":{"line":34,"column":13}},{"start":{},"end":{}}],"line":28},"2":{"loc":{"start":{"line":38,"column":12},"end":{"line":44,"column":13}},"type":"if","locations":[{"start":{"line":38,"column":12},"end":{"line":44,"column":13}},{"start":{},"end":{}}],"line":38},"3":{"loc":{"start":{"line":47,"column":12},"end":{"line":54,"column":13}},"type":"if","locations":[{"start":{"line":47,"column":12},"end":{"line":54,"column":13}},{"start":{},"end":{}}],"line":47},"4":{"loc":{"start":{"line":48,"column":54},"end":{"line":48,"column":78}},"type":"binary-expr","locations":[{"start":{"line":48,"column":54},"end":{"line":48,"column":70}},{"start":{"line":48,"column":74},"end":{"line":48,"column":78}}],"line":48},"5":{"loc":{"start":{"line":64,"column":50},"end":{"line":64,"column":74}},"type":"binary-expr","locations":[{"start":{"line":64,"column":50},"end":{"line":64,"column":66}},{"start":{"line":64,"column":70},"end":{"line":64,"column":74}}],"line":64},"6":{"loc":{"start":{"line":67,"column":12},"end":{"line":75,"column":13}},"type":"if","locations":[{"start":{"line":67,"column":12},"end":{"line":75,"column":13}},{"start":{},"end":{}}],"line":67}},"s":{"0":0,"1":0,"2":0,"3":0,"4":0,"5":0,"6":0,"7":0,"8":0,"9":0,"10":0,"11":0,"12":0,"13":0,"14":0,"15":0,"16":0,"17":0,"18":0,"19":0,"20":0,"21":0,"22":0,"23":0,"24":0,"25":0,"26":0,"27":0,"28":0,"29":0,"30":0,"31":0},"f":{"0":0,"1":0},"b":{"0":[0,0],"1":[0,0],"2":[0,0],"3":[0,0],"4":[0,0],"5":[0,0],"6":[0,0]}}
,"C:\\Users\\kirils.ivanovs\\source\\repos\\sofija-nutrition-astro\\api\\src\\functions\\createBooking.js": {"path":"C:\\Users\\kirils.ivanovs\\source\\repos\\sofija-nutrition-astro\\api\\src\\functions\\createBooking.js","statementMap":{"0":{"start":{"line":1,"column":16},"end":{"line":1,"column":43}},"1":{"start":{"line":2,"column":15},"end":{"line":2,"column":35}},"2":{"start":{"line":3,"column":21},"end":{"line":3,"column":47}},"3":{"start":{"line":4,"column":27},"end":{"line":4,"column":51}},"4":{"start":{"line":5,"column":79},"end":{"line":5,"column":119}},"5":{"start":{"line":6,"column":72},"end":{"line":6,"column":107}},"6":{"start":{"line":7,"column":31},"end":{"line":7,"column":64}},"7":{"start":{"line":8,"column":60},"end":{"line":8,"column":98}},"8":{"start":{"line":9,"column":29},"end":{"line":9,"column":67}},"9":{"start":{"line":11,"column":0},"end":{"line":194,"column":3}},"10":{"start":{"line":16,"column":8},"end":{"line":16,"column":50}},"11":{"start":{"line":18,"column":8},"end":{"line":192,"column":9}},"12":{"start":{"line":19,"column":25},"end":{"line":19,"column":45}},"13":{"start":{"line":20,"column":112},"end":{"line":20,"column":116}},"14":{"start":{"line":23,"column":12},"end":{"line":28,"column":13}},"15":{"start":{"line":24,"column":16},"end":{"line":27,"column":18}},"16":{"start":{"line":31,"column":32},"end":{"line":31,"column":46}},"17":{"start":{"line":32,"column":30},"end":{"line":32,"column":50}},"18":{"start":{"line":33,"column":12},"end":{"line":43,"column":13}},"19":{"start":{"line":34,"column":16},"end":{"line":42,"column":18}},"20":{"start":{"line":46,"column":33},"end":{"line":46,"column":55}},"21":{"start":{"line":47,"column":12},"end":{"line":58,"column":13}},"22":{"start":{"line":48,"column":16},"end":{"line":57,"column":18}},"23":{"start":{"line":61,"column":30},"end":{"line":61,"column":60}},"24":{"start":{"line":62,"column":12},"end":{"line":72,"column":13}},"25":{"start":{"line":63,"column":16},"end":{"line":71,"column":18}},"26":{"start":{"line":75,"column":22},"end":{"line":75,"column":59}},"27":{"start":{"line":76,"column":29},"end":{"line":76,"column":84}},"28":{"start":{"line":79,"column":30},"end":{"line":79,"column":49}},"29":{"start":{"line":80,"column":33},"end":{"line":80,"column":64}},"30":{"start":{"line":81,"column":26},"end":{"line":81,"column":61}},"31":{"start":{"line":84,"column":32},"end":{"line":84,"column":62}},"32":{"start":{"line":85,"column":32},"end":{"line":85,"column":99}},"33":{"start":{"line":87,"column":32},"end":{"line":105,"column":13}},"34":{"start":{"line":108,"column":32},"end":{"line":108,"column":50}},"35":{"start":{"line":109,"column":12},"end":{"line":109,"column":33}},"36":{"start":{"line":110,"column":12},"end":{"line":110,"column":43}},"37":{"start":{"line":111,"column":12},"end":{"line":111,"column":54}},"38":{"start":{"line":114,"column":28},"end":{"line":114,"column":32}},"39":{"start":{"line":115,"column":12},"end":{"line":120,"column":13}},"40":{"start":{"line":116,"column":16},"end":{"line":116,"column":66}},"41":{"start":{"line":117,"column":16},"end":{"line":117,"column":53}},"42":{"start":{"line":119,"column":16},"end":{"line":119,"column":73}},"43":{"start":{"line":123,"column":12},"end":{"line":175,"column":13}},"44":{"start":{"line":124,"column":42},"end":{"line":124,"column":108}},"45":{"start":{"line":127,"column":36},"end":{"line":135,"column":17}},"46":{"start":{"line":138,"column":40},"end":{"line":138,"column":79}},"47":{"start":{"line":139,"column":36},"end":{"line":142,"column":23}},"48":{"start":{"line":144,"column":16},"end":{"line":155,"column":19}},"49":{"start":{"line":150,"column":20},"end":{"line":154,"column":21}},"50":{"start":{"line":151,"column":24},"end":{"line":151,"column":86}},"51":{"start":{"line":153,"column":24},"end":{"line":153,"column":76}},"52":{"start":{"line":158,"column":37},"end":{"line":161,"column":17}},"53":{"start":{"line":162,"column":39},"end":{"line":162,"column":94}},"54":{"start":{"line":163,"column":16},"end":{"line":172,"column":19}},"55":{"start":{"line":167,"column":20},"end":{"line":171,"column":21}},"56":{"start":{"line":168,"column":24},"end":{"line":168,"column":85}},"57":{"start":{"line":170,"column":24},"end":{"line":170,"column":75}},"58":{"start":{"line":174,"column":16},"end":{"line":174,"column":79}},"59":{"start":{"line":177,"column":12},"end":{"line":184,"column":14}},"60":{"start":{"line":187,"column":12},"end":{"line":187,"column":51}},"61":{"start":{"line":188,"column":12},"end":{"line":191,"column":14}}},"fnMap":{"0":{"name":"(anonymous_0)","decl":{"start":{"line":15,"column":13},"end":{"line":15,"column":14}},"loc":{"start":{"line":15,"column":41},"end":{"line":193,"column":5}},"line":15},"1":{"name":"(anonymous_1)","decl":{"start":{"line":149,"column":23},"end":{"line":149,"column":24}},"loc":{"start":{"line":149,"column":33},"end":{"line":155,"column":17}},"line":149},"2":{"name":"(anonymous_2)","decl":{"start":{"line":166,"column":23},"end":{"line":166,"column":24}},"loc":{"start":{"line":166,"column":33},"end":{"line":172,"column":17}},"line":166}},"branchMap":{"0":{"loc":{"start":{"line":20,"column":61},"end":{"line":20,"column":76}},"type":"default-arg","locations":[{"start":{"line":20,"column":72},"end":{"line":20,"column":76}}],"line":20},"1":{"loc":{"start":{"line":20,"column":78},"end":{"line":20,"column":107}},"type":"default-arg","locations":[{"start":{"line":20,"column":99},"end":{"line":20,"column":107}}],"line":20},"2":{"loc":{"start":{"line":23,"column":12},"end":{"line":28,"column":13}},"type":"if","locations":[{"start":{"line":23,"column":12},"end":{"line":28,"column":13}},{"start":{},"end":{}}],"line":23},"3":{"loc":{"start":{"line":23,"column":16},"end":{"line":23,"column":61}},"type":"binary-expr","locations":[{"start":{"line":23,"column":16},"end":{"line":23,"column":21}},{"start":{"line":23,"column":25},"end":{"line":23,"column":31}},{"start":{"line":23,"column":35},"end":{"line":23,"column":40}},{"start":{"line":23,"column":44},"end":{"line":23,"column":49}},{"start":{"line":23,"column":53},"end":{"line":23,"column":61}}],"line":23},"4":{"loc":{"start":{"line":33,"column":12},"end":{"line":43,"column":13}},"type":"if","locations":[{"start":{"line":33,"column":12},"end":{"line":43,"column":13}},{"start":{},"end":{}}],"line":33},"5":{"loc":{"start":{"line":33,"column":16},"end":{"line":33,"column":50}},"type":"binary-expr","locations":[{"start":{"line":33,"column":16},"end":{"line":33,"column":31}},{"start":{"line":33,"column":35},"end":{"line":33,"column":50}}],"line":33},"6":{"loc":{"start":{"line":47,"column":12},"end":{"line":58,"column":13}},"type":"if","locations":[{"start":{"line":47,"column":12},"end":{"line":58,"column":13}},{"start":{},"end":{}}],"line":47},"7":{"loc":{"start":{"line":62,"column":12},"end":{"line":72,"column":13}},"type":"if","locations":[{"start":{"line":62,"column":12},"end":{"line":72,"column":13}},{"start":{},"end":{}}],"line":62},"8":{"loc":{"start":{"line":76,"column":29},"end":{"line":76,"column":84}},"type":"cond-expr","locations":[{"start":{"line":76,"column":69},"end":{"line":76,"column":77}},{"start":{"line":76,"column":80},"end":{"line":76,"column":84}}],"line":76},"9":{"loc":{"start":{"line":81,"column":26},"end":{"line":81,"column":61}},"type":"binary-expr","locations":[{"start":{"line":81,"column":26},"end":{"line":81,"column":55}},{"start":{"line":81,"column":59},"end":{"line":81,"column":61}}],"line":81},"10":{"loc":{"start":{"line":84,"column":32},"end":{"line":84,"column":62}},"type":"binary-expr","locations":[{"start":{"line":84,"column":32},"end":{"line":84,"column":51}},{"start":{"line":84,"column":55},"end":{"line":84,"column":62}}],"line":84},"11":{"loc":{"start":{"line":85,"column":32},"end":{"line":85,"column":99}},"type":"cond-expr","locations":[{"start":{"line":85,"column":66},"end":{"line":85,"column":80}},{"start":{"line":85,"column":83},"end":{"line":85,"column":99}}],"line":85},"12":{"loc":{"start":{"line":92,"column":23},"end":{"line":92,"column":34}},"type":"binary-expr","locations":[{"start":{"line":92,"column":23},"end":{"line":92,"column":28}},{"start":{"line":92,"column":32},"end":{"line":92,"column":34}}],"line":92},"13":{"loc":{"start":{"line":123,"column":12},"end":{"line":175,"column":13}},"type":"if","locations":[{"start":{"line":123,"column":12},"end":{"line":175,"column":13}},{"start":{"line":173,"column":19},"end":{"line":175,"column":13}}],"line":123},"14":{"loc":{"start":{"line":139,"column":36},"end":{"line":142,"column":23}},"type":"cond-expr","locations":[{"start":{"line":139,"column":48},"end":{"line":142,"column":18}},{"start":{"line":142,"column":21},"end":{"line":142,"column":23}}],"line":139},"15":{"loc":{"start":{"line":150,"column":20},"end":{"line":154,"column":21}},"type":"if","locations":[{"start":{"line":150,"column":20},"end":{"line":154,"column":21}},{"start":{"line":152,"column":27},"end":{"line":154,"column":21}}],"line":150},"16":{"loc":{"start":{"line":167,"column":20},"end":{"line":171,"column":21}},"type":"if","locations":[{"start":{"line":167,"column":20},"end":{"line":171,"column":21}},{"start":{"line":169,"column":27},"end":{"line":171,"column":21}}],"line":167}},"s":{"0":1,"1":1,"2":1,"3":1,"4":1,"5":1,"6":1,"7":1,"8":1,"9":1,"10":4,"11":4,"12":4,"13":4,"14":4,"15":4,"16":0,"17":0,"18":0,"19":0,"20":0,"21":0,"22":0,"23":0,"24":0,"25":0,"26":0,"27":0,"28":0,"29":0,"30":0,"31":0,"32":0,"33":0,"34":0,"35":0,"36":0,"37":0,"38":0,"39":0,"40":0,"41":0,"42":0,"43":0,"44":0,"45":0,"46":0,"47":0,"48":0,"49":0,"50":0,"51":0,"52":0,"53":0,"54":0,"55":0,"56":0,"57":0,"58":0,"59":0,"60":0,"61":0},"f":{"0":4,"1":0,"2":0},"b":{"0":[4],"1":[4],"2":[4,0],"3":[4,3,2,1,1],"4":[0,0],"5":[0,0],"6":[0,0],"7":[0,0],"8":[0,0],"9":[0,0],"10":[0,0],"11":[0,0],"12":[0,0],"13":[0,0],"14":[0,0],"15":[0,0],"16":[0,0]},"_coverageSchema":"1a1c01bbd47fc00a2c39e90264f33305004495a9","hash":"d35e447875a0fc576b4bf627ce7156c9df3da5ec"}
,"C:\\Users\\kirils.ivanovs\\source\\repos\\sofija-nutrition-astro\\api\\src\\functions\\getAvailability.js": {"path":"C:\\Users\\kirils.ivanovs\\source\\repos\\sofija-nutrition-astro\\api\\src\\functions\\getAvailability.js","statementMap":{"0":{"start":{"line":1,"column":16},"end":{"line":1,"column":43}},"1":{"start":{"line":2,"column":24},"end":{"line":2,"column":53}},"2":{"start":{"line":3,"column":29},"end":{"line":3,"column":67}},"3":{"start":{"line":4,"column":27},"end":{"line":4,"column":51}},"4":{"start":{"line":6,"column":25},"end":{"line":6,"column":68}},"5":{"start":{"line":7,"column":23},"end":{"line":7,"column":33}},"6":{"start":{"line":8,"column":23},"end":{"line":8,"column":38}},"7":{"start":{"line":9,"column":23},"end":{"line":9,"column":33}},"8":{"start":{"line":10,"column":22},"end":{"line":10,"column":31}},"9":{"start":{"line":13,"column":20},"end":{"line":13,"column":24}},"10":{"start":{"line":14,"column":24},"end":{"line":14,"column":28}},"11":{"start":{"line":15,"column":21},"end":{"line":15,"column":34}},"12":{"start":{"line":24,"column":16},"end":{"line":24,"column":26}},"13":{"start":{"line":25,"column":4},"end":{"line":27,"column":5}},"14":{"start":{"line":26,"column":8},"end":{"line":26,"column":29}},"15":{"start":{"line":29,"column":4},"end":{"line":84,"column":5}},"16":{"start":{"line":30,"column":28},"end":{"line":30,"column":94}},"17":{"start":{"line":31,"column":25},"end":{"line":31,"column":27}},"18":{"start":{"line":33,"column":8},"end":{"line":46,"column":9}},"19":{"start":{"line":35,"column":12},"end":{"line":45,"column":13}},"20":{"start":{"line":36,"column":16},"end":{"line":44,"column":19}},"21":{"start":{"line":49,"column":8},"end":{"line":49,"column":33}},"22":{"start":{"line":50,"column":8},"end":{"line":50,"column":39}},"23":{"start":{"line":52,"column":8},"end":{"line":52,"column":24}},"24":{"start":{"line":55,"column":8},"end":{"line":83,"column":10}},"25":{"start":{"line":88,"column":21},"end":{"line":90,"column":1}},"26":{"start":{"line":93,"column":17},"end":{"line":93,"column":95}},"27":{"start":{"line":97,"column":22},"end":{"line":97,"column":39}},"28":{"start":{"line":98,"column":4},"end":{"line":100,"column":5}},"29":{"start":{"line":99,"column":8},"end":{"line":99,"column":18}},"30":{"start":{"line":102,"column":18},"end":{"line":102,"column":20}},"31":{"start":{"line":103,"column":24},"end":{"line":103,"column":62}},"32":{"start":{"line":104,"column":22},"end":{"line":104,"column":58}},"33":{"start":{"line":106,"column":4},"end":{"line":108,"column":5}},"34":{"start":{"line":106,"column":20},"end":{"line":106,"column":29}},"35":{"start":{"line":107,"column":8},"end":{"line":107,"column":58}},"36":{"start":{"line":110,"column":4},"end":{"line":110,"column":17}},"37":{"start":{"line":115,"column":4},"end":{"line":130,"column":5}},"38":{"start":{"line":116,"column":28},"end":{"line":116,"column":94}},"39":{"start":{"line":117,"column":23},"end":{"line":117,"column":72}},"40":{"start":{"line":118,"column":8},"end":{"line":118,"column":40}},"41":{"start":{"line":121,"column":8},"end":{"line":129,"column":10}},"42":{"start":{"line":135,"column":4},"end":{"line":141,"column":5}},"43":{"start":{"line":136,"column":28},"end":{"line":136,"column":94}},"44":{"start":{"line":137,"column":23},"end":{"line":137,"column":76}},"45":{"start":{"line":138,"column":8},"end":{"line":138,"column":40}},"46":{"start":{"line":140,"column":8},"end":{"line":140,"column":18}},"47":{"start":{"line":146,"column":4},"end":{"line":152,"column":5}},"48":{"start":{"line":147,"column":28},"end":{"line":147,"column":94}},"49":{"start":{"line":148,"column":23},"end":{"line":148,"column":79}},"50":{"start":{"line":149,"column":8},"end":{"line":149,"column":40}},"51":{"start":{"line":151,"column":8},"end":{"line":151,"column":18}},"52":{"start":{"line":157,"column":4},"end":{"line":157,"column":85}},"53":{"start":{"line":157,"column":37},"end":{"line":157,"column":83}},"54":{"start":{"line":162,"column":24},"end":{"line":162,"column":26}},"55":{"start":{"line":164,"column":4},"end":{"line":187,"column":5}},"56":{"start":{"line":165,"column":28},"end":{"line":165,"column":94}},"57":{"start":{"line":168,"column":8},"end":{"line":183,"column":9}},"58":{"start":{"line":170,"column":12},"end":{"line":172,"column":13}},"59":{"start":{"line":171,"column":16},"end":{"line":171,"column":25}},"60":{"start":{"line":174,"column":32},"end":{"line":174,"column":43}},"61":{"start":{"line":177,"column":12},"end":{"line":182,"column":13}},"62":{"start":{"line":178,"column":16},"end":{"line":180,"column":17}},"63":{"start":{"line":179,"column":20},"end":{"line":179,"column":50}},"64":{"start":{"line":181,"column":16},"end":{"line":181,"column":59}},"65":{"start":{"line":186,"column":8},"end":{"line":186,"column":60}},"66":{"start":{"line":189,"column":4},"end":{"line":189,"column":23}},"67":{"start":{"line":192,"column":0},"end":{"line":379,"column":3}},"68":{"start":{"line":197,"column":8},"end":{"line":377,"column":9}},"69":{"start":{"line":198,"column":25},"end":{"line":198,"column":44}},"70":{"start":{"line":199,"column":26},"end":{"line":199,"column":36}},"71":{"start":{"line":200,"column":29},"end":{"line":200,"column":62}},"72":{"start":{"line":201,"column":32},"end":{"line":201,"column":48}},"73":{"start":{"line":202,"column":34},"end":{"line":202,"column":52}},"74":{"start":{"line":205,"column":28},"end":{"line":205,"column":43}},"75":{"start":{"line":206,"column":12},"end":{"line":206,"column":50}},"76":{"start":{"line":207,"column":31},"end":{"line":207,"column":66}},"77":{"start":{"line":210,"column":92},"end":{"line":216,"column":14}},"78":{"start":{"line":219,"column":33},"end":{"line":219,"column":74}},"79":{"start":{"line":219,"column":66},"end":{"line":219,"column":72}},"80":{"start":{"line":221,"column":12},"end":{"line":283,"column":13}},"81":{"start":{"line":223,"column":30},"end":{"line":223,"column":32}},"82":{"start":{"line":225,"column":16},"end":{"line":273,"column":17}},"83":{"start":{"line":225,"column":29},"end":{"line":225,"column":30}},"84":{"start":{"line":226,"column":38},"end":{"line":226,"column":53}},"85":{"start":{"line":227,"column":20},"end":{"line":227,"column":59}},"86":{"start":{"line":228,"column":36},"end":{"line":228,"column":73}},"87":{"start":{"line":229,"column":38},"end":{"line":229,"column":56}},"88":{"start":{"line":230,"column":36},"end":{"line":230,"column":55}},"89":{"start":{"line":233,"column":20},"end":{"line":235,"column":21}},"90":{"start":{"line":234,"column":24},"end":{"line":234,"column":33}},"91":{"start":{"line":238,"column":41},"end":{"line":238,"column":66}},"92":{"start":{"line":239,"column":20},"end":{"line":241,"column":21}},"93":{"start":{"line":240,"column":24},"end":{"line":240,"column":33}},"94":{"start":{"line":244,"column":20},"end":{"line":246,"column":21}},"95":{"start":{"line":245,"column":24},"end":{"line":245,"column":33}},"96":{"start":{"line":249,"column":20},"end":{"line":251,"column":21}},"97":{"start":{"line":250,"column":24},"end":{"line":250,"column":33}},"98":{"start":{"line":254,"column":41},"end":{"line":254,"column":85}},"99":{"start":{"line":257,"column":35},"end":{"line":257,"column":61}},"100":{"start":{"line":258,"column":20},"end":{"line":258,"column":91}},"101":{"start":{"line":258,"column":67},"end":{"line":258,"column":89}},"102":{"start":{"line":261,"column":20},"end":{"line":267,"column":21}},"103":{"start":{"line":262,"column":52},"end":{"line":262,"column":89}},"104":{"start":{"line":263,"column":24},"end":{"line":266,"column":27}},"105":{"start":{"line":264,"column":59},"end":{"line":264,"column":86}},"106":{"start":{"line":265,"column":28},"end":{"line":265,"column":86}},"107":{"start":{"line":270,"column":20},"end":{"line":272,"column":21}},"108":{"start":{"line":271,"column":24},"end":{"line":271,"column":56}},"109":{"start":{"line":275,"column":16},"end":{"line":282,"column":18}},"110":{"start":{"line":286,"column":30},"end":{"line":286,"column":44}},"111":{"start":{"line":287,"column":30},"end":{"line":287,"column":48}},"112":{"start":{"line":288,"column":28},"end":{"line":288,"column":47}},"113":{"start":{"line":291,"column":12},"end":{"line":302,"column":13}},"114":{"start":{"line":292,"column":16},"end":{"line":301,"column":18}},"115":{"start":{"line":305,"column":33},"end":{"line":305,"column":55}},"116":{"start":{"line":306,"column":12},"end":{"line":317,"column":13}},"117":{"start":{"line":307,"column":16},"end":{"line":316,"column":18}},"118":{"start":{"line":320,"column":12},"end":{"line":331,"column":13}},"119":{"start":{"line":321,"column":16},"end":{"line":330,"column":18}},"120":{"start":{"line":334,"column":12},"end":{"line":345,"column":13}},"121":{"start":{"line":335,"column":16},"end":{"line":344,"column":18}},"122":{"start":{"line":348,"column":33},"end":{"line":348,"column":77}},"123":{"start":{"line":349,"column":27},"end":{"line":349,"column":50}},"124":{"start":{"line":350,"column":12},"end":{"line":350,"column":83}},"125":{"start":{"line":350,"column":59},"end":{"line":350,"column":81}},"126":{"start":{"line":353,"column":12},"end":{"line":359,"column":13}},"127":{"start":{"line":354,"column":44},"end":{"line":354,"column":81}},"128":{"start":{"line":355,"column":16},"end":{"line":358,"column":19}},"129":{"start":{"line":356,"column":51},"end":{"line":356,"column":78}},"130":{"start":{"line":357,"column":20},"end":{"line":357,"column":78}},"131":{"start":{"line":361,"column":12},"end":{"line":369,"column":14}},"132":{"start":{"line":372,"column":12},"end":{"line":372,"column":64}},"133":{"start":{"line":373,"column":12},"end":{"line":376,"column":24}}},"fnMap":{"0":{"name":"getServiceSettings","decl":{"start":{"line":22,"column":15},"end":{"line":22,"column":33}},"loc":{"start":{"line":22,"column":36},"end":{"line":85,"column":1}},"line":22},"1":{"name":"generateSlotsFromSchedule","decl":{"start":{"line":96,"column":9},"end":{"line":96,"column":34}},"loc":{"start":{"line":96,"column":54},"end":{"line":111,"column":1}},"line":96},"2":{"name":"getScheduleSettings","decl":{"start":{"line":114,"column":15},"end":{"line":114,"column":34}},"loc":{"start":{"line":114,"column":37},"end":{"line":131,"column":1}},"line":114},"3":{"name":"getBlockedDates","decl":{"start":{"line":134,"column":15},"end":{"line":134,"column":30}},"loc":{"start":{"line":134,"column":33},"end":{"line":142,"column":1}},"line":134},"4":{"name":"getVacationPeriods","decl":{"start":{"line":145,"column":15},"end":{"line":145,"column":33}},"loc":{"start":{"line":145,"column":36},"end":{"line":153,"column":1}},"line":145},"5":{"name":"isDateInVacation","decl":{"start":{"line":156,"column":9},"end":{"line":156,"column":25}},"loc":{"start":{"line":156,"column":52},"end":{"line":158,"column":1}},"line":156},"6":{"name":"(anonymous_6)","decl":{"start":{"line":157,"column":32},"end":{"line":157,"column":33}},"loc":{"start":{"line":157,"column":37},"end":{"line":157,"column":83}},"line":157},"7":{"name":"getBookedSlots","decl":{"start":{"line":161,"column":15},"end":{"line":161,"column":29}},"loc":{"start":{"line":161,"column":50},"end":{"line":190,"column":1}},"line":161},"8":{"name":"(anonymous_8)","decl":{"start":{"line":196,"column":13},"end":{"line":196,"column":14}},"loc":{"start":{"line":196,"column":41},"end":{"line":378,"column":5}},"line":196},"9":{"name":"(anonymous_9)","decl":{"start":{"line":219,"column":61},"end":{"line":219,"column":62}},"loc":{"start":{"line":219,"column":66},"end":{"line":219,"column":72}},"line":219},"10":{"name":"(anonymous_10)","decl":{"start":{"line":258,"column":59},"end":{"line":258,"column":60}},"loc":{"start":{"line":258,"column":67},"end":{"line":258,"column":89}},"line":258},"11":{"name":"(anonymous_11)","decl":{"start":{"line":263,"column":63},"end":{"line":263,"column":64}},"loc":{"start":{"line":263,"column":71},"end":{"line":266,"column":25}},"line":263},"12":{"name":"(anonymous_12)","decl":{"start":{"line":350,"column":51},"end":{"line":350,"column":52}},"loc":{"start":{"line":350,"column":59},"end":{"line":350,"column":81}},"line":350},"13":{"name":"(anonymous_13)","decl":{"start":{"line":355,"column":55},"end":{"line":355,"column":56}},"loc":{"start":{"line":355,"column":63},"end":{"line":358,"column":17}},"line":355}},"branchMap":{"0":{"loc":{"start":{"line":25,"column":4},"end":{"line":27,"column":5}},"type":"if","locations":[{"start":{"line":25,"column":4},"end":{"line":27,"column":5}},{"start":{},"end":{}}],"line":25},"1":{"loc":{"start":{"line":25,"column":8},"end":{"line":25,"column":86}},"type":"binary-expr","locations":[{"start":{"line":25,"column":8},"end":{"line":25,"column":21}},{"start":{"line":25,"column":25},"end":{"line":25,"column":42}},{"start":{"line":25,"column":47},"end":{"line":25,"column":85}}],"line":25},"2":{"loc":{"start":{"line":35,"column":12},"end":{"line":45,"column":13}},"type":"if","locations":[{"start":{"line":35,"column":12},"end":{"line":45,"column":13}},{"start":{},"end":{}}],"line":35},"3":{"loc":{"start":{"line":35,"column":16},"end":{"line":35,"column":82}},"type":"binary-expr","locations":[{"start":{"line":35,"column":16},"end":{"line":35,"column":53}},{"start":{"line":35,"column":57},"end":{"line":35,"column":82}}],"line":35},"4":{"loc":{"start":{"line":98,"column":4},"end":{"line":100,"column":5}},"type":"if","locations":[{"start":{"line":98,"column":4},"end":{"line":100,"column":5}},{"start":{},"end":{}}],"line":98},"5":{"loc":{"start":{"line":98,"column":8},"end":{"line":98,"column":40}},"type":"binary-expr","locations":[{"start":{"line":98,"column":8},"end":{"line":98,"column":18}},{"start":{"line":98,"column":22},"end":{"line":98,"column":40}}],"line":98},"6":{"loc":{"start":{"line":157,"column":37},"end":{"line":157,"column":83}},"type":"binary-expr","locations":[{"start":{"line":157,"column":37},"end":{"line":157,"column":59}},{"start":{"line":157,"column":63},"end":{"line":157,"column":83}}],"line":157},"7":{"loc":{"start":{"line":170,"column":12},"end":{"line":172,"column":13}},"type":"if","locations":[{"start":{"line":170,"column":12},"end":{"line":172,"column":13}},{"start":{},"end":{}}],"line":170},"8":{"loc":{"start":{"line":177,"column":12},"end":{"line":182,"column":13}},"type":"if","locations":[{"start":{"line":177,"column":12},"end":{"line":182,"column":13}},{"start":{},"end":{}}],"line":177},"9":{"loc":{"start":{"line":177,"column":16},"end":{"line":177,"column":66}},"type":"binary-expr","locations":[{"start":{"line":177,"column":16},"end":{"line":177,"column":40}},{"start":{"line":177,"column":44},"end":{"line":177,"column":66}}],"line":177},"10":{"loc":{"start":{"line":178,"column":16},"end":{"line":180,"column":17}},"type":"if","locations":[{"start":{"line":178,"column":16},"end":{"line":180,"column":17}},{"start":{},"end":{}}],"line":178},"11":{"loc":{"start":{"line":221,"column":12},"end":{"line":283,"column":13}},"type":"if","locations":[{"start":{"line":221,"column":12},"end":{"line":283,"column":13}},{"start":{},"end":{}}],"line":221},"12":{"loc":{"start":{"line":233,"column":20},"end":{"line":235,"column":21}},"type":"if","locations":[{"start":{"line":233,"column":20},"end":{"line":235,"column":21}},{"start":{},"end":{}}],"line":233},"13":{"loc":{"start":{"line":233,"column":24},"end":{"line":233,"column":72}},"type":"binary-expr","locations":[{"start":{"line":233,"column":24},"end":{"line":233,"column":42}},{"start":{"line":233,"column":46},"end":{"line":233,"column":72}}],"line":233},"14":{"loc":{"start":{"line":239,"column":20},"end":{"line":241,"column":21}},"type":"if","locations":[{"start":{"line":239,"column":20},"end":{"line":241,"column":21}},{"start":{},"end":{}}],"line":239},"15":{"loc":{"start":{"line":244,"column":20},"end":{"line":246,"column":21}},"type":"if","locations":[{"start":{"line":244,"column":20},"end":{"line":246,"column":21}},{"start":{},"end":{}}],"line":244},"16":{"loc":{"start":{"line":249,"column":20},"end":{"line":251,"column":21}},"type":"if","locations":[{"start":{"line":249,"column":20},"end":{"line":251,"column":21}},{"start":{},"end":{}}],"line":249},"17":{"loc":{"start":{"line":257,"column":35},"end":{"line":257,"column":61}},"type":"binary-expr","locations":[{"start":{"line":257,"column":35},"end":{"line":257,"column":55}},{"start":{"line":257,"column":59},"end":{"line":257,"column":61}}],"line":257},"18":{"loc":{"start":{"line":261,"column":20},"end":{"line":267,"column":21}},"type":"if","locations":[{"start":{"line":261,"column":20},"end":{"line":267,"column":21}},{"start":{},"end":{}}],"line":261},"19":{"loc":{"start":{"line":270,"column":20},"end":{"line":272,"column":21}},"type":"if","locations":[{"start":{"line":270,"column":20},"end":{"line":272,"c
[...]
:23,"column":8},"end":{"line":23,"column":98}},"type":"binary-expr","locations":[{"start":{"line":23,"column":8},"end":{"line":23,"column":25}},{"start":{"line":23,"column":29},"end":{"line":23,"column":50}},{"start":{"line":23,"column":55},"end":{"line":23,"column":97}}],"line":23},"2":{"loc":{"start":{"line":25,"column":15},"end":{"line":25,"column":50}},"type":"cond-expr","locations":[{"start":{"line":25,"column":25},"end":{"line":25,"column":42}},{"start":{"line":25,"column":45},"end":{"line":25,"column":50}}],"line":25},"3":{"loc":{"start":{"line":34,"column":12},"end":{"line":39,"column":13}},"type":"if","locations":[{"start":{"line":34,"column":12},"end":{"line":39,"column":13}},{"start":{},"end":{}}],"line":34},"4":{"loc":{"start":{"line":47,"column":15},"end":{"line":47,"column":50}},"type":"cond-expr","locations":[{"start":{"line":47,"column":25},"end":{"line":47,"column":42}},{"start":{"line":47,"column":45},"end":{"line":47,"column":50}}],"line":47},"5":{"loc":{"start":{"line":69,"column":16},"end":{"line":78,"column":17}},"type":"if","locations":[{"start":{"line":69,"column":16},"end":{"line":78,"column":17}},{"start":{},"end":{}}],"line":69},"6":{"loc":{"start":{"line":114,"column":12},"end":{"line":122,"column":13}},"type":"if","locations":[{"start":{"line":114,"column":12},"end":{"line":122,"column":13}},{"start":{},"end":{}}],"line":114},"7":{"loc":{"start":{"line":141,"column":29},"end":{"line":141,"column":51}},"type":"binary-expr","locations":[{"start":{"line":141,"column":29},"end":{"line":141,"column":45}},{"start":{"line":141,"column":49},"end":{"line":141,"column":51}}],"line":141},"8":{"loc":{"start":{"line":144,"column":27},"end":{"line":144,"column":59}},"type":"binary-expr","locations":[{"start":{"line":144,"column":27},"end":{"line":144,"column":52}},{"start":{"line":144,"column":56},"end":{"line":144,"column":59}}],"line":144},"9":{"loc":{"start":{"line":243,"column":20},"end":{"line":247,"column":21}},"type":"if","locations":[{"start":{"line":243,"column":20},"end":{"line":247,"column":21}},{"start":{"line":245,"column":27},"end":{"line":247,"column":21}}],"line":243}},"s":{"0":0,"1":0,"2":0,"3":0,"4":0,"5":0,"6":0,"7":0,"8":0,"9":0,"10":0,"11":0,"12":0,"13":0,"14":0,"15":0,"16":0,"17":0,"18":0,"19":0,"20":0,"21":0,"22":0,"23":0,"24":0,"25":0,"26":0,"27":0,"28":0,"29":0,"30":0,"31":0,"32":0,"33":0,"34":0,"35":0,"36":0,"37":0,"38":0,"39":0,"40":0,"41":0,"42":0,"43":0,"44":0,"45":0,"46":0,"47":0,"48":0,"49":0,"50":0,"51":0,"52":0,"53":0,"54":0,"55":0,"56":0,"57":0,"58":0,"59":0,"60":0,"61":0,"62":0,"63":0,"64":0,"65":0,"66":0,"67":0,"68":0,"69":0,"70":0,"71":0},"f":{"0":0,"1":0,"2":0,"3":0,"4":0,"5":0,"6":0},"b":{"0":[0,0],"1":[0,0,0],"2":[0,0],"3":[0,0],"4":[0,0],"5":[0,0],"6":[0,0],"7":[0,0],"8":[0,0],"9":[0,0]}}
,"C:\\Users\\kirils.ivanovs\\source\\repos\\sofija-nutrition-astro\\api\\src\\services\\latvianHolidays.js": {"path":"C:\\Users\\kirils.ivanovs\\source\\repos\\sofija-nutrition-astro\\api\\src\\services\\latvianHolidays.js","statementMap":{"0":{"start":{"line":8,"column":23},"end":{"line":19,"column":1}},"1":{"start":{"line":27,"column":14},"end":{"line":27,"column":23}},"2":{"start":{"line":28,"column":14},"end":{"line":28,"column":36}},"3":{"start":{"line":29,"column":14},"end":{"line":29,"column":24}},"4":{"start":{"line":30,"column":14},"end":{"line":30,"column":31}},"5":{"start":{"line":31,"column":14},"end":{"line":31,"column":19}},"6":{"start":{"line":32,"column":14},"end":{"line":32,"column":38}},"7":{"start":{"line":33,"column":14},"end":{"line":33,"column":41}},"8":{"start":{"line":34,"column":14},"end":{"line":34,"column":44}},"9":{"start":{"line":35,"column":14},"end":{"line":35,"column":31}},"10":{"start":{"line":36,"column":14},"end":{"line":36,"column":19}},"11":{"start":{"line":37,"column":14},"end":{"line":37,"column":46}},"12":{"start":{"line":38,"column":14},"end":{"line":38,"column":53}},"13":{"start":{"line":39,"column":18},"end":{"line":39,"column":56}},"14":{"start":{"line":40,"column":16},"end":{"line":40,"column":48}},"15":{"start":{"line":42,"column":4},"end":{"line":42,"column":42}},"16":{"start":{"line":51,"column":25},"end":{"line":51,"column":52}},"17":{"start":{"line":54,"column":23},"end":{"line":54,"column":45}},"18":{"start":{"line":55,"column":4},"end":{"line":55,"column":49}},"19":{"start":{"line":58,"column":25},"end":{"line":58,"column":47}},"20":{"start":{"line":59,"column":4},"end":{"line":59,"column":53}},"21":{"start":{"line":61,"column":4},"end":{"line":65,"column":6}},"22":{"start":{"line":74,"column":21},"end":{"line":74,"column":23}},"23":{"start":{"line":77,"column":4},"end":{"line":84,"column":5}},"24":{"start":{"line":78,"column":21},"end":{"line":78,"column":67}},"25":{"start":{"line":79,"column":8},"end":{"line":83,"column":11}},"26":{"start":{"line":87,"column":27},"end":{"line":87,"column":50}},"27":{"start":{"line":88,"column":4},"end":{"line":94,"column":5}},"28":{"start":{"line":89,"column":8},"end":{"line":93,"column":11}},"29":{"start":{"line":97,"column":4},"end":{"line":97,"column":58}},"30":{"start":{"line":97,"column":28},"end":{"line":97,"column":56}},"31":{"start":{"line":99,"column":4},"end":{"line":99,"column":20}},"32":{"start":{"line":108,"column":17},"end":{"line":108,"column":35}},"33":{"start":{"line":109,"column":18},"end":{"line":109,"column":62}},"34":{"start":{"line":110,"column":16},"end":{"line":110,"column":55}},"35":{"start":{"line":111,"column":4},"end":{"line":111,"column":37}},"36":{"start":{"line":120,"column":17},"end":{"line":120,"column":37}},"37":{"start":{"line":121,"column":17},"end":{"line":121,"column":35}},"38":{"start":{"line":122,"column":21},"end":{"line":122,"column":45}},"39":{"start":{"line":124,"column":20},"end":{"line":124,"column":61}},"40":{"start":{"line":124,"column":39},"end":{"line":124,"column":60}},"41":{"start":{"line":125,"column":4},"end":{"line":131,"column":5}},"42":{"start":{"line":126,"column":8},"end":{"line":130,"column":10}},"43":{"start":{"line":133,"column":4},"end":{"line":133,"column":32}},"44":{"start":{"line":143,"column":18},"end":{"line":143,"column":37}},"45":{"start":{"line":144,"column":16},"end":{"line":144,"column":33}},"46":{"start":{"line":145,"column":22},"end":{"line":145,"column":41}},"47":{"start":{"line":146,"column":20},"end":{"line":146,"column":37}},"48":{"start":{"line":148,"column":22},"end":{"line":148,"column":24}},"49":{"start":{"line":149,"column":4},"end":{"line":151,"column":5}},"50":{"start":{"line":149,"column":20},"end":{"line":149,"column":29}},"51":{"start":{"line":150,"column":8},"end":{"line":150,"column":67}},"52":{"start":{"line":153,"column":4},"end":{"line":153,"column":77}},"53":{"start":{"line":153,"column":35},"end":{"line":153,"column":75}},"54":{"start":{"line":156,"column":0},"end":{"line":161,"column":2}}},"fnMap":{"0":{"name":"calculateEasterSunday","decl":{"start":{"line":26,"column":9},"end":{"line":26,"column":30}},"loc":{"start":{"line":26,"column":37},"end":{"line":43,"column":1}},"line":26},"1":{"name":"getEasterHolidays","decl":{"start":{"line":50,"column":9},"end":{"line":50,"column":26}},"loc":{"start":{"line":50,"column":33},"end":{"line":66,"column":1}},"line":50},"2":{"name":"getLatvianHolidays","decl":{"start":{"line":73,"column":9},"end":{"line":73,"column":27}},"loc":{"start":{"line":73,"column":34},"end":{"line":100,"column":1}},"line":73},"3":{"name":"(anonymous_3)","decl":{"start":{"line":97,"column":18},"end":{"line":97,"column":19}},"loc":{"start":{"line":97,"column":28},"end":{"line":97,"column":56}},"line":97},"4":{"name":"formatDate","decl":{"start":{"line":107,"column":9},"end":{"line":107,"column":19}},"loc":{"start":{"line":107,"column":26},"end":{"line":112,"column":1}},"line":107},"5":{"name":"isLatvianHoliday","decl":{"start":{"line":119,"column":9},"end":{"line":119,"column":25}},"loc":{"start":{"line":119,"column":38},"end":{"line":134,"column":1}},"line":119},"6":{"name":"(anonymous_6)","decl":{"start":{"line":124,"column":34},"end":{"line":124,"column":35}},"loc":{"start":{"line":124,"column":39},"end":{"line":124,"column":60}},"line":124},"7":{"name":"getHolidaysInRange","decl":{"start":{"line":142,"column":9},"end":{"line":142,"column":27}},"loc":{"start":{"line":142,"column":48},"end":{"line":154,"column":1}},"line":142},"8":{"name":"(anonymous_8)","decl":{"start":{"line":153,"column":30},"end":{"line":153,"column":31}},"loc":{"start":{"line":153,"column":35},"end":{"line":153,"column":75}},"line":153}},"branchMap":{"0":{"loc":{"start":{"line":125,"column":4},"end":{"line":131,"column":5}},"type":"if","locations":[{"start":{"line":125,"column":4},"end":{"line":131,"column":5}},{"start":{},"end":{}}],"line":125},"1":{"loc":{"start":{"line":153,"column":35},"end":{"line":153,"column":75}},"type":"binary-expr","locations":[{"start":{"line":153,"column":35},"end":{"line":153,"column":54}},{"start":{"line":153,"column":58},"end":{"line":153,"column":75}}],"line":153}},"s":{"0":3,"1":76,"2":76,"3":76,"4":76,"5":76,"6":76,"7":76,"8":76,"9":76,"10":76,"11":76,"12":76,"13":76,"14":76,"15":76,"16":76,"17":76,"18":76,"19":76,"20":76,"21":76,"22":76,"23":76,"24":760,"25":760,"26":76,"27":76,"28":228,"29":76,"30":1596,"31":76,"32":988,"33":988,"34":988,"35":988,"36":76,"37":76,"38":76,"39":76,"40":932,"41":76,"42":5,"43":71,"44":0,"45":0,"46":0,"47":0,"48":0,"49":0,"50":0,"51":0,"52":0,"53":0,"54":3},"f":{"0":76,"1":76,"2":76,"3":1596,"4":988,"5":76,"6":932,"7":0,"8":0},"b":{"0":[5,71],"1":[0,0]},"_coverageSchema":"1a1c01bbd47fc00a2c39e90264f33305004495a9","hash":"7ecd8087c6d85f883702be8885907f8f284f972d"}
,"C:\\Users\\kirils.ivanovs\\source\\repos\\sofija-nutrition-astro\\api\\src\\services\\pdfService.js": {"path":"C:\\Users\\kirils.ivanovs\\source\\repos\\sofija-nutrition-astro\\api\\src\\services\\pdfService.js","statementMap":{"0":{"start":{"line":6,"column":29},"end":{"line":6,"column":47}},"1":{"start":{"line":7,"column":16},"end":{"line":7,"column":43}},"2":{"start":{"line":8,"column":11},"end":{"line":8,"column":24}},"3":{"start":{"line":9,"column":13},"end":{"line":9,"column":28}},"4":{"start":{"line":10,"column":15},"end":{"line":10,"column":35}},"5":{"start":{"line":13,"column":18},"end":{"line":13,"column":23}},"6":{"start":{"line":14,"column":23},"end":{"line":14,"column":27}},"7":{"start":{"line":15,"column":20},"end":{"line":15,"column":24}},"8":{"start":{"line":21,"column":4},"end":{"line":40,"column":5}},"9":{"start":{"line":22,"column":8},"end":{"line":39,"column":9}},"10":{"start":{"line":23,"column":29},"end":{"line":23,"column":64}},"11":{"start":{"line":24,"column":32},"end":{"line":24,"column":73}},"12":{"start":{"line":25,"column":29},"end":{"line":25,"column":67}},"13":{"start":{"line":27,"column":12},"end":{"line":29,"column":13}},"14":{"start":{"line":28,"column":16},"end":{"line":28,"column":66}},"15":{"start":{"line":30,"column":12},"end":{"line":32,"column":13}},"16":{"start":{"line":31,"column":16},"end":{"line":31,"column":63}},"17":{"start":{"line":34,"column":12},"end":{"line":34,"column":60}},"18":{"start":{"line":35,"column":12},"end":{"line":35,"column":54}},"19":{"start":{"line":36,"column":12},"end":{"line":36,"column":31}},"20":{"start":{"line":38,"column":12},"end":{"line":38,"column":68}},"21":{"start":{"line":41,"column":4},"end":{"line":41,"column":47}},"22":{"start":{"line":61,"column":19},"end":{"line":61,"column":45}},"23":{"start":{"line":62,"column":4},"end":{"line":62,"column":36}},"24":{"start":{"line":64,"column":48},"end":{"line":64,"column":59}},"25":{"start":{"line":65,"column":17},"end":{"line":65,"column":57}},"26":{"start":{"line":66,"column":21},"end":{"line":66,"column":58}},"27":{"start":{"line":68,"column":17},"end":{"line":68,"column":49}},"28":{"start":{"line":69,"column":30},"end":{"line":69,"column":44}},"29":{"start":{"line":72,"column":38},"end":{"line":72,"column":51}},"30":{"start":{"line":73,"column":25},"end":{"line":73,"column":70}},"31":{"start":{"line":74,"column":24},"end":{"line":74,"column":66}},"32":{"start":{"line":75,"column":22},"end":{"line":75,"column":40}},"33":{"start":{"line":76,"column":22},"end":{"line":76,"column":43}},"34":{"start":{"line":77,"column":18},"end":{"line":77,"column":30}},"35":{"start":{"line":78,"column":22},"end":{"line":78,"column":40}},"36":{"start":{"line":79,"column":20},"end":{"line":79,"column":38}},"37":{"start":{"line":82,"column":4},"end":{"line":82,"column":91}},"38":{"start":{"line":83,"column":4},"end":{"line":83,"column":107}},"39":{"start":{"line":84,"column":4},"end":{"line":84,"column":94}},"40":{"start":{"line":85,"column":4},"end":{"line":85,"column":92}},"41":{"start":{"line":87,"column":12},"end":{"line":87,"column":24}},"42":{"start":{"line":90,"column":4},"end":{"line":90,"column":93}},"43":{"start":{"line":91,"column":4},"end":{"line":91,"column":12}},"44":{"start":{"line":94,"column":4},"end":{"line":94,"column":87}},"45":{"start":{"line":95,"column":4},"end":{"line":95,"column":98}},"46":{"start":{"line":96,"column":4},"end":{"line":96,"column":115}},"47":{"start":{"line":97,"column":4},"end":{"line":97,"column":12}},"48":{"start":{"line":100,"column":4},"end":{"line":100,"column":92}},"49":{"start":{"line":101,"column":4},"end":{"line":101,"column":12}},"50":{"start":{"line":102,"column":4},"end":{"line":102,"column":73}},"51":{"start":{"line":103,"column":4},"end":{"line":103,"column":12}},"52":{"start":{"line":104,"column":4},"end":{"line":104,"column":75}},"53":{"start":{"line":105,"column":4},"end":{"line":105,"column":12}},"54":{"start":{"line":106,"column":4},"end":{"line":106,"column":95}},"55":{"start":{"line":107,"column":4},"end":{"line":107,"column":12}},"56":{"start":{"line":110,"column":4},"end":{"line":110,"column":93}},"57":{"start":{"line":111,"column":4},"end":{"line":111,"column":12}},"58":{"start":{"line":112,"column":4},"end":{"line":112,"column":61}},"59":{"start":{"line":113,"column":4},"end":{"line":113,"column":12}},"60":{"start":{"line":114,"column":4},"end":{"line":114,"column":82}},"61":{"start":{"line":115,"column":4},"end":{"line":115,"column":12}},"62":{"start":{"line":116,"column":4},"end":{"line":116,"column":73}},"63":{"start":{"line":117,"column":4},"end":{"line":117,"column":12}},"64":{"start":{"line":118,"column":4},"end":{"line":118,"column":73}},"65":{"start":{"line":119,"column":4},"end":{"line":119,"column":12}},"66":{"start":{"line":122,"column":4},"end":{"line":122,"column":98}},"67":{"start":{"line":123,"column":4},"end":{"line":123,"column":94}},"68":{"start":{"line":124,"column":4},"end":{"line":124,"column":101}},"69":{"start":{"line":125,"column":4},"end":{"line":125,"column":12}},"70":{"start":{"line":128,"column":4},"end":{"line":128,"column":61}},"71":{"start":{"line":129,"column":4},"end":{"line":129,"column":102}},"72":{"start":{"line":130,"column":4},"end":{"line":130,"column":12}},"73":{"start":{"line":133,"column":4},"end":{"line":133,"column":100}},"74":{"start":{"line":134,"column":4},"end":{"line":134,"column":12}},"75":{"start":{"line":137,"column":4},"end":{"line":137,"column":95}},"76":{"start":{"line":138,"column":4},"end":{"line":138,"column":92}},"77":{"start":{"line":139,"column":4},"end":{"line":139,"column":140}},"78":{"start":{"line":140,"column":4},"end":{"line":140,"column":12}},"79":{"start":{"line":143,"column":4},"end":{"line":152,"column":5}},"80":{"start":{"line":144,"column":8},"end":{"line":144,"column":101}},"81":{"start":{"line":145,"column":8},"end":{"line":145,"column":16}},"82":{"start":{"line":146,"column":8},"end":{"line":146,"column":92}},"83":{"start":{"line":147,"column":8},"end":{"line":147,"column":16}},"84":{"start":{"line":148,"column":8},"end":{"line":148,"column":84}},"85":{"start":{"line":149,"column":8},"end":{"line":149,"column":16}},"86":{"start":{"line":150,"column":8},"end":{"line":150,"column":87}},"87":{"start":{"line":151,"column":8},"end":{"line":151,"column":16}},"88":{"start":{"line":155,"column":4},"end":{"line":160,"column":5}},"89":{"start":{"line":156,"column":8},"end":{"line":156,"column":95}},"90":{"start":{"line":157,"column":8},"end":{"line":157,"column":16}},"91":{"start":{"line":158,"column":31},"end":{"line":158,"column":89}},"92":{"start":{"line":159,"column":8},"end":{"line":159,"column":86}},"93":{"start":{"line":163,"column":4},"end":{"line":163,"column":79}},"94":{"start":{"line":164,"column":4},"end":{"line":164,"column":81}},"95":{"start":{"line":165,"column":4},"end":{"line":165,"column":97}},"96":{"start":{"line":167,"column":4},"end":{"line":167,"column":31}},"97":{"start":{"line":170,"column":0},"end":{"line":172,"column":2}}},"fnMap":{"0":{"name":"loadFonts","decl":{"start":{"line":20,"column":9},"end":{"line":20,"column":18}},"loc":{"start":{"line":20,"column":21},"end":{"line":42,"column":1}},"line":20},"1":{"name":"generateInvoicePDF","decl":{"start":{"line":60,"column":15},"end":{"line":60,"column":33}},"loc":{"start":{"line":60,"column":124},"end":{"line":168,"column":1}},"line":60}},"branchMap":{"0":{"loc":{"start":{"line":21,"column":4},"end":{"line":40,"column":5}},"type":"if","locations":[{"start":{"line":21,"column":4},"end":{"line":40,"column":5}},{"start":{},"end":{}}],"line":21},"1":{"loc":{"start":{"line":27,"column":12},"end":{"line":29,"column":13}},"type":"if","locations":[{"start":{"line":27,"column":12},"end":{"line":29,"column":13}},{"start":{},"end":{}}],"line":27},"2":{"loc":{"start":{"line":30,"column":12},"end":{"line":32,"column":13}},"type":"if","locations":[{"start":{"line":30,"column":12},"end":{"line":32,"column":13}},{"start":{},"end":{}}],"line":30},"3":{"loc":{"start":{"line":106,"column":36},"end":{"line":106,"column":61}},"type":"binary-expr","locations":[{"start":{"line":106,"column":36},"end":{"line":106,"column":41}},{"start":{"line":106,"column":45},"end":{"line":106,"column":61}}],"line":106},"4":{"loc":{"start":{"line":129,"column":18},"end":{"line":129,"column":61}},"type":"cond-expr","locations":[{"start":{"line":129,"column":30},"end":{"line":129,"column":52}},{"start":{"line":129,"column":55},"end":{"line":129,"column":61}}],"line":129},"5":{"loc":{"start":{"line":139,"column":18},"end":{"line":139,"column":61}},"type":"cond-expr","locations":[{"start":{"line":139,"column":30},"end":{"line":139,"column":52}},{"start":{"line":139,"column":55},"end":{"line":139,"column":61}}],"line":139},"6":{"loc":{"start":{"line":143,"column":4},"end":{"line":152,"column":5}},"type":"if","locations":[{"start":{"line":143,"column":4},"end":{"line":152,"column":5}},{"start":{},"end":{}}],"line":143},"7":{"loc":{"start":{"line":155,"column":4},"end":{"line":160,"column":5}},"type":"if","locations":[{"start":{"line":155,"column":4},"end":{"line":160,"column":5}},{"start":{},"end":{}}],"line":155},"8":{"loc":{"start":{"line":158,"column":31},"end":{"line":158,"column":89}},"type":"cond-expr","locations":[{"start":{"line":158,"column":51},"end":{"line":158,"column":81}},{"start":{"line":158,"column":84},"end":{"line":158,"column":89}}],"line":158}},"s":{"0":2,"1":2,"2":2,"3":2,"4":2,"5":2,"6":2,"7":2,"8":10,"9":1,"10":1,"11":1,"12":1,"13":1,"14":0,"15":1,"16":0,"17":1,"18":1,"19":1,"20":0,"21":10,"22":10,"23":10,"24":10,"25":10,"26":10,"27":10,"28":10,"29":10,"30":10,"31":10,"32":10,"33":10,"34":10,"35":10,"36":10,"37":10,"38":10,"39":10,"40":10,"41":10,"42":10,"43":10,"44":10,"45":10,"46":10,"47":10,"48":10,"49":10,"50":10,"51":10,"52":10,"53":10,"54":10,"55":10,"56":10,"57":10,"58":10,"59":10,"60":10,"61":10,"62":10,"63":10,"64":10,"65":10,"66":10,"67":10,"68":10,"69":10,"70":10,"71":10,"72":10,"73":10,"74":10,"75":10,"76":10,"77":10,"78":10,"79":10,"80":9,"81":9,"82":9,"83":9,"84":9,"85":9,"86":9,"87":9,"88":10,"89":2,"90":2,"91":2,"92":2,"93":10,"94":10,"95":10,"96":10,"97":2},"f":{"0":10,"1":10},"b":{"0":[1,9],"1":[0,1],"2":[0,1],"3":[10,1],"4":[9,1],"5":[9,1],"6":[9,1],"7":[2,8],"8":[1,1]},"_coverageSchema":"1a1c01bbd47fc00a2c39e90264f33305004495a9","hash":"600e1540dc48909d5f17d5d48ca9b3ca4dbe50a5"}
}
