TN:
SF:src\config.js
FNF:0
FNH:0
DA:6,14
LF:1
LH:1
BRDA:8,0,0,14
BRDA:8,0,1,14
BRF:2
BRH:2
end_of_record
TN:
SF:src\translations.js
FN:8,(anonymous_0)
FN:9,(anonymous_1)
FN:24,(anonymous_2)
FN:58,(anonymous_3)
FN:59,(anonymous_4)
FN:74,(anonymous_5)
FN:108,(anonymous_6)
FN:109,(anonymous_7)
FN:124,(anonymous_8)
FN:180,getTranslation
FNF:10
FNH:10
FNDA:30,(anonymous_0)
FNDA:25,(anonymous_1)
FNDA:10,(anonymous_2)
FNDA:5,(anonymous_3)
FNDA:3,(anonymous_4)
FNDA:3,(anonymous_5)
FNDA:5,(anonymous_6)
FNDA:4,(anonymous_7)
FNDA:3,(anonymous_8)
FNDA:3028,getTranslation
DA:6,8
DA:8,30
DA:9,25
DA:24,10
DA:58,5
DA:59,3
DA:74,3
DA:108,5
DA:109,4
DA:124,3
DA:159,8
DA:170,8
DA:173,8
DA:181,3028
DA:182,3028
DA:185,8
LF:16
LH:16
BRDA:181,0,0,3027
BRDA:181,0,1,1
BRF:2
BRH:2
end_of_record
TN:
SF:src\functions\createBooking.js
FN:13,(anonymous_0)
FNF:1
FNH:1
FNDA:4,(anonymous_0)
DA:1,1
DA:2,1
DA:3,1
DA:4,1
DA:5,1
DA:6,1
DA:7,1
DA:9,1
DA:14,4
DA:16,4
DA:17,4
DA:18,4
DA:21,4
DA:22,4
DA:29,0
DA:30,0
DA:33,0
DA:34,0
DA:35,0
DA:38,0
DA:39,0
DA:41,0
DA:62,0
DA:63,0
DA:64,0
DA:65,0
DA:68,0
DA:69,0
DA:70,0
DA:71,0
DA:73,0
DA:77,0
DA:78,0
DA:81,0
DA:92,0
DA:93,0
DA:98,0
DA:104,0
DA:107,0
DA:111,0
DA:112,0
DA:116,0
DA:118,0
DA:121,0
DA:131,0
DA:132,0
LF:46
LH:14
BRDA:18,0,0,4
BRDA:18,1,0,4
BRDA:21,2,0,4
BRDA:21,2,1,0
BRDA:21,3,0,4
BRDA:21,3,1,3
BRDA:21,3,2,2
BRDA:21,3,3,1
BRDA:21,3,4,1
BRDA:30,4,0,0
BRDA:30,4,1,0
BRDA:35,5,0,0
BRDA:35,5,1,0
BRDA:38,6,0,0
BRDA:38,6,1,0
BRDA:39,7,0,0
BRDA:39,7,1,0
BRDA:46,8,0,0
BRDA:46,8,1,0
BRDA:77,9,0,0
BRDA:77,9,1,0
BRDA:93,10,0,0
BRDA:93,10,1,0
BRF:23
BRH:8
end_of_record
TN:
SF:src\functions\getAvailability.js
FN:47,(anonymous_0)
FN:71,(anonymous_1)
FN:76,(anonymous_2)
FN:101,(anonymous_3)
FNF:4
FNH:3
FNDA:4,(anonymous_0)
FNDA:147,(anonymous_1)
FNDA:0,(anonymous_2)
FNDA:21,(anonymous_3)
DA:1,1
DA:5,1
DA:10,1
DA:41,1
DA:43,1
DA:48,4
DA:49,4
DA:51,4
DA:53,1
DA:54,1
DA:55,1
DA:56,1
DA:57,1
DA:60,1
DA:61,31
DA:62,31
DA:65,31
DA:66,10
DA:69,21
DA:70,21
DA:71,147
DA:74,21
DA:75,0
DA:76,0
DA:77,0
DA:78,0
DA:83,21
DA:84,21
DA:89,1
DA:100,3
DA:101,21
DA:103,3
DA:114,0
DA:115,0
LF:34
LH:28
BRDA:51,0,0,1
BRDA:51,0,1,3
BRDA:65,1,0,10
BRDA:65,1,1,21
BRDA:65,2,0,31
BRDA:65,2,1,26
BRDA:70,3,0,21
BRDA:70,3,1,21
BRDA:74,4,0,0
BRDA:74,4,1,21
BRDA:83,5,0,21
BRDA:83,5,1,0
BRDA:100,6,0,3
BRDA:100,6,1,3
BRF:14
BRH:12
end_of_record
TN:
SF:src\functions\health.js
FN:7,(anonymous_0)
FNF:1
FNH:1
FNDA:2,(anonymous_0)
DA:1,1
DA:3,1
DA:8,2
LF:3
LH:3
BRF:0
BRH:0
end_of_record
TN:
SF:src\services\bookingRepository.js
FN:15,getTableClient
FN:35,saveBooking
FN:61,getBooking
FN:82,updateBooking
FN:90,generateBookingId
FN:100,generatePaymentToken
FN:111,verifyPaymentToken
FN:120,isUsingAzureStorage
FNF:8
FNH:8
FNDA:13,getTableClient
FNDA:7,saveBooking
FNDA:6,getBooking
FNDA:2,updateBooking
FNDA:1009,generateBookingId
FNDA:14,generatePaymentToken
FNDA:15,verifyPaymentToken
FNDA:2,isUsingAzureStorage
DA:6,19
DA:8,19
DA:9,19
DA:10,19
DA:16,13
DA:17,0
DA:18,0
DA:19,0
DA:22,0
DA:23,0
DA:27,13
DA:36,7
DA:38,7
DA:39,0
DA:45,0
DA:46,0
DA:48,7
DA:52,7
DA:62,6
DA:64,6
DA:65,0
DA:68,0
DA:69,0
DA:71,0
DA:73,6
DA:83,2
DA:91,1009
DA:101,14
DA:112,15
DA:113,15
DA:121,2
DA:124,19
LF:32
LH:20
BRDA:16,0,0,0
BRDA:16,0,1,13
BRDA:16,1,0,13
BRDA:16,1,1,13
BRDA:22,2,0,0
BRDA:22,2,1,0
BRDA:38,3,0,0
BRDA:38,3,1,7
BRDA:43,4,0,0
BRDA:43,4,1,0
BRDA:50,5,0,7
BRDA:50,5,1,7
BRDA:64,6,0,0
BRDA:64,6,1,6
BRDA:73,7,0,6
BRDA:73,7,1,2
BRF:16
BRH:9
end_of_record
TN:
SF:src\services\emailService.js
FN:15,getResendClient
FN:32,sendEmail
FN:63,sendClientConfirmation
FN:78,sendAdminNotification
FN:94,sendPaymentConfirmation
FN:106,isConfigured
FNF:6
FNH:6
FNDA:4,getResendClient
FNDA:4,sendEmail
FNDA:2,sendClientConfirmation
FNDA:1,sendAdminNotification
FNDA:1,sendPaymentConfirmation
FNDA:3,isConfigured
DA:6,9
DA:7,9
DA:9,9
DA:16,4
DA:17,4
DA:18,4
DA:20,4
DA:33,4
DA:35,4
DA:36,0
DA:39,4
DA:40,4
DA:48,4
DA:50,0
DA:51,0
DA:64,2
DA:79,1
DA:80,1
DA:95,1
DA:107,3
DA:110,9
LF:21
LH:18
BRDA:17,0,0,4
BRDA:17,0,1,0
BRDA:17,1,0,4
BRDA:17,1,1,4
BRDA:32,2,0,2
BRDA:35,3,0,0
BRDA:35,3,1,4
BRDA:63,4,0,0
BRDA:79,5,0,1
BRDA:79,5,1,0
BRF:10
BRH:6
end_of_record
TN:
SF:src\services\pdfService.js
FN:20,loadFonts
FN:60,generateInvoicePDF
FNF:2
FNH:2
FNDA:10,loadFonts
FNDA:10,generateInvoicePDF
DA:6,2
DA:7,2
DA:8,2
DA:9,2
DA:10,2
DA:13,2
DA:14,2
DA:15,2
DA:21,10
DA:22,1
DA:23,1
DA:24,1
DA:25,1
DA:27,1
DA:28,0
DA:30,1
DA:31,0
DA:34,1
DA:35,1
DA:36,1
DA:38,0
DA:41,10
DA:61,10
DA:62,10
DA:64,10
DA:65,10
DA:66,10
DA:68,10
DA:69,10
DA:72,10
DA:73,10
DA:74,10
DA:75,10
DA:76,10
DA:77,10
DA:78,10
DA:79,10
DA:82,10
DA:83,10
DA:84,10
DA:85,10
DA:87,10
DA:90,10
DA:91,10
DA:94,10
DA:95,10
DA:96,10
DA:97,10
DA:100,10
DA:101,10
DA:102,10
DA:103,10
DA:104,10
DA:105,10
DA:106,10
DA:107,10
DA:110,10
DA:111,10
DA:112,10
DA:113,10
DA:114,10
DA:115,10
DA:116,10
DA:117,10
DA:118,10
DA:119,10
DA:122,10
DA:123,10
DA:124,10
DA:125,10
DA:128,10
DA:129,10
DA:130,10
DA:133,10
DA:134,10
DA:137,10
DA:138,10
DA:139,10
DA:140,10
DA:143,10
DA:144,9
DA:145,9
DA:146,9
DA:147,9
DA:148,9
DA:149,9
DA:150,9
DA:151,9
DA:155,10
DA:156,2
DA:157,2
DA:158,2
DA:159,2
DA:163,10
DA:164,10
DA:165,10
DA:167,10
DA:170,2
LF:98
LH:95
BRDA:21,0,0,1
BRDA:21,0,1,9
BRDA:27,1,0,0
BRDA:27,1,1,1
BRDA:30,2,0,0
BRDA:30,2,1,1
BRDA:106,3,0,10
BRDA:106,3,1,1
BRDA:129,4,0,9
BRDA:129,4,1,1
BRDA:139,5,0,9
BRDA:139,5,1,1
BRDA:143,6,0,9
BRDA:143,6,1,1
BRDA:155,7,0,2
BRDA:155,7,1,8
BRDA:158,8,0,1
BRDA:158,8,1,1
BRF:18
BRH:16
end_of_record
TN:
SF:src\templates\emailTemplates.js
FN:13,emailWrapper
FN:45,emailHeader
FN:63,emailFooter
FN:76,bookingDetailsCard
FN:77,(anonymous_4)
FN:101,generateClientEmailHTML
FN:140,generateAdminEmailHTML
FN:204,adminDetailRow
FN:217,generatePaymentConfirmedEmailHTML
FN:273,generateConfirmationPageHTML
FNF:10
FNH:10
FNDA:43,emailWrapper
FNDA:24,emailHeader
FNDA:35,emailFooter
FNDA:24,bookingDetailsCard
FNDA:144,(anonymous_4)
FNDA:24,generateClientEmailHTML
FNDA:8,generateAdminEmailHTML
FNDA:80,adminDetailRow
FNDA:11,generatePaymentConfirmedEmailHTML
FNDA:11,generateConfirmationPageHTML
DA:6,4
DA:8,4
DA:14,43
DA:46,24
DA:50,24
DA:64,35
DA:77,144
DA:88,24
DA:102,24
DA:134,24
DA:141,8
DA:142,8
DA:143,8
DA:145,8
DA:201,8
DA:205,80
DA:218,11
DA:219,11
DA:221,11
DA:267,11
DA:274,11
DA:279,11
DA:281,11
DA:305,4
LF:24
LH:24
BRDA:13,0,0,0
BRDA:13,1,0,0
BRDA:45,2,0,24
BRDA:45,3,0,24
BRDA:45,4,0,24
BRDA:46,5,0,24
BRDA:46,5,1,0
BRDA:77,6,0,120
BRDA:82,7,0,24
BRDA:82,7,1,120
BRDA:82,8,0,24
BRDA:82,8,1,120
BRDA:82,9,0,24
BRDA:82,9,1,120
BRDA:116,10,0,20
BRDA:116,10,1,4
BRDA:141,11,0,7
BRDA:141,11,1,1
BRDA:142,12,0,7
BRDA:142,12,1,1
BRDA:143,13,0,7
BRDA:143,13,1,1
BRDA:159,14,0,8
BRDA:159,14,1,1
BRDA:164,15,0,6
BRDA:164,15,1,2
BRDA:166,16,0,0
BRDA:166,16,1,8
BRDA:171,17,0,6
BRDA:171,17,1,2
BRDA:204,18,0,40
BRDA:204,19,0,64
BRDA:204,20,0,56
BRDA:204,21,0,72
BRDA:204,22,0,72
BRDA:204,23,0,72
BRDA:206,24,0,8
BRDA:206,24,1,72
BRDA:209,25,0,16
BRDA:209,25,1,64
BRDA:209,26,0,8
BRDA:209,26,1,72
BRDA:218,27,0,11
BRDA:218,27,1,0
BRDA:219,28,0,11
BRDA:219,28,1,0
BRDA:273,29,0,7
BRDA:279,30,0,11
BRDA:279,30,1,0
BRDA:297,31,0,2
BRDA:297,31,1,9
BRF:51
BRH:44
end_of_record
