TN:
SF:src\functions\adminBookings.js
FN:11,(anonymous_0)
FN:48,(anonymous_1)
FN:73,(anonymous_2)
FN:129,(anonymous_3)
FNF:4
FNH:0
FNDA:0,(anonymous_0)
FNDA:0,(anonymous_1)
FNDA:0,(anonymous_2)
FNDA:0,(anonymous_3)
DA:1,0
DA:2,0
DA:4,0
DA:7,0
DA:12,0
DA:13,0
DA:14,0
DA:16,0
DA:21,0
DA:22,0
DA:24,0
DA:25,0
DA:28,0
DA:29,0
DA:48,0
DA:49,0
DA:50,0
DA:51,0
DA:54,0
DA:59,0
DA:60,0
DA:69,0
DA:74,0
DA:75,0
DA:76,0
DA:78,0
DA:84,0
DA:85,0
DA:86,0
DA:87,0
DA:88,0
DA:92,0
DA:93,0
DA:100,0
DA:108,0
DA:110,0
DA:115,0
DA:116,0
DA:125,0
DA:130,0
DA:131,0
DA:133,0
DA:139,0
DA:140,0
DA:141,0
DA:142,0
DA:143,0
DA:147,0
DA:148,0
DA:154,0
DA:159,0
DA:160,0
LF:52
LH:0
BRDA:14,0,0,0
BRDA:14,0,1,0
BRDA:24,1,0,0
BRDA:24,1,1,0
BRDA:34,2,0,0
BRDA:34,2,1,0
BRDA:40,3,0,0
BRDA:40,3,1,0
BRDA:43,4,0,0
BRDA:43,4,1,0
BRDA:86,5,0,0
BRDA:86,5,1,0
BRDA:92,6,0,0
BRDA:92,6,1,0
BRDA:141,7,0,0
BRDA:141,7,1,0
BRDA:147,8,0,0
BRDA:147,8,1,0
BRF:18
BRH:0
end_of_record
TN:
SF:src\functions\adminMonitoring.js
FN:16,checkEndpoint
FN:20,(anonymous_1)
FN:62,(anonymous_2)
FN:73,(anonymous_3)
FN:74,(anonymous_4)
FN:75,(anonymous_5)
FN:86,(anonymous_6)
FN:98,(anonymous_7)
FN:99,(anonymous_8)
FN:100,(anonymous_9)
FNF:10
FNH:0
FNDA:0,checkEndpoint
FNDA:0,(anonymous_1)
FNDA:0,(anonymous_2)
FNDA:0,(anonymous_3)
FNDA:0,(anonymous_4)
FNDA:0,(anonymous_5)
FNDA:0,(anonymous_6)
FNDA:0,(anonymous_7)
FNDA:0,(anonymous_8)
FNDA:0,(anonymous_9)
DA:1,0
DA:4,0
DA:14,0
DA:17,0
DA:18,0
DA:19,0
DA:20,0
DA:22,0
DA:30,0
DA:31,0
DA:33,0
DA:44,0
DA:45,0
DA:58,0
DA:63,0
DA:65,0
DA:68,0
DA:70,0
DA:73,0
DA:74,0
DA:75,0
DA:77,0
DA:78,0
DA:79,0
DA:80,0
DA:81,0
DA:85,0
DA:86,0
DA:89,0
DA:98,0
DA:99,0
DA:100,0
LF:32
LH:0
BRDA:38,0,0,0
BRDA:38,0,1,0
BRDA:38,1,0,0
BRDA:38,1,1,0
BRDA:41,2,0,0
BRDA:41,2,1,0
BRDA:41,3,0,0
BRDA:41,3,1,0
BRDA:53,4,0,0
BRDA:53,4,1,0
BRDA:73,5,0,0
BRDA:73,5,1,0
BRDA:78,6,0,0
BRDA:78,6,1,0
BRDA:80,7,0,0
BRDA:80,7,1,0
BRDA:80,8,0,0
BRDA:80,8,1,0
BRDA:105,9,0,0
BRDA:105,9,1,0
BRF:20
BRH:0
end_of_record
TN:
SF:src\functions\adminServiceSettings.js
FN:16,(anonymous_0)
FN:43,(anonymous_1)
FN:77,(anonymous_2)
FN:218,(anonymous_3)
FN:250,(anonymous_4)
FN:275,(anonymous_5)
FN:356,(anonymous_6)
FNF:7
FNH:0
FNDA:0,(anonymous_0)
FNDA:0,(anonymous_1)
FNDA:0,(anonymous_2)
FNDA:0,(anonymous_3)
FNDA:0,(anonymous_4)
FNDA:0,(anonymous_5)
FNDA:0,(anonymous_6)
DA:1,0
DA:2,0
DA:4,0
DA:5,0
DA:6,0
DA:12,0
DA:17,0
DA:18,0
DA:19,0
DA:21,0
DA:22,0
DA:23,0
DA:43,0
DA:45,0
DA:50,0
DA:51,0
DA:73,0
DA:78,0
DA:79,0
DA:80,0
DA:83,0
DA:86,0
DA:87,0
DA:91,0
DA:92,0
DA:96,0
DA:97,0
DA:101,0
DA:102,0
DA:106,0
DA:107,0
DA:110,0
DA:111,0
DA:120,0
DA:124,0
DA:125,0
DA:127,0
DA:130,0
DA:132,0
DA:163,0
DA:166,0
DA:167,0
DA:168,0
DA:180,0
DA:183,0
DA:201,0
DA:202,0
DA:214,0
DA:219,0
DA:220,0
DA:221,0
DA:222,0
DA:225,0
DA:227,0
DA:228,0
DA:250,0
DA:252,0
DA:261,0
DA:262,0
DA:271,0
DA:276,0
DA:277,0
DA:279,0
DA:281,0
DA:336,0
DA:337,0
DA:338,0
DA:339,0
DA:340,0
DA:342,0
DA:343,0
DA:345,0
DA:350,0
DA:356,0
DA:365,0
DA:366,0
LF:76
LH:0
BRDA:22,0,0,0
BRDA:22,0,1,0
BRDA:35,1,0,0
BRDA:35,1,1,0
BRDA:86,2,0,0
BRDA:86,2,1,0
BRDA:86,3,0,0
BRDA:86,3,1,0
BRDA:86,3,2,0
BRDA:86,3,3,0
BRDA:91,4,0,0
BRDA:91,4,1,0
BRDA:91,5,0,0
BRDA:91,5,1,0
BRDA:96,6,0,0
BRDA:96,6,1,0
BRDA:96,7,0,0
BRDA:96,7,1,0
BRDA:96,7,2,0
BRDA:101,8,0,0
BRDA:101,8,1,0
BRDA:101,9,0,0
BRDA:101,9,1,0
BRDA:106,10,0,0
BRDA:106,10,1,0
BRDA:106,11,0,0
BRDA:106,11,1,0
BRDA:106,11,2,0
BRDA:110,12,0,0
BRDA:110,12,1,0
BRDA:152,13,0,0
BRDA:152,13,1,0
BRDA:155,14,0,0
BRDA:155,14,1,0
BRDA:158,15,0,0
BRDA:158,15,1,0
BRDA:166,16,0,0
BRDA:166,16,1,0
BRDA:231,17,0,0
BRDA:231,17,1,0
BRDA:342,18,0,0
BRDA:342,18,1,0
BRF:42
BRH:0
end_of_record
TN:
SF:src\functions\adminSettings.js
FN:10,ensureTable
FN:27,(anonymous_1)
FN:89,(anonymous_2)
FN:125,(anonymous_3)
FN:145,(anonymous_4)
FN:150,(anonymous_5)
FN:179,(anonymous_6)
FN:199,(anonymous_7)
FN:227,(anonymous_8)
FN:269,(anonymous_9)
FN:305,(anonymous_10)
FN:338,(anonymous_11)
FN:365,(anonymous_12)
FN:393,(anonymous_13)
FN:413,(anonymous_14)
FNF:15
FNH:0
FNDA:0,ensureTable
FNDA:0,(anonymous_1)
FNDA:0,(anonymous_2)
FNDA:0,(anonymous_3)
FNDA:0,(anonymous_4)
FNDA:0,(anonymous_5)
FNDA:0,(anonymous_6)
FNDA:0,(anonymous_7)
FNDA:0,(anonymous_8)
FNDA:0,(anonymous_9)
FNDA:0,(anonymous_10)
FNDA:0,(anonymous_11)
FNDA:0,(anonymous_12)
FNDA:0,(anonymous_13)
FNDA:0,(anonymous_14)
DA:1,0
DA:2,0
DA:3,0
DA:5,0
DA:6,0
DA:7,0
DA:11,0
DA:12,0
DA:13,0
DA:16,0
DA:17,0
DA:23,0
DA:28,0
DA:29,0
DA:31,0
DA:36,0
DA:37,0
DA:38,0
DA:40,0
DA:41,0
DA:42,0
DA:45,0
DA:56,0
DA:57,0
DA:58,0
DA:63,0
DA:64,0
DA:65,0
DA:70,0
DA:75,0
DA:76,0
DA:85,0
DA:90,0
DA:91,0
DA:93,0
DA:94,0
DA:99,0
DA:106,0
DA:111,0
DA:112,0
DA:121,0
DA:126,0
DA:127,0
DA:129,0
DA:130,0
DA:136,0
DA:137,0
DA:138,0
DA:139,0
DA:145,0
DA:146,0
DA:150,0
DA:153,0
DA:160,0
DA:165,0
DA:166,0
DA:175,0
DA:180,0
DA:181,0
DA:183,0
DA:184,0
DA:190,0
DA:191,0
DA:192,0
DA:193,0
DA:199,0
DA:201,0
DA:208,0
DA:213,0
DA:214,0
DA:223,0
DA:228,0
DA:229,0
DA:231,0
DA:236,0
DA:243,0
DA:244,0
DA:245,0
DA:250,0
DA:255,0
DA:256,0
DA:265,0
DA:270,0
DA:271,0
DA:273,0
DA:274,0
DA:279,0
DA:286,0
DA:291,0
DA:292,0
DA:301,0
DA:306,0
DA:307,0
DA:308,0
DA:309,0
DA:310,0
DA:313,0
DA:314,0
DA:316,0
DA:319,0
DA:324,0
DA:325,0
DA:334,0
DA:339,0
DA:340,0
DA:342,0
DA:343,0
DA:349,0
DA:350,0
DA:351,0
DA:352,0
DA:358,0
DA:364,0
DA:365,0
DA:367,0
DA:374,0
DA:379,0
DA:380,0
DA:389,0
DA:394,0
DA:395,0
DA:397,0
DA:398,0
DA:404,0
DA:405,0
DA:406,0
DA:407,0
DA:409,0
DA:413,0
DA:415,0
DA:422,0
DA:427,0
DA:428,0
LF:133
LH:0
BRDA:16,0,0,0
BRDA:16,0,1,0
BRDA:145,1,0,0
BRDA:145,1,1,0
BRDA:148,2,0,0
BRDA:148,2,1,0
BRDA:308,3,0,0
BRDA:308,3,1,0
BRDA:313,4,0,0
BRDA:313,4,1,0
BRDA:313,5,0,0
BRDA:313,5,1,0
BRDA:362,6,0,0
BRDA:362,6,1,0
BRF:14
BRH:0
end_of_record
TN:
SF:src\functions\adminTableData.js
FN:11,(anonymous_0)
FN:66,(anonymous_1)
FN:67,(anonymous_2)
FN:73,(anonymous_3)
FN:74,(anonymous_4)
FN:101,(anonymous_5)
FNF:6
FNH:0
FNDA:0,(anonymous_0)
FNDA:0,(anonymous_1)
FNDA:0,(anonymous_2)
FNDA:0,(anonymous_3)
FNDA:0,(anonymous_4)
FNDA:0,(anonymous_5)
DA:1,0
DA:2,0
DA:4,0
DA:7,0
DA:12,0
DA:13,0
DA:16,0
DA:17,0
DA:18,0
DA:24,0
DA:29,0
DA:31,0
DA:32,0
DA:34,0
DA:35,0
DA:37,0
DA:40,0
DA:41,0
DA:43,0
DA:46,0
DA:50,0
DA:51,0
DA:61,0
DA:65,0
DA:66,0
DA:67,0
DA:71,0
DA:72,0
DA:73,0
DA:74,0
DA:77,0
DA:87,0
DA:88,0
DA:97,0
DA:102,0
DA:103,0
DA:106,0
DA:107,0
DA:108,0
DA:114,0
DA:119,0
DA:121,0
DA:126,0
DA:127,0
LF:44
LH:0
BRDA:17,0,0,0
BRDA:17,0,1,0
BRDA:37,1,0,0
BRDA:37,1,1,0
BRDA:37,2,0,0
BRDA:37,2,1,0
BRDA:40,3,0,0
BRDA:40,3,1,0
BRDA:50,4,0,0
BRDA:50,4,1,0
BRDA:107,5,0,0
BRDA:107,5,1,0
BRF:12
BRH:0
end_of_record
TN:
SF:src\functions\confirmPayment.js
FN:12,(anonymous_0)
FN:94,generateErrorPage
FNF:2
FNH:0
FNDA:0,(anonymous_0)
FNDA:0,generateErrorPage
DA:1,0
DA:2,0
DA:3,0
DA:4,0
DA:5,0
DA:6,0
DA:8,0
DA:13,0
DA:15,0
DA:16,0
DA:18,0
DA:19,0
DA:27,0
DA:28,0
DA:29,0
DA:37,0
DA:38,0
DA:39,0
DA:47,0
DA:48,0
DA:49,0
DA:57,0
DA:61,0
DA:64,0
DA:67,0
DA:68,0
DA:69,0
DA:74,0
DA:77,0
DA:84,0
DA:85,0
DA:95,0
LF:32
LH:0
BRDA:18,0,0,0
BRDA:18,0,1,0
BRDA:28,1,0,0
BRDA:28,1,1,0
BRDA:38,2,0,0
BRDA:38,2,1,0
BRDA:47,3,0,0
BRDA:47,3,1,0
BRDA:48,4,0,0
BRDA:48,4,1,0
BRDA:64,5,0,0
BRDA:64,5,1,0
BRDA:67,6,0,0
BRDA:67,6,1,0
BRF:14
BRH:0
end_of_record
TN:
SF:src\functions\createBooking.js
FN:15,(anonymous_0)
FN:149,(anonymous_1)
FN:166,(anonymous_2)
FNF:3
FNH:1
FNDA:4,(anonymous_0)
FNDA:0,(anonymous_1)
FNDA:0,(anonymous_2)
DA:1,1
DA:2,1
DA:3,1
DA:4,1
DA:5,1
DA:6,1
DA:7,1
DA:8,1
DA:9,1
DA:11,1
DA:16,4
DA:18,4
DA:19,4
DA:20,4
DA:23,4
DA:24,4
DA:31,0
DA:32,0
DA:33,0
DA:34,0
DA:46,0
DA:47,0
DA:48,0
DA:61,0
DA:62,0
DA:63,0
DA:75,0
DA:76,0
DA:79,0
DA:80,0
DA:81,0
DA:84,0
DA:85,0
DA:87,0
DA:108,0
DA:109,0
DA:110,0
DA:111,0
DA:114,0
DA:115,0
DA:116,0
DA:117,0
DA:119,0
DA:123,0
DA:124,0
DA:127,0
DA:138,0
DA:139,0
DA:144,0
DA:150,0
DA:151,0
DA:153,0
DA:158,0
DA:162,0
DA:163,0
DA:167,0
DA:168,0
DA:170,0
DA:174,0
DA:177,0
DA:187,0
DA:188,0
LF:62
LH:16
BRDA:20,0,0,4
BRDA:20,1,0,4
BRDA:23,2,0,4
BRDA:23,2,1,0
BRDA:23,3,0,4
BRDA:23,3,1,3
BRDA:23,3,2,2
BRDA:23,3,3,1
BRDA:23,3,4,1
BRDA:33,4,0,0
BRDA:33,4,1,0
BRDA:33,5,0,0
BRDA:33,5,1,0
BRDA:47,6,0,0
BRDA:47,6,1,0
BRDA:62,7,0,0
BRDA:62,7,1,0
BRDA:76,8,0,0
BRDA:76,8,1,0
BRDA:81,9,0,0
BRDA:81,9,1,0
BRDA:84,10,0,0
BRDA:84,10,1,0
BRDA:85,11,0,0
BRDA:85,11,1,0
BRDA:92,12,0,0
BRDA:92,12,1,0
BRDA:123,13,0,0
BRDA:123,13,1,0
BRDA:139,14,0,0
BRDA:139,14,1,0
BRDA:150,15,0,0
BRDA:150,15,1,0
BRDA:167,16,0,0
BRDA:167,16,1,0
BRF:35
BRH:8
end_of_record
TN:
SF:src\functions\getAvailability.js
FN:22,getServiceSettings
FN:96,generateSlotsFromSchedule
FN:114,getScheduleSettings
FN:134,getBlockedDates
FN:145,getVacationPeriods
FN:156,isDateInVacation
FN:157,(anonymous_6)
FN:161,getBookedSlots
FN:196,(anonymous_8)
FN:219,(anonymous_9)
FN:258,(anonymous_10)
FN:263,(anonymous_11)
FN:350,(anonymous_12)
FN:355,(anonymous_13)
FNF:14
FNH:11
FNDA:4,getServiceSettings
FNDA:64,generateSlotsFromSchedule
FNDA:4,getScheduleSettings
FNDA:4,getBlockedDates
FNDA:4,getVacationPeriods
FNDA:64,isDateInVacation
FNDA:0,(anonymous_6)
FNDA:4,getBookedSlots
FNDA:4,(anonymous_8)
FNDA:0,(anonymous_9)
FNDA:567,(anonymous_10)
FNDA:9,(anonymous_11)
FNDA:9,(anonymous_12)
FNDA:0,(anonymous_13)
DA:1,1
DA:2,1
DA:3,1
DA:4,1
DA:6,1
DA:7,1
DA:8,1
DA:9,1
DA:10,1
DA:13,1
DA:14,1
DA:15,1
DA:24,4
DA:25,4
DA:26,0
DA:29,4
DA:30,4
DA:31,4
DA:33,4
DA:35,0
DA:36,0
DA:49,0
DA:50,0
DA:52,0
DA:55,4
DA:88,1
DA:93,1
DA:97,64
DA:98,64
DA:99,0
DA:102,64
DA:103,64
DA:104,64
DA:106,64
DA:107,576
DA:110,64
DA:115,4
DA:116,4
DA:117,4
DA:118,0
DA:121,4
DA:135,4
DA:136,4
DA:137,4
DA:138,0
DA:140,4
DA:146,4
DA:147,4
DA:148,4
DA:149,0
DA:151,4
DA:157,64
DA:162,4
DA:164,4
DA:165,4
DA:168,4
DA:170,0
DA:171,0
DA:174,0
DA:177,0
DA:178,0
DA:179,0
DA:181,0
DA:186,4
DA:189,4
DA:192,1
DA:197,4
DA:198,4
DA:199,4
DA:200,4
DA:201,4
DA:202,4
DA:205,4
DA:206,4
DA:207,4
DA:210,4
DA:219,4
DA:221,4
DA:223,1
DA:225,1
DA:226,91
DA:227,91
DA:228,91
DA:229,91
DA:230,91
DA:233,91
DA:234,26
DA:238,65
DA:239,65
DA:240,2
DA:244,63
DA:245,0
DA:249,63
DA:250,0
DA:254,63
DA:257,63
DA:258,567
DA:261,63
DA:262,1
DA:263,1
DA:264,9
DA:265,9
DA:270,63
DA:271,62
DA:275,1
DA:286,3
DA:287,3
DA:288,3
DA:291,3
DA:292,1
DA:305,2
DA:306,2
DA:307,1
DA:320,1
DA:321,0
DA:334,1
DA:335,0
DA:348,1
DA:349,1
DA:350,9
DA:353,1
DA:354,0
DA:355,0
DA:356,0
DA:357,0
DA:361,1
DA:372,0
DA:373,0
LF:128
LH:101
BRDA:25,0,0,0
BRDA:25,0,1,4
BRDA:25,1,0,4
BRDA:25,1,1,0
BRDA:25,1,2,0
BRDA:35,2,0,0
BRDA:35,2,1,0
BRDA:35,3,0,0
BRDA:35,3,1,0
BRDA:98,4,0,0
BRDA:98,4,1,64
BRDA:98,5,0,64
BRDA:98,5,1,64
BRDA:157,6,0,0
BRDA:157,6,1,0
BRDA:170,7,0,0
BRDA:170,7,1,0
BRDA:177,8,0,0
BRDA:177,8,1,0
BRDA:177,9,0,0
BRDA:177,9,1,0
BRDA:178,10,0,0
BRDA:178,10,1,0
BRDA:221,11,0,1
BRDA:221,11,1,3
BRDA:233,12,0,26
BRDA:233,12,1,65
BRDA:233,13,0,91
BRDA:233,13,1,91
BRDA:239,14,0,2
BRDA:239,14,1,63
BRDA:244,15,0,0
BRDA:244,15,1,63
BRDA:249,16,0,0
BRDA:249,16,1,63
BRDA:257,17,0,63
BRDA:257,17,1,63
BRDA:261,18,0,1
BRDA:261,18,1,62
BRDA:270,19,0,62
BRDA:270,19,1,1
BRDA:291,20,0,1
BRDA:291,20,1,2
BRDA:291,21,0,3
BRDA:291,21,1,2
BRDA:306,22,0,1
BRDA:306,22,1,1
BRDA:320,23,0,0
BRDA:320,23,1,1
BRDA:334,24,0,0
BRDA:334,24,1,1
BRDA:349,25,0,1
BRDA:349,25,1,1
BRDA:353,26,0,0
BRDA:353,26,1,1
BRF:55
BRH:32
end_of_record
TN:
SF:src\functions\health.js
FN:7,(anonymous_0)
FNF:1
FNH:1
FNDA:2,(anonymous_0)
DA:1,1
DA:3,1
DA:8,2
LF:3
LH:3
BRF:0
BRH:0
end_of_record
TN:
SF:src\services\bookingRepository.js
FN:18,getTableClient
FN:38,saveBooking
FN:67,getBooking
FN:88,updateBooking
FN:96,generateBookingId
FN:106,generatePaymentToken
FN:117,verifyPaymentToken
FN:126,isUsingAzureStorage
FN:136,isSlotBooked
FN:167,getAllInMemoryBookings
FNF:10
FNH:8
FNDA:13,getTableClient
FNDA:7,saveBooking
FNDA:6,getBooking
FNDA:2,updateBooking
FNDA:1009,generateBookingId
FNDA:14,generatePaymentToken
FNDA:15,verifyPaymentToken
FNDA:2,isUsingAzureStorage
FNDA:0,isSlotBooked
FNDA:0,getAllInMemoryBookings
DA:6,19
DA:8,19
DA:9,19
DA:10,19
DA:12,19
DA:13,19
DA:19,13
DA:20,0
DA:21,0
DA:22,0
DA:25,0
DA:26,0
DA:30,13
DA:39,7
DA:41,7
DA:42,0
DA:48,0
DA:49,0
DA:50,0
DA:52,7
DA:56,7
DA:57,7
DA:58,7
DA:68,6
DA:70,6
DA:71,0
DA:74,0
DA:75,0
DA:77,0
DA:79,6
DA:89,2
DA:97,1009
DA:107,14
DA:118,15
DA:119,15
DA:127,2
DA:137,0
DA:139,0
DA:141,0
DA:145,0
DA:147,0
DA:148,0
DA:151,0
DA:154,0
DA:155,0
DA:156,0
DA:159,0
DA:168,0
DA:171,19
LF:49
LH:24
BRDA:13,0,0,0
BRDA:13,0,1,19
BRDA:19,1,0,0
BRDA:19,1,1,13
BRDA:19,2,0,13
BRDA:19,2,1,13
BRDA:25,3,0,0
BRDA:25,3,1,0
BRDA:41,4,0,0
BRDA:41,4,1,7
BRDA:46,5,0,0
BRDA:46,5,1,0
BRDA:54,6,0,7
BRDA:54,6,1,7
BRDA:70,7,0,0
BRDA:70,7,1,6
BRDA:79,8,0,6
BRDA:79,8,1,2
BRDA:139,9,0,0
BRDA:139,9,1,0
BRDA:147,10,0,0
BRDA:147,10,1,0
BRDA:147,11,0,0
BRDA:147,11,1,0
BRDA:155,12,0,0
BRDA:155,12,1,0
BRDA:155,13,0,0
BRDA:155,13,1,0
BRDA:155,13,2,0
BRF:29
BRH:10
end_of_record
TN:
SF:src\services\emailService.js
FN:15,getResendClient
FN:32,sendEmail
FN:74,sendClientConfirmation
FN:89,sendAdminNotification
FN:105,sendPaymentConfirmation
FN:117,isConfigured
FNF:6
FNH:6
FNDA:4,getResendClient
FNDA:4,sendEmail
FNDA:2,sendClientConfirmation
FNDA:1,sendAdminNotification
FNDA:1,sendPaymentConfirmation
FNDA:3,isConfigured
DA:6,9
DA:7,9
DA:9,9
DA:16,4
DA:17,4
DA:18,4
DA:20,4
DA:33,4
DA:35,4
DA:36,0
DA:37,0
DA:40,4
DA:41,4
DA:42,4
DA:43,4
DA:44,4
DA:45,4
DA:47,4
DA:55,4
DA:56,4
DA:58,0
DA:59,0
DA:60,0
DA:62,0
DA:75,2
DA:90,1
DA:91,1
DA:106,1
DA:118,3
DA:121,9
LF:30
LH:24
BRDA:17,0,0,4
BRDA:17,0,1,0
BRDA:17,1,0,4
BRDA:17,1,1,4
BRDA:32,2,0,2
BRDA:35,3,0,0
BRDA:35,3,1,4
BRDA:59,4,0,0
BRDA:59,4,1,0
BRDA:74,5,0,0
BRDA:90,6,0,1
BRDA:90,6,1,0
BRF:12
BRH:6
end_of_record
TN:
SF:src\services\featureFlags.js
FN:19,isFeatureEnabled
FN:24,(anonymous_1)
FN:46,(anonymous_2)
FN:63,(anonymous_3)
FN:109,(anonymous_4)
FN:184,(anonymous_5)
FN:256,(anonymous_6)
FNF:7
FNH:0
FNDA:0,isFeatureEnabled
FNDA:0,(anonymous_1)
FNDA:0,(anonymous_2)
FNDA:0,(anonymous_3)
FNDA:0,(anonymous_4)
FNDA:0,(anonymous_5)
FNDA:0,(anonymous_6)
DA:1,0
DA:2,0
DA:4,0
DA:5,0
DA:6,0
DA:9,0
DA:10,0
DA:11,0
DA:20,0
DA:23,0
DA:24,0
DA:25,0
DA:29,0
DA:30,0
DA:31,0
DA:33,0
DA:34,0
DA:35,0
DA:43,0
DA:44,0
DA:46,0
DA:47,0
DA:50,0
DA:51,0
DA:59,0
DA:64,0
DA:65,0
DA:66,0
DA:68,0
DA:69,0
DA:70,0
DA:81,0
DA:86,0
DA:87,0
DA:105,0
DA:110,0
DA:111,0
DA:112,0
DA:114,0
DA:115,0
DA:124,0
DA:128,0
DA:129,0
DA:131,0
DA:134,0
DA:136,0
DA:148,0
DA:151,0
DA:152,0
DA:154,0
DA:167,0
DA:168,0
DA:180,0
DA:185,0
DA:186,0
DA:187,0
DA:189,0
DA:237,0
DA:238,0
DA:239,0
DA:240,0
DA:241,0
DA:243,0
DA:244,0
DA:246,0
DA:251,0
DA:256,0
DA:264,0
DA:265,0
DA:273,0
LF:70
LH:0
BRDA:23,0,0,0
BRDA:23,0,1,0
BRDA:23,1,0,0
BRDA:23,1,1,0
BRDA:23,1,2,0
BRDA:25,2,0,0
BRDA:25,2,1,0
BRDA:34,3,0,0
BRDA:34,3,1,0
BRDA:47,4,0,0
BRDA:47,4,1,0
BRDA:69,5,0,0
BRDA:69,5,1,0
BRDA:114,6,0,0
BRDA:114,6,1,0
BRDA:141,7,0,0
BRDA:141,7,1,0
BRDA:144,8,0,0
BRDA:144,8,1,0
BRDA:243,9,0,0
BRDA:243,9,1,0
BRF:21
BRH:0
end_of_record
TN:
SF:src\services\latvianHolidays.js
FN:26,calculateEasterSunday
FN:50,getEasterHolidays
FN:73,getLatvianHolidays
FN:97,(anonymous_3)
FN:107,formatDate
FN:119,isLatvianHoliday
FN:124,(anonymous_6)
FN:142,getHolidaysInRange
FN:153,(anonymous_8)
FNF:9
FNH:7
FNDA:76,calculateEasterSunday
FNDA:76,getEasterHolidays
FNDA:76,getLatvianHolidays
FNDA:1596,(anonymous_3)
FNDA:988,formatDate
FNDA:76,isLatvianHoliday
FNDA:932,(anonymous_6)
FNDA:0,getHolidaysInRange
FNDA:0,(anonymous_8)
DA:8,3
DA:27,76
DA:28,76
DA:29,76
DA:30,76
DA:31,76
DA:32,76
DA:33,76
DA:34,76
DA:35,76
DA:36,76
DA:37,76
DA:38,76
DA:39,76
DA:40,76
DA:42,76
DA:51,76
DA:54,76
DA:55,76
DA:58,76
DA:59,76
DA:61,76
DA:74,76
DA:77,76
DA:78,760
DA:79,760
DA:87,76
DA:88,76
DA:89,228
DA:97,1596
DA:99,76
DA:108,988
DA:109,988
DA:110,988
DA:111,988
DA:120,76
DA:121,76
DA:122,76
DA:124,932
DA:125,76
DA:126,5
DA:133,71
DA:143,0
DA:144,0
DA:145,0
DA:146,0
DA:148,0
DA:149,0
DA:150,0
DA:153,0
DA:156,3
LF:51
LH:43
BRDA:125,0,0,5
BRDA:125,0,1,71
BRDA:153,1,0,0
BRDA:153,1,1,0
BRF:4
BRH:2
end_of_record
TN:
SF:src\services\pdfService.js
FN:20,loadFonts
FN:60,generateInvoicePDF
FNF:2
FNH:2
FNDA:10,loadFonts
FNDA:10,generateInvoicePDF
DA:6,2
DA:7,2
DA:8,2
DA:9,2
DA:10,2
DA:13,2
DA:14,2
DA:15,2
DA:21,10
DA:22,1
DA:23,1
DA:24,1
DA:25,1
DA:27,1
DA:28,0
DA:30,1
DA:31,0
DA:34,1
DA:35,1
DA:36,1
DA:38,0
DA:41,10
DA:61,10
DA:62,10
DA:64,10
DA:65,10
DA:66,10
DA:68,10
DA:69,10
DA:72,10
DA:73,10
DA:74,10
DA:75,10
DA:76,10
DA:77,10
DA:78,10
DA:79,10
DA:82,10
DA:83,10
DA:84,10
DA:85,10
DA:87,10
DA:90,10
DA:91,10
DA:94,10
DA:95,10
DA:96,10
DA:97,10
DA:100,10
DA:101,10
DA:102,10
DA:103,10
DA:104,10
DA:105,10
DA:106,10
DA:107,10
DA:110,10
DA:111,10
DA:112,10
DA:113,10
DA:114,10
DA:115,10
DA:116,10
DA:117,10
DA:118,10
DA:119,10
DA:122,10
DA:123,10
DA:124,10
DA:125,10
DA:128,10
DA:129,10
DA:130,10
DA:133,10
DA:134,10
DA:137,10
DA:138,10
DA:139,10
DA:140,10
DA:143,10
DA:144,9
DA:145,9
DA:146,9
DA:147,9
DA:148,9
DA:149,9
DA:150,9
DA:151,9
DA:155,10
DA:156,2
DA:157,2
DA:158,2
DA:159,2
DA:163,10
DA:164,10
DA:165,10
DA:167,10
DA:170,2
LF:98
LH:95
BRDA:21,0,0,1
BRDA:21,0,1,9
BRDA:27,1,0,0
BRDA:27,1,1,1
BRDA:30,2,0,0
BRDA:30,2,1,1
BRDA:106,3,0,10
BRDA:106,3,1,1
BRDA:129,4,0,9
BRDA:129,4,1,1
BRDA:139,5,0,9
BRDA:139,5,1,1
BRDA:143,6,0,9
BRDA:143,6,1,1
BRDA:155,7,0,2
BRDA:155,7,1,8
BRDA:158,8,0,1
BRDA:158,8,1,1
BRF:18
BRH:16
end_of_record
